{"C:\\Users\\USER\\Documents\\serveurflex - Copie - Copie (3)\\frontend_react\\app\\src\\App.tsx": {"path":"C:\\Users\\USER\\Documents\\serveurflex - Copie - Copie (3)\\frontend_react\\app\\src\\App.tsx","statementMap":{"0":{"start":{"line":10,"column":2},"end":{"line":18,"column":3}}},"fnMap":{"0":{"name":"App","decl":{"start":{"line":8,"column":9},"end":{"line":8,"column":12}},"loc":{"start":{"line":8,"column":15},"end":{"line":19,"column":1}},"line":8}},"branchMap":{},"s":{"0":1},"f":{"0":1},"b":{},"_coverageSchema":"1a1c01bbd47fc00a2c39e90264f33305004495a9","hash":"f750faa4155ef99c1da73c7fbcca921d1e1e4682"}
,"C:\\Users\\USER\\Documents\\serveurflex - Copie - Copie (3)\\frontend_react\\app\\src\\api.ts": {"path":"C:\\Users\\USER\\Documents\\serveurflex - Copie - Copie (3)\\frontend_react\\app\\src\\api.ts","statementMap":{"0":{"start":{"line":4,"column":12},"end":{"line":7,"column":2}},"1":{"start":{"line":10,"column":0},"end":{"line":16,"column":3}},"2":{"start":{"line":11,"column":16},"end":{"line":11,"column":49}},"3":{"start":{"line":12,"column":2},"end":{"line":14,"column":3}},"4":{"start":{"line":13,"column":4},"end":{"line":13,"column":53}},"5":{"start":{"line":15,"column":2},"end":{"line":15,"column":16}}},"fnMap":{"0":{"name":"(anonymous_0)","decl":{"start":{"line":10,"column":29},"end":{"line":10,"column":30}},"loc":{"start":{"line":10,"column":41},"end":{"line":16,"column":1}},"line":10}},"branchMap":{"0":{"loc":{"start":{"line":12,"column":2},"end":{"line":14,"column":3}},"type":"if","locations":[{"start":{"line":12,"column":2},"end":{"line":14,"column":3}},{"start":{},"end":{}}],"line":12}},"s":{"0":0,"1":0,"2":0,"3":0,"4":0,"5":0},"f":{"0":0},"b":{"0":[0,0]}}
,"C:\\Users\\USER\\Documents\\serveurflex - Copie - Copie (3)\\frontend_react\\app\\src\\main.tsx": {"path":"C:\\Users\\USER\\Documents\\serveurflex - Copie - Copie (3)\\frontend_react\\app\\src\\main.tsx","statementMap":{"0":{"start":{"line":11,"column":12},"end":{"line":11,"column":31}},"1":{"start":{"line":14,"column":6},"end":{"line":14,"column":32}},"2":{"start":{"line":18,"column":6},"end":{"line":18,"column":72}},"3":{"start":{"line":22,"column":6},"end":{"line":34,"column":7}},"4":{"start":{"line":23,"column":8},"end":{"line":33,"column":10}},"5":{"start":{"line":35,"column":6},"end":{"line":35,"column":33}},"6":{"start":{"line":38,"column":0},"end":{"line":44,"column":1}}},"fnMap":{"0":{"name":"(anonymous_0)","decl":{"start":{"line":13,"column":4},"end":{"line":13,"column":5}},"loc":{"start":{"line":13,"column":38},"end":{"line":15,"column":5}},"line":13},"1":{"name":"(anonymous_1)","decl":{"start":{"line":17,"column":4},"end":{"line":17,"column":5}},"loc":{"start":{"line":17,"column":64},"end":{"line":19,"column":5}},"line":17},"2":{"name":"(anonymous_2)","decl":{"start":{"line":21,"column":4},"end":{"line":21,"column":5}},"loc":{"start":{"line":21,"column":13},"end":{"line":36,"column":5}},"line":21}},"branchMap":{"0":{"loc":{"start":{"line":22,"column":6},"end":{"line":34,"column":7}},"type":"if","locations":[{"start":{"line":22,"column":6},"end":{"line":34,"column":7}},{"start":{},"end":{}}],"line":22}},"s":{"0":0,"1":0,"2":0,"3":0,"4":0,"5":0,"6":0},"f":{"0":0,"1":0,"2":0},"b":{"0":[0,0]}}
,"C:\\Users\\USER\\Documents\\serveurflex - Copie - Copie (3)\\frontend_react\\app\\src\\vite-env.d.ts": {"path":"C:\\Users\\USER\\Documents\\serveurflex - Copie - Copie (3)\\frontend_react\\app\\src\\vite-env.d.ts","statementMap":{},"fnMap":{},"branchMap":{},"s":{},"f":{},"b":{}}
,"C:\\Users\\USER\\Documents\\serveurflex - Copie - Copie (3)\\frontend_react\\app\\src\\components\\ProtectedRoute.tsx": {"path":"C:\\Users\\USER\\Documents\\serveurflex - Copie - Copie (3)\\frontend_react\\app\\src\\components\\ProtectedRoute.tsx","statementMap":{"0":{"start":{"line":6,"column":23},"end":{"line":18,"column":1}},"1":{"start":{"line":7,"column":28},"end":{"line":7,"column":37}},"2":{"start":{"line":9,"column":2},"end":{"line":11,"column":3}},"3":{"start":{"line":10,"column":4},"end":{"line":10,"column":91}},"4":{"start":{"line":13,"column":2},"end":{"line":15,"column":3}},"5":{"start":{"line":14,"column":4},"end":{"line":14,"column":49}},"6":{"start":{"line":17,"column":2},"end":{"line":17,"column":18}}},"fnMap":{"0":{"name":"(anonymous_0)","decl":{"start":{"line":6,"column":23},"end":{"line":6,"column":24}},"loc":{"start":{"line":6,"column":68},"end":{"line":18,"column":1}},"line":6}},"branchMap":{"0":{"loc":{"start":{"line":9,"column":2},"end":{"line":11,"column":3}},"type":"if","locations":[{"start":{"line":9,"column":2},"end":{"line":11,"column":3}},{"start":{},"end":{}}],"line":9},"1":{"loc":{"start":{"line":13,"column":2},"end":{"line":15,"column":3}},"type":"if","locations":[{"start":{"line":13,"column":2},"end":{"line":15,"column":3}},{"start":{},"end":{}}],"line":13}},"s":{"0":1,"1":0,"2":0,"3":0,"4":0,"5":0,"6":0},"f":{"0":0},"b":{"0":[0,0],"1":[0,0]},"_coverageSchema":"1a1c01bbd47fc00a2c39e90264f33305004495a9","hash":"530a6d976682b7b00850ca30c5bbf1969de3a21c"}
,"C:\\Users\\USER\\Documents\\serveurflex - Copie - Copie (3)\\frontend_react\\app\\src\\components\\alerts\\BasicAlerts.tsx": {"path":"C:\\Users\\USER\\Documents\\serveurflex - Copie - Copie (3)\\frontend_react\\app\\src\\components\\alerts\\BasicAlerts.tsx","statementMap":{"0":{"start":{"line":4,"column":20},"end":{"line":78,"column":1}},"1":{"start":{"line":5,"column":2},"end":{"line":77,"column":3}}},"fnMap":{"0":{"name":"(anonymous_0)","decl":{"start":{"line":4,"column":20},"end":{"line":4,"column":21}},"loc":{"start":{"line":4,"column":26},"end":{"line":78,"column":1}},"line":4}},"branchMap":{},"s":{"0":0,"1":0},"f":{"0":0},"b":{}}
,"C:\\Users\\USER\\Documents\\serveurflex - Copie - Copie (3)\\frontend_react\\app\\src\\components\\dashboard\\BlogCards.tsx": {"path":"C:\\Users\\USER\\Documents\\serveurflex - Copie - Copie (3)\\frontend_react\\app\\src\\components\\dashboard\\BlogCards.tsx","statementMap":{"0":{"start":{"line":16,"column":22},"end":{"line":54,"column":1}},"1":{"start":{"line":56,"column":18},"end":{"line":109,"column":1}},"2":{"start":{"line":57,"column":2},"end":{"line":108,"column":4}},"3":{"start":{"line":61,"column":10},"end":{"line":104,"column":16}}},"fnMap":{"0":{"name":"(anonymous_0)","decl":{"start":{"line":56,"column":18},"end":{"line":56,"column":19}},"loc":{"start":{"line":56,"column":24},"end":{"line":109,"column":1}},"line":56},"1":{"name":"(anonymous_1)","decl":{"start":{"line":60,"column":27},"end":{"line":60,"column":28}},"loc":{"start":{"line":61,"column":10},"end":{"line":104,"column":16}},"line":61}},"branchMap":{},"s":{"0":0,"1":0,"2":0,"3":0},"f":{"0":0,"1":0},"b":{}}
,"C:\\Users\\USER\\Documents\\serveurflex - Copie - Copie (3)\\frontend_react\\app\\src\\components\\dashboard\\ClusterCpuDistribution.tsx": {"path":"C:\\Users\\USER\\Documents\\serveurflex - Copie - Copie (3)\\frontend_react\\app\\src\\components\\dashboard\\ClusterCpuDistribution.tsx","statementMap":{"0":{"start":{"line":7,"column":31},"end":{"line":63,"column":1}},"1":{"start":{"line":8,"column":19},"end":{"line":8,"column":42}},"2":{"start":{"line":9,"column":36},"end":{"line":9,"column":84}},"3":{"start":{"line":10,"column":38},"end":{"line":10,"column":60}},"4":{"start":{"line":12,"column":2},"end":{"line":34,"column":9}},"5":{"start":{"line":13,"column":22},"end":{"line":32,"column":5}},"6":{"start":{"line":14,"column":6},"end":{"line":31,"column":7}},"7":{"start":{"line":15,"column":25},"end":{"line":15,"column":86}},"8":{"start":{"line":16,"column":21},"end":{"line":16,"column":39}},"9":{"start":{"line":18,"column":28},"end":{"line":18,"column":45}},"10":{"start":{"line":19,"column":8},"end":{"line":19,"column":72}},"11":{"start":{"line":21,"column":23},"end":{"line":26,"column":10}},"12":{"start":{"line":22,"column":25},"end":{"line":24,"column":11}},"13":{"start":{"line":23,"column":12},"end":{"line":23,"column":82}},"14":{"start":{"line":25,"column":10},"end":{"line":25,"column":49}},"15":{"start":{"line":28,"column":8},"end":{"line":28,"column":29}},"16":{"start":{"line":30,"column":8},"end":{"line":30,"column":74}},"17":{"start":{"line":33,"column":4},"end":{"line":33,"column":16}},"18":{"start":{"line":36,"column":31},"end":{"line":51,"column":3}},"19":{"start":{"line":48,"column":40},"end":{"line":48,"column":56}},"20":{"start":{"line":53,"column":2},"end":{"line":62,"column":4}}},"fnMap":{"0":{"name":"(anonymous_0)","decl":{"start":{"line":7,"column":31},"end":{"line":7,"column":32}},"loc":{"start":{"line":7,"column":37},"end":{"line":63,"column":1}},"line":7},"1":{"name":"(anonymous_1)","decl":{"start":{"line":12,"column":12},"end":{"line":12,"column":13}},"loc":{"start":{"line":12,"column":18},"end":{"line":34,"column":3}},"line":12},"2":{"name":"(anonymous_2)","decl":{"start":{"line":13,"column":22},"end":{"line":13,"column":23}},"loc":{"start":{"line":13,"column":34},"end":{"line":32,"column":5}},"line":13},"3":{"name":"(anonymous_3)","decl":{"start":{"line":21,"column":39},"end":{"line":21,"column":40}},"loc":{"start":{"line":21,"column":50},"end":{"line":26,"column":9}},"line":21},"4":{"name":"(anonymous_4)","decl":{"start":{"line":22,"column":78},"end":{"line":22,"column":79}},"loc":{"start":{"line":23,"column":12},"end":{"line":23,"column":82}},"line":23},"5":{"name":"(anonymous_5)","decl":{"start":{"line":48,"column":31},"end":{"line":48,"column":32}},"loc":{"start":{"line":48,"column":40},"end":{"line":48,"column":56}},"line":48}},"branchMap":{"0":{"loc":{"start":{"line":23,"column":12},"end":{"line":23,"column":82}},"type":"binary-expr","locations":[{"start":{"line":23,"column":12},"end":{"line":23,"column":77}},{"start":{"line":23,"column":81},"end":{"line":23,"column":82}}],"line":23},"1":{"loc":{"start":{"line":56,"column":7},"end":{"line":60,"column":7}},"type":"cond-expr","locations":[{"start":{"line":57,"column":8},"end":{"line":57,"column":94}},{"start":{"line":59,"column":8},"end":{"line":59,"column":32}}],"line":56}},"s":{"0":0,"1":0,"2":0,"3":0,"4":0,"5":0,"6":0,"7":0,"8":0,"9":0,"10":0,"11":0,"12":0,"13":0,"14":0,"15":0,"16":0,"17":0,"18":0,"19":0,"20":0},"f":{"0":0,"1":0,"2":0,"3":0,"4":0,"5":0},"b":{"0":[0,0],"1":[0,0]}}
,"C:\\Users\\USER\\Documents\\serveurflex - Copie - Copie (3)\\frontend_react\\app\\src\\components\\dashboard\\ClusterCpuUsage.tsx": {"path":"C:\\Users\\USER\\Documents\\serveurflex - Copie - Copie (3)\\frontend_react\\app\\src\\components\\dashboard\\ClusterCpuUsage.tsx","statementMap":{"0":{"start":{"line":13,"column":24},"end":{"line":103,"column":1}},"1":{"start":{"line":14,"column":19},"end":{"line":14,"column":42}},"2":{"start":{"line":16,"column":40},"end":{"line":20,"column":4}},"3":{"start":{"line":22,"column":2},"end":{"line":44,"column":9}},"4":{"start":{"line":23,"column":22},"end":{"line":42,"column":5}},"5":{"start":{"line":24,"column":6},"end":{"line":41,"column":7}},"6":{"start":{"line":25,"column":25},"end":{"line":25,"column":79}},"7":{"start":{"line":26,"column":21},"end":{"line":26,"column":39}},"8":{"start":{"line":28,"column":25},"end":{"line":30,"column":43}},"9":{"start":{"line":29,"column":33},"end":{"line":29,"column":87}},"10":{"start":{"line":30,"column":30},"end":{"line":30,"column":42}},"11":{"start":{"line":31,"column":28},"end":{"line":33,"column":49}},"12":{"start":{"line":32,"column":33},"end":{"line":32,"column":87}},"13":{"start":{"line":33,"column":30},"end":{"line":33,"column":48}},"14":{"start":{"line":35,"column":23},"end":{"line":35,"column":73}},"15":{"start":{"line":37,"column":8},"end":{"line":37,"column":58}},"16":{"start":{"line":39,"column":8},"end":{"line":39,"column":67}},"17":{"start":{"line":40,"column":8},"end":{"line":40,"column":70}},"18":{"start":{"line":43,"column":4},"end":{"line":43,"column":16}},"19":{"start":{"line":46,"column":31},"end":{"line":87,"column":3}},"20":{"start":{"line":85,"column":39},"end":{"line":85,"column":59}},"21":{"start":{"line":89,"column":2},"end":{"line":102,"column":4}}},"fnMap":{"0":{"name":"(anonymous_0)","decl":{"start":{"line":13,"column":24},"end":{"line":13,"column":25}},"loc":{"start":{"line":13,"column":30},"end":{"line":103,"column":1}},"line":13},"1":{"name":"(anonymous_1)","decl":{"start":{"line":22,"column":12},"end":{"line":22,"column":13}},"loc":{"start":{"line":22,"column":18},"end":{"line":44,"column":3}},"line":22},"2":{"name":"(anonymous_2)","decl":{"start":{"line":23,"column":22},"end":{"line":23,"column":23}},"loc":{"start":{"line":23,"column":34},"end":{"line":42,"column":5}},"line":23},"3":{"name":"(anonymous_3)","decl":{"start":{"line":29,"column":18},"end":{"line":29,"column":19}},"loc":{"start":{"line":29,"column":33},"end":{"line":29,"column":87}},"line":29},"4":{"name":"(anonymous_4)","decl":{"start":{"line":30,"column":15},"end":{"line":30,"column":16}},"loc":{"start":{"line":30,"column":30},"end":{"line":30,"column":42}},"line":30},"5":{"name":"(anonymous_5)","decl":{"start":{"line":32,"column":18},"end":{"line":32,"column":19}},"loc":{"start":{"line":32,"column":33},"end":{"line":32,"column":87}},"line":32},"6":{"name":"(anonymous_6)","decl":{"start":{"line":33,"column":15},"end":{"line":33,"column":16}},"loc":{"start":{"line":33,"column":30},"end":{"line":33,"column":48}},"line":33},"7":{"name":"(anonymous_7)","decl":{"start":{"line":85,"column":22},"end":{"line":85,"column":23}},"loc":{"start":{"line":85,"column":39},"end":{"line":85,"column":59}},"line":85}},"branchMap":{"0":{"loc":{"start":{"line":29,"column":33},"end":{"line":29,"column":87}},"type":"binary-expr","locations":[{"start":{"line":29,"column":33},"end":{"line":29,"column":45}},{"start":{"line":29,"column":49},"end":{"line":29,"column":87}}],"line":29},"1":{"loc":{"start":{"line":32,"column":33},"end":{"line":32,"column":87}},"type":"binary-expr","locations":[{"start":{"line":32,"column":33},"end":{"line":32,"column":45}},{"start":{"line":32,"column":49},"end":{"line":32,"column":87}}],"line":32},"2":{"loc":{"start":{"line":95,"column":9},"end":{"line":99,"column":9}},"type":"cond-expr","locations":[{"start":{"line":96,"column":10},"end":{"line":96,"column":104}},{"start":{"line":98,"column":10},"end":{"line":98,"column":34}}],"line":95},"3":{"loc":{"start":{"line":95,"column":9},"end":{"line":95,"column":78}},"type":"binary-expr","locations":[{"start":{"line":95,"column":9},"end":{"line":95,"column":40}},{"start":{"line":95,"column":44},"end":{"line":95,"column":78}}],"line":95}},"s":{"0":0,"1":0,"2":0,"3":0,"4":0,"5":0,"6":0,"7":0,"8":0,"9":0,"10":0,"11":0,"12":0,"13":0,"14":0,"15":0,"16":0,"17":0,"18":0,"19":0,"20":0,"21":0},"f":{"0":0,"1":0,"2":0,"3":0,"4":0,"5":0,"6":0,"7":0},"b":{"0":[0,0],"1":[0,0],"2":[0,0],"3":[0,0]}}
,"C:\\Users\\USER\\Documents\\serveurflex - Copie - Copie (3)\\frontend_react\\app\\src\\components\\dashboard\\EarningReports.tsx": {"path":"C:\\Users\\USER\\Documents\\serveurflex - Copie - Copie (3)\\frontend_react\\app\\src\\components\\dashboard\\EarningReports.tsx","statementMap":{"0":{"start":{"line":7,"column":23},"end":{"line":113,"column":1}},"1":{"start":{"line":8,"column":24},"end":{"line":8,"column":70}},"2":{"start":{"line":10,"column":29},"end":{"line":56,"column":3}},"3":{"start":{"line":57,"column":2},"end":{"line":112,"column":4}},"4":{"start":{"line":66,"column":14},"end":{"line":68,"column":21}},"5":{"start":{"line":72,"column":14},"end":{"line":72,"column":72}},"6":{"start":{"line":79,"column":12},"end":{"line":104,"column":18}},"7":{"start":{"line":94,"column":18},"end":{"line":98,"column":20}}},"fnMap":{"0":{"name":"(anonymous_0)","decl":{"start":{"line":7,"column":23},"end":{"line":7,"column":24}},"loc":{"start":{"line":7,"column":29},"end":{"line":113,"column":1}},"line":7},"1":{"name":"(anonymous_1)","decl":{"start":{"line":65,"column":27},"end":{"line":65,"column":28}},"loc":{"start":{"line":66,"column":14},"end":{"line":68,"column":21}},"line":66},"2":{"name":"(anonymous_2)","decl":{"start":{"line":71,"column":31},"end":{"line":71,"column":32}},"loc":{"start":{"line":71,"column":49},"end":{"line":73,"column":13}},"line":71},"3":{"name":"(anonymous_3)","decl":{"start":{"line":78,"column":34},"end":{"line":78,"column":35}},"loc":{"start":{"line":79,"column":12},"end":{"line":104,"column":18}},"line":79},"4":{"name":"(anonymous_4)","decl":{"start":{"line":93,"column":22},"end":{"line":93,"column":23}},"loc":{"start":{"line":94,"column":18},"end":{"line":98,"column":20}},"line":94}},"branchMap":{},"s":{"0":0,"1":0,"2":0,"3":0,"4":0,"5":0,"6":0,"7":0},"f":{"0":0,"1":0,"2":0,"3":0,"4":0},"b":{}}
,"C:\\Users\\USER\\Documents\\serveurflex - Copie - Copie (3)\\frontend_react\\app\\src\\components\\dashboard\\InfrastructureStats.tsx": {"path":"C:\\Users\\USER\\Documents\\serveurflex - Copie - Copie (3)\\frontend_react\\app\\src\\components\\dashboard\\InfrastructureStats.tsx","statementMap":{"0":{"start":{"line":11,"column":45},"end":{"line":24,"column":1}},"1":{"start":{"line":12,"column":2},"end":{"line":23,"column":4}}},"fnMap":{"0":{"name":"(anonymous_0)","decl":{"start":{"line":11,"column":45},"end":{"line":11,"column":46}},"loc":{"start":{"line":11,"column":59},"end":{"line":24,"column":1}},"line":11}},"branchMap":{},"s":{"0":0,"1":0},"f":{"0":0},"b":{}}
,"C:\\Users\\USER\\Documents\\serveurflex - Copie - Copie (3)\\frontend_react\\app\\src\\components\\dashboard\\OrderTrends.tsx": {"path":"C:\\Users\\USER\\Documents\\serveurflex - Copie - Copie (3)\\frontend_react\\app\\src\\components\\dashboard\\OrderTrends.tsx","statementMap":{"0":{"start":{"line":15,"column":0},"end":{"line":15,"column":96}},"1":{"start":{"line":26,"column":37},"end":{"line":61,"column":1}},"2":{"start":{"line":28,"column":17},"end":{"line":28,"column":73}},"3":{"start":{"line":28,"column":42},"end":{"line":28,"column":72}},"4":{"start":{"line":29,"column":17},"end":{"line":29,"column":41}},"5":{"start":{"line":29,"column":33},"end":{"line":29,"column":40}},"6":{"start":{"line":30,"column":17},"end":{"line":30,"column":41}},"7":{"start":{"line":30,"column":33},"end":{"line":30,"column":40}},"8":{"start":{"line":32,"column":20},"end":{"line":43,"column":3}},"9":{"start":{"line":45,"column":23},"end":{"line":54,"column":3}},"10":{"start":{"line":56,"column":2},"end":{"line":60,"column":4}}},"fnMap":{"0":{"name":"(anonymous_0)","decl":{"start":{"line":26,"column":37},"end":{"line":26,"column":38}},"loc":{"start":{"line":26,"column":51},"end":{"line":61,"column":1}},"line":26},"1":{"name":"(anonymous_1)","decl":{"start":{"line":28,"column":32},"end":{"line":28,"column":33}},"loc":{"start":{"line":28,"column":42},"end":{"line":28,"column":72}},"line":28},"2":{"name":"(anonymous_2)","decl":{"start":{"line":29,"column":28},"end":{"line":29,"column":29}},"loc":{"start":{"line":29,"column":33},"end":{"line":29,"column":40}},"line":29},"3":{"name":"(anonymous_3)","decl":{"start":{"line":30,"column":28},"end":{"line":30,"column":29}},"loc":{"start":{"line":30,"column":33},"end":{"line":30,"column":40}},"line":30}},"branchMap":{},"s":{"0":0,"1":0,"2":0,"3":0,"4":0,"5":0,"6":0,"7":0,"8":0,"9":0,"10":0},"f":{"0":0,"1":0,"2":0,"3":0},"b":{}}
,"C:\\Users\\USER\\Documents\\serveurflex - Copie - Copie (3)\\frontend_react\\app\\src\\components\\dashboard\\PopularProducts.tsx": {"path":"C:\\Users\\USER\\Documents\\serveurflex - Copie - Copie (3)\\frontend_react\\app\\src\\components\\dashboard\\PopularProducts.tsx","statementMap":{"0":{"start":{"line":8,"column":41},"end":{"line":36,"column":1}},"1":{"start":{"line":9,"column":2},"end":{"line":35,"column":4}},"2":{"start":{"line":22,"column":14},"end":{"line":25,"column":19}}},"fnMap":{"0":{"name":"(anonymous_0)","decl":{"start":{"line":8,"column":41},"end":{"line":8,"column":42}},"loc":{"start":{"line":8,"column":59},"end":{"line":36,"column":1}},"line":8},"1":{"name":"(anonymous_1)","decl":{"start":{"line":21,"column":25},"end":{"line":21,"column":26}},"loc":{"start":{"line":22,"column":14},"end":{"line":25,"column":19}},"line":22}},"branchMap":{"0":{"loc":{"start":{"line":20,"column":11},"end":{"line":31,"column":11}},"type":"cond-expr","locations":[{"start":{"line":21,"column":12},"end":{"line":26,"column":14}},{"start":{"line":28,"column":12},"end":{"line":30,"column":17}}],"line":20},"1":{"loc":{"start":{"line":23,"column":50},"end":{"line":23,"column":75}},"type":"binary-expr","locations":[{"start":{"line":23,"column":50},"end":{"line":23,"column":62}},{"start":{"line":23,"column":66},"end":{"line":23,"column":75}}],"line":23}},"s":{"0":0,"1":0,"2":0},"f":{"0":0,"1":0},"b":{"0":[0,0],"1":[0,0]}}
,"C:\\Users\\USER\\Documents\\serveurflex - Copie - Copie (3)\\frontend_react\\app\\src\\components\\dashboard\\ResourceChart.tsx": {"path":"C:\\Users\\USER\\Documents\\serveurflex - Copie - Copie (3)\\frontend_react\\app\\src\\components\\dashboard\\ResourceChart.tsx","statementMap":{"0":{"start":{"line":9,"column":39},"end":{"line":30,"column":1}},"1":{"start":{"line":10,"column":22},"end":{"line":23,"column":3}},"2":{"start":{"line":11,"column":29},"end":{"line":11,"column":39}},"3":{"start":{"line":17,"column":31},"end":{"line":17,"column":41}},"4":{"start":{"line":25,"column":2},"end":{"line":29,"column":4}}},"fnMap":{"0":{"name":"(anonymous_0)","decl":{"start":{"line":9,"column":39},"end":{"line":9,"column":40}},"loc":{"start":{"line":9,"column":53},"end":{"line":30,"column":1}},"line":9},"1":{"name":"(anonymous_1)","decl":{"start":{"line":11,"column":21},"end":{"line":11,"column":22}},"loc":{"start":{"line":11,"column":29},"end":{"line":11,"column":39}},"line":11},"2":{"name":"(anonymous_2)","decl":{"start":{"line":17,"column":23},"end":{"line":17,"column":24}},"loc":{"start":{"line":17,"column":31},"end":{"line":17,"column":41}},"line":17}},"branchMap":{},"s":{"0":0,"1":0,"2":0,"3":0,"4":0},"f":{"0":0,"1":0,"2":0},"b":{}}
,"C:\\Users\\USER\\Documents\\serveurflex - Copie - Copie (3)\\frontend_react\\app\\src\\components\\dashboard\\SalesProfit.tsx": {"path":"C:\\Users\\USER\\Documents\\serveurflex - Copie - Copie (3)\\frontend_react\\app\\src\\components\\dashboard\\SalesProfit.tsx","statementMap":{"0":{"start":{"line":9,"column":37},"end":{"line":67,"column":1}},"1":{"start":{"line":11,"column":20},"end":{"line":11,"column":76}},"2":{"start":{"line":13,"column":22},"end":{"line":60,"column":3}},"3":{"start":{"line":17,"column":36},"end":{"line":17,"column":46}},"4":{"start":{"line":29,"column":42},"end":{"line":29,"column":51}},"5":{"start":{"line":47,"column":40},"end":{"line":47,"column":57}},"6":{"start":{"line":62,"column":2},"end":{"line":66,"column":4}}},"fnMap":{"0":{"name":"(anonymous_0)","decl":{"start":{"line":9,"column":37},"end":{"line":9,"column":38}},"loc":{"start":{"line":9,"column":51},"end":{"line":67,"column":1}},"line":9},"1":{"name":"(anonymous_1)","decl":{"start":{"line":17,"column":28},"end":{"line":17,"column":29}},"loc":{"start":{"line":17,"column":36},"end":{"line":17,"column":46}},"line":17},"2":{"name":"(anonymous_2)","decl":{"start":{"line":29,"column":34},"end":{"line":29,"column":35}},"loc":{"start":{"line":29,"column":42},"end":{"line":29,"column":51}},"line":29},"3":{"name":"(anonymous_3)","decl":{"start":{"line":47,"column":21},"end":{"line":47,"column":22}},"loc":{"start":{"line":47,"column":40},"end":{"line":47,"column":57}},"line":47}},"branchMap":{"0":{"loc":{"start":{"line":11,"column":20},"end":{"line":11,"column":76}},"type":"cond-expr","locations":[{"start":{"line":11,"column":38},"end":{"line":11,"column":42}},{"start":{"line":11,"column":45},"end":{"line":11,"column":76}}],"line":11}},"s":{"0":0,"1":0,"2":0,"3":0,"4":0,"5":0,"6":0},"f":{"0":0,"1":0,"2":0,"3":0},"b":{"0":[0,0]}}
,"C:\\Users\\USER\\Documents\\serveurflex - Copie - Copie (3)\\frontend_react\\app\\src\\components\\dashboard\\ServerCpuUsage.tsx": {"path":"C:\\Users\\USER\\Documents\\serveurflex - Copie - Copie (3)\\frontend_react\\app\\src\\components\\dashboard\\ServerCpuUsage.tsx","statementMap":{"0":{"start":{"line":13,"column":23},"end":{"line":201,"column":1}},"1":{"start":{"line":14,"column":19},"end":{"line":14,"column":42}},"2":{"start":{"line":17,"column":32},"end":{"line":27,"column":4}},"3":{"start":{"line":30,"column":2},"end":{"line":79,"column":9}},"4":{"start":{"line":31,"column":22},"end":{"line":77,"column":5}},"5":{"start":{"line":32,"column":6},"end":{"line":76,"column":7}},"6":{"start":{"line":33,"column":25},"end":{"line":33,"column":78}},"7":{"start":{"line":34,"column":21},"end":{"line":34,"column":39}},"8":{"start":{"line":37,"column":24},"end":{"line":39,"column":42}},"9":{"start":{"line":38,"column":33},"end":{"line":38,"column":82}},"10":{"start":{"line":39,"column":30},"end":{"line":39,"column":41}},"11":{"start":{"line":40,"column":29},"end":{"line":46,"column":12}},"12":{"start":{"line":41,"column":33},"end":{"line":41,"column":82}},"13":{"start":{"line":44,"column":26},"end":{"line":44,"column":69}},"14":{"start":{"line":45,"column":12},"end":{"line":45,"column":44}},"15":{"start":{"line":54,"column":37},"end":{"line":59,"column":9}},"16":{"start":{"line":67,"column":8},"end":{"line":72,"column":11}},"17":{"start":{"line":74,"column":8},"end":{"line":74,"column":59}},"18":{"start":{"line":75,"column":8},"end":{"line":75,"column":66}},"19":{"start":{"line":78,"column":4},"end":{"line":78,"column":16}},"20":{"start":{"line":81,"column":31},"end":{"line":179,"column":3}},"21":{"start":{"line":153,"column":36},"end":{"line":153,"column":56}},"22":{"start":{"line":181,"column":2},"end":{"line":200,"column":4}}},"fnMap":{"0":{"name":"(anonymous_0)","decl":{"start":{"line":13,"column":23},"end":{"line":13,"column":24}},"loc":{"start":{"line":13,"column":29},"end":{"line":201,"column":1}},"line":13},"1":{"name":"(anonymous_1)","decl":{"start":{"line":30,"column":12},"end":{"line":30,"column":13}},"loc":{"start":{"line":30,"column":18},"end":{"line":79,"column":3}},"line":30},"2":{"name":"(anonymous_2)","decl":{"start":{"line":31,"column":22},"end":{"line":31,"column":23}},"loc":{"start":{"line":31,"column":34},"end":{"line":77,"column":5}},"line":31},"3":{"name":"(anonymous_3)","decl":{"start":{"line":38,"column":18},"end":{"line":38,"column":19}},"loc":{"start":{"line":38,"column":33},"end":{"line":38,"column":82}},"line":38},"4":{"name":"(anonymous_4)","decl":{"start":{"line":39,"column":15},"end":{"line":39,"column":16}},"loc":{"start":{"line":39,"column":30},"end":{"line":39,"column":41}},"line":39},"5":{"name":"(anonymous_5)","decl":{"start":{"line":41,"column":18},"end":{"line":41,"column":19}},"loc":{"start":{"line":41,"column":33},"end":{"line":41,"column":82}},"line":41},"6":{"name":"(anonymous_6)","decl":{"start":{"line":42,"column":15},"end":{"line":42,"column":16}},"loc":{"start":{"line":42,"column":30},"end":{"line":46,"column":11}},"line":42},"7":{"name":"(anonymous_7)","decl":{"start":{"line":153,"column":19},"end":{"line":153,"column":20}},"loc":{"start":{"line":153,"column":36},"end":{"line":153,"column":56}},"line":153}},"branchMap":{"0":{"loc":{"start":{"line":38,"column":33},"end":{"line":38,"column":82}},"type":"binary-expr","locations":[{"start":{"line":38,"column":33},"end":{"line":38,"column":44}},{"start":{"line":38,"column":48},"end":{"line":38,"column":82}}],"line":38},"1":{"loc":{"start":{"line":41,"column":33},"end":{"line":41,"column":82}},"type":"binary-expr","locations":[{"start":{"line":41,"column":33},"end":{"line":41,"column":44}},{"start":{"line":41,"column":48},"end":{"line":41,"column":82}}],"line":41},"2":{"loc":{"start":{"line":45,"column":19},"end":{"line":45,"column":43}},"type":"cond-expr","locations":[{"start":{"line":45,"column":34},"end":{"line":45,"column":35}},{"start":{"line":45,"column":38},"end":{"line":45,"column":43}}],"line":45},"3":{"loc":{"start":{"line":187,"column":9},"end":{"line":197,"column":9}},"type":"cond-expr","locations":[{"start":{"line":188,"column":10},"end":{"line":194,"column":12}},{"start":{"line":196,"column":10},"end":{"line":196,"column":34}}],"line":187},"4":{"loc":{"start":{"line":187,"column":9},"end":{"line":187,"column":70}},"type":"binary-expr","locations":[{"start":{"line":187,"column":9},"end":{"line":187,"column":35}},{"start":{"line":187,"column":39},"end":{"line":187,"column":70}}],"line":187}},"s":{"0":0,"1":0,"2":0,"3":0,"4":0,"5":0,"6":0,"7":0,"8":0,"9":0,"10":0,"11":0,"12":0,"13":0,"14":0,"15":0,"16":0,"17":0,"18":0,"19":0,"20":0,"21":0,"22":0},"f":{"0":0,"1":0,"2":0,"3":0,"4":0,"5":0,"6":0,"7":0},"b":{"0":[0,0],"1":[0,0],"2":[0,0],"3":[0,0],"4":[0,0]}}
,"C:\\Users\\USER\\Documents\\serveurflex - Copie - Copie (3)\\frontend_react\\app\\src\\components\\dashboard\\ServerLoadDistribution.tsx": {"path":"C:\\Users\\USER\\Documents\\serveurflex - Copie - Copie (3)\\frontend_react\\app\\src\\components\\dashboard\\ServerLoadDistribution.tsx","statementMap":{"0":{"start":{"line":7,"column":31},"end":{"line":74,"column":1}},"1":{"start":{"line":8,"column":19},"end":{"line":8,"column":42}},"2":{"start":{"line":9,"column":36},"end":{"line":9,"column":84}},"3":{"start":{"line":10,"column":38},"end":{"line":10,"column":60}},"4":{"start":{"line":12,"column":2},"end":{"line":37,"column":9}},"5":{"start":{"line":13,"column":22},"end":{"line":35,"column":5}},"6":{"start":{"line":14,"column":6},"end":{"line":34,"column":7}},"7":{"start":{"line":15,"column":25},"end":{"line":15,"column":86}},"8":{"start":{"line":16,"column":21},"end":{"line":16,"column":39}},"9":{"start":{"line":18,"column":30},"end":{"line":18,"column":78}},"10":{"start":{"line":19,"column":26},"end":{"line":23,"column":9}},"11":{"start":{"line":20,"column":65},"end":{"line":20,"column":95}},"12":{"start":{"line":21,"column":71},"end":{"line":21,"column":106}},"13":{"start":{"line":22,"column":72},"end":{"line":22,"column":103}},"14":{"start":{"line":24,"column":29},"end":{"line":28,"column":9}},"15":{"start":{"line":25,"column":71},"end":{"line":25,"column":101}},"16":{"start":{"line":26,"column":77},"end":{"line":26,"column":112}},"17":{"start":{"line":27,"column":78},"end":{"line":27,"column":109}},"18":{"start":{"line":30,"column":8},"end":{"line":30,"column":54}},"19":{"start":{"line":31,"column":8},"end":{"line":31,"column":37}},"20":{"start":{"line":33,"column":8},"end":{"line":33,"column":74}},"21":{"start":{"line":36,"column":4},"end":{"line":36,"column":16}},"22":{"start":{"line":39,"column":31},"end":{"line":62,"column":3}},"23":{"start":{"line":51,"column":40},"end":{"line":51,"column":56}},"24":{"start":{"line":64,"column":2},"end":{"line":73,"column":4}}},"fnMap":{"0":{"name":"(anonymous_0)","decl":{"start":{"line":7,"column":31},"end":{"line":7,"column":32}},"loc":{"start":{"line":7,"column":37},"end":{"line":74,"column":1}},"line":7},"1":{"name":"(anonymous_1)","decl":{"start":{"line":12,"column":12},"end":{"line":12,"column":13}},"loc":{"start":{"line":12,"column":18},"end":{"line":37,"column":3}},"line":12},"2":{"name":"(anonymous_2)","decl":{"start":{"line":13,"column":22},"end":{"line":13,"column":23}},"loc":{"start":{"line":13,"column":34},"end":{"line":35,"column":5}},"line":13},"3":{"name":"(anonymous_3)","decl":{"start":{"line":20,"column":50},"end":{"line":20,"column":51}},"loc":{"start":{"line":20,"column":65},"end":{"line":20,"column":95}},"line":20},"4":{"name":"(anonymous_4)","decl":{"start":{"line":21,"column":56},"end":{"line":21,"column":57}},"loc":{"start":{"line":21,"column":71},"end":{"line":21,"column":106}},"line":21},"5":{"name":"(anonymous_5)","decl":{"start":{"line":22,"column":57},"end":{"line":22,"column":58}},"loc":{"start":{"line":22,"column":72},"end":{"line":22,"column":103}},"line":22},"6":{"name":"(anonymous_6)","decl":{"start":{"line":25,"column":56},"end":{"line":25,"column":57}},"loc":{"start":{"line":25,"column":71},"end":{"line":25,"column":101}},"line":25},"7":{"name":"(anonymous_7)","decl":{"start":{"line":26,"column":62},"end":{"line":26,"column":63}},"loc":{"start":{"line":26,"column":77},"end":{"line":26,"column":112}},"line":26},"8":{"name":"(anonymous_8)","decl":{"start":{"line":27,"column":63},"end":{"line":27,"column":64}},"loc":{"start":{"line":27,"column":78},"end":{"line":27,"column":109}},"line":27},"9":{"name":"(anonymous_9)","decl":{"start":{"line":51,"column":31},"end":{"line":51,"column":32}},"loc":{"start":{"line":51,"column":40},"end":{"line":51,"column":56}},"line":51}},"branchMap":{"0":{"loc":{"start":{"line":20,"column":36},"end":{"line":20,"column":108}},"type":"binary-expr","locations":[{"start":{"line":20,"column":36},"end":{"line":20,"column":103}},{"start":{"line":20,"column":107},"end":{"line":20,"column":108}}],"line":20},"1":{"loc":{"start":{"line":21,"column":42},"end":{"line":21,"column":119}},"type":"binary-expr","locations":[{"start":{"line":21,"column":42},"end":{"line":21,"column":114}},{"start":{"line":21,"column":118},"end":{"line":21,"column":119}}],"line":21},"2":{"loc":{"start":{"line":22,"column":43},"end":{"line":22,"column":116}},"type":"binary-expr","locations":[{"start":{"line":22,"column":43},"end":{"line":22,"column":111}},{"start":{"line":22,"column":115},"end":{"line":22,"column":116}}],"line":22},"3":{"loc":{"start":{"line":25,"column":39},"end":{"line":25,"column":114}},"type":"binary-expr","locations":[{"start":{"line":25,"column":39},"end":{"line":25,"column":109}},{"start":{"line":25,"column":113},"end":{"line":25,"column":114}}],"line":25},"4":{"loc":{"start":{"line":26,"column":45},"end":{"line":26,"column":125}},"type":"binary-expr","locations":[{"start":{"line":26,"column":45},"end":{"line":26,"column":120}},{"start":{"line":26,"column":124},"end":{"line":26,"column":125}}],"line":26},"5":{"loc":{"start":{"line":27,"column":46},"end":{"line":27,"column":122}},"type":"binary-expr","locations":[{"start":{"line":27,"column":46},"end":{"line":27,"column":117}},{"start":{"line":27,"column":121},"end":{"line":27,"column":122}}],"line":27},"6":{"loc":{"start":{"line":67,"column":7},"end":{"line":71,"column":7}},"type":"cond-expr","locations":[{"start":{"line":68,"column":8},"end":{"line":68,"column":94}},{"start":{"line":70,"column":8},"end":{"line":70,"column":32}}],"line":67}},"s":{"0":0,"1":0,"2":0,"3":0,"4":0,"5":0,"6":0,"7":0,"8":0,"9":0,"10":0,"11":0,"12":0,"13":0,"14":0,"15":0,"16":0,"17":0,"18":0,"19":0,"20":0,"21":0,"22":0,"23":0,"24":0},"f":{"0":0,"1":0,"2":0,"3":0,"4":0,"5":0,"6":0,"7":0,"8":0,"9":0},"b":{"0":[0,0],"1":[0,0],"2":[0,0],"3":[0,0],"4":[0,0],"5":[0,0],"6":[0,0]}}
,"C:\\Users\\USER\\Documents\\serveurflex - Copie - Copie (3)\\frontend_react\\app\\src\\components\\dashboard\\StatsOverview.tsx": {"path":"C:\\Users\\USER\\Documents\\serveurflex - Copie - Copie (3)\\frontend_react\\app\\src\\components\\dashboard\\StatsOverview.tsx","statementMap":{"0":{"start":{"line":15,"column":39},"end":{"line":44,"column":1}},"1":{"start":{"line":16,"column":2},"end":{"line":43,"column":4}}},"fnMap":{"0":{"name":"(anonymous_0)","decl":{"start":{"line":15,"column":39},"end":{"line":15,"column":40}},"loc":{"start":{"line":15,"column":53},"end":{"line":44,"column":1}},"line":15}},"branchMap":{},"s":{"0":0,"1":0},"f":{"0":0},"b":{}}
,"C:\\Users\\USER\\Documents\\serveurflex - Copie - Copie (3)\\frontend_react\\app\\src\\components\\dashboard\\SystemHealthStats.tsx": {"path":"C:\\Users\\USER\\Documents\\serveurflex - Copie - Copie (3)\\frontend_react\\app\\src\\components\\dashboard\\SystemHealthStats.tsx","statementMap":{"0":{"start":{"line":13,"column":43},"end":{"line":44,"column":1}},"1":{"start":{"line":14,"column":22},"end":{"line":34,"column":3}},"2":{"start":{"line":36,"column":2},"end":{"line":43,"column":4}}},"fnMap":{"0":{"name":"(anonymous_0)","decl":{"start":{"line":13,"column":43},"end":{"line":13,"column":44}},"loc":{"start":{"line":13,"column":57},"end":{"line":44,"column":1}},"line":13}},"branchMap":{},"s":{"0":0,"1":0,"2":0},"f":{"0":0},"b":{}}
,"C:\\Users\\USER\\Documents\\serveurflex - Copie - Copie (3)\\frontend_react\\app\\src\\components\\dashboard\\SystemStats.tsx": {"path":"C:\\Users\\USER\\Documents\\serveurflex - Copie - Copie (3)\\frontend_react\\app\\src\\components\\dashboard\\SystemStats.tsx","statementMap":{"0":{"start":{"line":14,"column":37},"end":{"line":23,"column":1}},"1":{"start":{"line":15,"column":2},"end":{"line":22,"column":4}}},"fnMap":{"0":{"name":"(anonymous_0)","decl":{"start":{"line":14,"column":37},"end":{"line":14,"column":38}},"loc":{"start":{"line":14,"column":51},"end":{"line":23,"column":1}},"line":14}},"branchMap":{},"s":{"0":0,"1":0},"f":{"0":0},"b":{}}
,"C:\\Users\\USER\\Documents\\serveurflex - Copie - Copie (3)\\frontend_react\\app\\src\\components\\dashboard\\TotalFollowers.tsx": {"path":"C:\\Users\\USER\\Documents\\serveurflex - Copie - Copie (3)\\frontend_react\\app\\src\\components\\dashboard\\TotalFollowers.tsx","statementMap":{"0":{"start":{"line":7,"column":23},"end":{"line":158,"column":1}},"1":{"start":{"line":8,"column":17},"end":{"line":21,"column":3}},"2":{"start":{"line":23,"column":25},"end":{"line":105,"column":3}},"3":{"start":{"line":106,"column":2},"end":{"line":157,"column":4}},"4":{"start":{"line":121,"column":16},"end":{"line":123,"column":23}},"5":{"start":{"line":127,"column":16},"end":{"line":130,"column":32}}},"fnMap":{"0":{"name":"(anonymous_0)","decl":{"start":{"line":7,"column":23},"end":{"line":7,"column":24}},"loc":{"start":{"line":7,"column":29},"end":{"line":158,"column":1}},"line":7},"1":{"name":"(anonymous_1)","decl":{"start":{"line":120,"column":29},"end":{"line":120,"column":30}},"loc":{"start":{"line":121,"column":16},"end":{"line":123,"column":23}},"line":121},"2":{"name":"(anonymous_2)","decl":{"start":{"line":126,"column":26},"end":{"line":126,"column":27}},"loc":{"start":{"line":127,"column":16},"end":{"line":130,"column":32}},"line":127}},"branchMap":{},"s":{"0":0,"1":0,"2":0,"3":0,"4":0,"5":0},"f":{"0":0,"1":0,"2":0},"b":{}}
,"C:\\Users\\USER\\Documents\\serveurflex - Copie - Copie (3)\\frontend_react\\app\\src\\components\\dashboard\\TotalIncome.tsx": {"path":"C:\\Users\\USER\\Documents\\serveurflex - Copie - Copie (3)\\frontend_react\\app\\src\\components\\dashboard\\TotalIncome.tsx","statementMap":{"0":{"start":{"line":7,"column":20},"end":{"line":123,"column":1}},"1":{"start":{"line":8,"column":17},"end":{"line":21,"column":3}},"2":{"start":{"line":23,"column":25},"end":{"line":70,"column":3}},"3":{"start":{"line":71,"column":2},"end":{"line":122,"column":4}},"4":{"start":{"line":86,"column":16},"end":{"line":88,"column":23}},"5":{"start":{"line":92,"column":16},"end":{"line":95,"column":32}}},"fnMap":{"0":{"name":"(anonymous_0)","decl":{"start":{"line":7,"column":20},"end":{"line":7,"column":21}},"loc":{"start":{"line":7,"column":26},"end":{"line":123,"column":1}},"line":7},"1":{"name":"(anonymous_1)","decl":{"start":{"line":85,"column":29},"end":{"line":85,"column":30}},"loc":{"start":{"line":86,"column":16},"end":{"line":88,"column":23}},"line":86},"2":{"name":"(anonymous_2)","decl":{"start":{"line":91,"column":26},"end":{"line":91,"column":27}},"loc":{"start":{"line":92,"column":16},"end":{"line":95,"column":32}},"line":92}},"branchMap":{},"s":{"0":0,"1":0,"2":0,"3":0,"4":0,"5":0},"f":{"0":0,"1":0,"2":0},"b":{}}
,"C:\\Users\\USER\\Documents\\serveurflex - Copie - Copie (3)\\frontend_react\\app\\src\\components\\dashboard\\VmsPerServer.tsx": {"path":"C:\\Users\\USER\\Documents\\serveurflex - Copie - Copie (3)\\frontend_react\\app\\src\\components\\dashboard\\VmsPerServer.tsx","statementMap":{"0":{"start":{"line":7,"column":21},"end":{"line":166,"column":1}},"1":{"start":{"line":8,"column":19},"end":{"line":8,"column":42}},"2":{"start":{"line":11,"column":30},"end":{"line":17,"column":4}},"3":{"start":{"line":20,"column":2},"end":{"line":44,"column":9}},"4":{"start":{"line":21,"column":22},"end":{"line":42,"column":5}},"5":{"start":{"line":22,"column":6},"end":{"line":41,"column":7}},"6":{"start":{"line":23,"column":25},"end":{"line":23,"column":76}},"7":{"start":{"line":24,"column":21},"end":{"line":24,"column":39}},"8":{"start":{"line":27,"column":24},"end":{"line":29,"column":42}},"9":{"start":{"line":28,"column":33},"end":{"line":28,"column":81}},"10":{"start":{"line":29,"column":30},"end":{"line":29,"column":41}},"11":{"start":{"line":30,"column":25},"end":{"line":32,"column":44}},"12":{"start":{"line":31,"column":33},"end":{"line":31,"column":81}},"13":{"start":{"line":32,"column":30},"end":{"line":32,"column":43}},"14":{"start":{"line":34,"column":8},"end":{"line":37,"column":11}},"15":{"start":{"line":39,"column":8},"end":{"line":39,"column":64}},"16":{"start":{"line":40,"column":8},"end":{"line":40,"column":49}},"17":{"start":{"line":43,"column":4},"end":{"line":43,"column":16}},"18":{"start":{"line":46,"column":31},"end":{"line":144,"column":3}},"19":{"start":{"line":123,"column":36},"end":{"line":123,"column":48}},"20":{"start":{"line":146,"column":2},"end":{"line":165,"column":4}}},"fnMap":{"0":{"name":"(anonymous_0)","decl":{"start":{"line":7,"column":21},"end":{"line":7,"column":22}},"loc":{"start":{"line":7,"column":27},"end":{"line":166,"column":1}},"line":7},"1":{"name":"(anonymous_1)","decl":{"start":{"line":20,"column":12},"end":{"line":20,"column":13}},"loc":{"start":{"line":20,"column":18},"end":{"line":44,"column":3}},"line":20},"2":{"name":"(anonymous_2)","decl":{"start":{"line":21,"column":22},"end":{"line":21,"column":23}},"loc":{"start":{"line":21,"column":34},"end":{"line":42,"column":5}},"line":21},"3":{"name":"(anonymous_3)","decl":{"start":{"line":28,"column":18},"end":{"line":28,"column":19}},"loc":{"start":{"line":28,"column":33},"end":{"line":28,"column":81}},"line":28},"4":{"name":"(anonymous_4)","decl":{"start":{"line":29,"column":15},"end":{"line":29,"column":16}},"loc":{"start":{"line":29,"column":30},"end":{"line":29,"column":41}},"line":29},"5":{"name":"(anonymous_5)","decl":{"start":{"line":31,"column":18},"end":{"line":31,"column":19}},"loc":{"start":{"line":31,"column":33},"end":{"line":31,"column":81}},"line":31},"6":{"name":"(anonymous_6)","decl":{"start":{"line":32,"column":15},"end":{"line":32,"column":16}},"loc":{"start":{"line":32,"column":30},"end":{"line":32,"column":43}},"line":32},"7":{"name":"(anonymous_7)","decl":{"start":{"line":123,"column":19},"end":{"line":123,"column":20}},"loc":{"start":{"line":123,"column":36},"end":{"line":123,"column":48}},"line":123}},"branchMap":{"0":{"loc":{"start":{"line":28,"column":33},"end":{"line":28,"column":81}},"type":"binary-expr","locations":[{"start":{"line":28,"column":33},"end":{"line":28,"column":44}},{"start":{"line":28,"column":48},"end":{"line":28,"column":81}}],"line":28},"1":{"loc":{"start":{"line":31,"column":33},"end":{"line":31,"column":81}},"type":"binary-expr","locations":[{"start":{"line":31,"column":33},"end":{"line":31,"column":44}},{"start":{"line":31,"column":48},"end":{"line":31,"column":81}}],"line":31},"2":{"loc":{"start":{"line":152,"column":9},"end":{"line":162,"column":9}},"type":"cond-expr","locations":[{"start":{"line":153,"column":10},"end":{"line":159,"column":12}},{"start":{"line":161,"column":10},"end":{"line":161,"column":34}}],"line":152},"3":{"loc":{"start":{"line":152,"column":9},"end":{"line":152,"column":64}},"type":"binary-expr","locations":[{"start":{"line":152,"column":9},"end":{"line":152,"column":34}},{"start":{"line":152,"column":38},"end":{"line":152,"column":64}}],"line":152}},"s":{"0":0,"1":0,"2":0,"3":0,"4":0,"5":0,"6":0,"7":0,"8":0,"9":0,"10":0,"11":0,"12":0,"13":0,"14":0,"15":0,"16":0,"17":0,"18":0,"19":0,"20":0},"f":{"0":0,"1":0,"2":0,"3":0,"4":0,"5":0,"6":0,"7":0},"b":{"0":[0,0],"1":[0,0],"2":[0,0],"3":[0,0]}}
,"C:\\Users\\USER\\Documents\\serveurflex - Copie - Copie (3)\\frontend_react\\app\\src\\components\\forms\\BasicForm.tsx": {"path":"C:\\Users\\USER\\Documents\\serveurflex - Copie - Copie (3)\\frontend_react\\app\\src\\components\\forms\\BasicForm.tsx","statementMap":{"0":{"start":{"line":4,"column":18},"end":{"line":93,"column":1}},"1":{"start":{"line":5,"column":2},"end":{"line":92,"column":3}}},"fnMap":{"0":{"name":"(anonymous_0)","decl":{"start":{"line":4,"column":18},"end":{"line":4,"column":19}},"loc":{"start":{"line":4,"column":24},"end":{"line":93,"column":1}},"line":4}},"branchMap":{},"s":{"0":0,"1":0},"f":{"0":0},"b":{}}
,"C:\\Users\\USER\\Documents\\serveurflex - Copie - Copie (3)\\frontend_react\\app\\src\\components\\shadows\\AllShadows.tsx": {"path":"C:\\Users\\USER\\Documents\\serveurflex - Copie - Copie (3)\\frontend_react\\app\\src\\components\\shadows\\AllShadows.tsx","statementMap":{"0":{"start":{"line":3,"column":26},"end":{"line":55,"column":3}},"1":{"start":{"line":4,"column":4},"end":{"line":54,"column":5}}},"fnMap":{"0":{"name":"(anonymous_0)","decl":{"start":{"line":3,"column":26},"end":{"line":3,"column":27}},"loc":{"start":{"line":3,"column":32},"end":{"line":55,"column":3}},"line":3}},"branchMap":{},"s":{"0":0,"1":0},"f":{"0":0},"b":{}}
,"C:\\Users\\USER\\Documents\\serveurflex - Copie - Copie (3)\\frontend_react\\app\\src\\components\\shared\\CardBox.tsx": {"path":"C:\\Users\\USER\\Documents\\serveurflex - Copie - Copie (3)\\frontend_react\\app\\src\\components\\shared\\CardBox.tsx","statementMap":{"0":{"start":{"line":10,"column":38},"end":{"line":19,"column":1}},"1":{"start":{"line":11,"column":2},"end":{"line":17,"column":4}}},"fnMap":{"0":{"name":"(anonymous_0)","decl":{"start":{"line":10,"column":38},"end":{"line":10,"column":39}},"loc":{"start":{"line":10,"column":67},"end":{"line":19,"column":1}},"line":10}},"branchMap":{},"s":{"0":0,"1":0},"f":{"0":0},"b":{}}
,"C:\\Users\\USER\\Documents\\serveurflex - Copie - Copie (3)\\frontend_react\\app\\src\\components\\shared\\OutlineCard.tsx": {"path":"C:\\Users\\USER\\Documents\\serveurflex - Copie - Copie (3)\\frontend_react\\app\\src\\components\\shared\\OutlineCard.tsx","statementMap":{"0":{"start":{"line":10,"column":42},"end":{"line":17,"column":1}},"1":{"start":{"line":13,"column":2},"end":{"line":15,"column":4}}},"fnMap":{"0":{"name":"(anonymous_0)","decl":{"start":{"line":10,"column":42},"end":{"line":10,"column":43}},"loc":{"start":{"line":10,"column":71},"end":{"line":17,"column":1}},"line":10}},"branchMap":{},"s":{"0":0,"1":0},"f":{"0":0},"b":{}}
,"C:\\Users\\USER\\Documents\\serveurflex - Copie - Copie (3)\\frontend_react\\app\\src\\components\\shared\\ScrollToTop.tsx": {"path":"C:\\Users\\USER\\Documents\\serveurflex - Copie - Copie (3)\\frontend_react\\app\\src\\components\\shared\\ScrollToTop.tsx","statementMap":{"0":{"start":{"line":5,"column":23},"end":{"line":5,"column":36}},"1":{"start":{"line":7,"column":2},"end":{"line":13,"column":17}},"2":{"start":{"line":8,"column":4},"end":{"line":12,"column":7}},"3":{"start":{"line":15,"column":2},"end":{"line":15,"column":26}}},"fnMap":{"0":{"name":"ScrollToTop","decl":{"start":{"line":4,"column":24},"end":{"line":4,"column":35}},"loc":{"start":{"line":4,"column":85},"end":{"line":16,"column":1}},"line":4},"1":{"name":"(anonymous_1)","decl":{"start":{"line":7,"column":12},"end":{"line":7,"column":13}},"loc":{"start":{"line":7,"column":18},"end":{"line":13,"column":3}},"line":7}},"branchMap":{"0":{"loc":{"start":{"line":15,"column":9},"end":{"line":15,"column":25}},"type":"binary-expr","locations":[{"start":{"line":15,"column":9},"end":{"line":15,"column":17}},{"start":{"line":15,"column":21},"end":{"line":15,"column":25}}],"line":15}},"s":{"0":0,"1":0,"2":0,"3":0},"f":{"0":0,"1":0},"b":{"0":[0,0]}}
,"C:\\Users\\USER\\Documents\\serveurflex - Copie - Copie (3)\\frontend_react\\app\\src\\components\\shared\\TitleBorderCard.tsx": {"path":"C:\\Users\\USER\\Documents\\serveurflex - Copie - Copie (3)\\frontend_react\\app\\src\\components\\shared\\TitleBorderCard.tsx","statementMap":{"0":{"start":{"line":13,"column":44},"end":{"line":33,"column":1}},"1":{"start":{"line":20,"column":2},"end":{"line":32,"column":4}}},"fnMap":{"0":{"name":"(anonymous_0)","decl":{"start":{"line":13,"column":44},"end":{"line":13,"column":45}},"loc":{"start":{"line":17,"column":6},"end":{"line":33,"column":1}},"line":17}},"branchMap":{},"s":{"0":0,"1":0},"f":{"0":0},"b":{}}
,"C:\\Users\\USER\\Documents\\serveurflex - Copie - Copie (3)\\frontend_react\\app\\src\\components\\shared\\TitleIconCard.tsx": {"path":"C:\\Users\\USER\\Documents\\serveurflex - Copie - Copie (3)\\frontend_react\\app\\src\\components\\shared\\TitleIconCard.tsx","statementMap":{"0":{"start":{"line":14,"column":48},"end":{"line":48,"column":1}},"1":{"start":{"line":22,"column":2},"end":{"line":47,"column":4}}},"fnMap":{"0":{"name":"(anonymous_0)","decl":{"start":{"line":14,"column":48},"end":{"line":14,"column":49}},"loc":{"start":{"line":19,"column":6},"end":{"line":48,"column":1}},"line":19}},"branchMap":{},"s":{"0":0,"1":0},"f":{"0":0},"b":{}}
,"C:\\Users\\USER\\Documents\\serveurflex - Copie - Copie (3)\\frontend_react\\app\\src\\components\\tables\\CommandesTable.tsx": {"path":"C:\\Users\\USER\\Documents\\serveurflex - Copie - Copie (3)\\frontend_react\\app\\src\\components\\tables\\CommandesTable.tsx","statementMap":{"0":{"start":{"line":22,"column":29},"end":{"line":125,"column":1}},"1":{"start":{"line":23,"column":30},"end":{"line":23,"column":51}},"2":{"start":{"line":24,"column":19},"end":{"line":24,"column":32}},"3":{"start":{"line":27,"column":2},"end":{"line":46,"column":9}},"4":{"start":{"line":28,"column":24},"end":{"line":44,"column":5}},"5":{"start":{"line":29,"column":20},"end":{"line":29,"column":49}},"6":{"start":{"line":30,"column":6},"end":{"line":43,"column":7}},"7":{"start":{"line":31,"column":25},"end":{"line":35,"column":10}},"8":{"start":{"line":36,"column":8},"end":{"line":38,"column":9}},"9":{"start":{"line":37,"column":10},"end":{"line":37,"column":68}},"10":{"start":{"line":39,"column":21},"end":{"line":39,"column":42}},"11":{"start":{"line":40,"column":8},"end":{"line":40,"column":24}},"12":{"start":{"line":42,"column":8},"end":{"line":42,"column":29}},"13":{"start":{"line":45,"column":4},"end":{"line":45,"column":18}},"14":{"start":{"line":49,"column":23},"end":{"line":65,"column":3}},"15":{"start":{"line":50,"column":18},"end":{"line":50,"column":47}},"16":{"start":{"line":51,"column":4},"end":{"line":64,"column":5}},"17":{"start":{"line":52,"column":23},"end":{"line":57,"column":8}},"18":{"start":{"line":58,"column":6},"end":{"line":60,"column":7}},"19":{"start":{"line":59,"column":8},"end":{"line":59,"column":66}},"20":{"start":{"line":61,"column":6},"end":{"line":61,"column":58}},"21":{"start":{"line":61,"column":39},"end":{"line":61,"column":55}},"22":{"start":{"line":63,"column":6},"end":{"line":63,"column":27}},"23":{"start":{"line":67,"column":2},"end":{"line":124,"column":4}},"24":{"start":{"line":81,"column":16},"end":{"line":117,"column":28}},"25":{"start":{"line":91,"column":22},"end":{"line":94,"column":29}},"26":{"start":{"line":102,"column":24},"end":{"line":104,"column":31}},"27":{"start":{"line":107,"column":52},"end":{"line":107,"column":95}},"28":{"start":{"line":111,"column":52},"end":{"line":111,"column":75}}},"fnMap":{"0":{"name":"(anonymous_0)","decl":{"start":{"line":22,"column":29},"end":{"line":22,"column":30}},"loc":{"start":{"line":22,"column":35},"end":{"line":125,"column":1}},"line":22},"1":{"name":"(anonymous_1)","decl":{"start":{"line":27,"column":12},"end":{"line":27,"column":13}},"loc":{"start":{"line":27,"column":18},"end":{"line":46,"column":3}},"line":27},"2":{"name":"(anonymous_2)","decl":{"start":{"line":28,"column":24},"end":{"line":28,"column":25}},"loc":{"start":{"line":28,"column":36},"end":{"line":44,"column":5}},"line":28},"3":{"name":"(anonymous_3)","decl":{"start":{"line":49,"column":23},"end":{"line":49,"column":24}},"loc":{"start":{"line":49,"column":45},"end":{"line":65,"column":3}},"line":49},"4":{"name":"(anonymous_4)","decl":{"start":{"line":61,"column":30},"end":{"line":61,"column":31}},"loc":{"start":{"line":61,"column":39},"end":{"line":61,"column":55}},"line":61},"5":{"name":"(anonymous_5)","decl":{"start":{"line":80,"column":26},"end":{"line":80,"column":27}},"loc":{"start":{"line":81,"column":16},"end":{"line":117,"column":28}},"line":81},"6":{"name":"(anonymous_6)","decl":{"start":{"line":90,"column":42},"end":{"line":90,"column":43}},"loc":{"start":{"line":91,"column":22},"end":{"line":94,"column":29}},"line":91},"7":{"name":"(anonymous_7)","decl":{"start":{"line":101,"column":37},"end":{"line":101,"column":38}},"loc":{"start":{"line":102,"column":24},"end":{"line":104,"column":31}},"line":102},"8":{"name":"(anonymous_8)","decl":{"start":{"line":107,"column":46},"end":{"line":107,"column":47}},"loc":{"start":{"line":107,"column":52},"end":{"line":107,"column":95}},"line":107},"9":{"name":"(anonymous_9)","decl":{"start":{"line":111,"column":46},"end":{"line":111,"column":47}},"loc":{"start":{"line":111,"column":52},"end":{"line":111,"column":75}},"line":111}},"branchMap":{"0":{"loc":{"start":{"line":36,"column":8},"end":{"line":38,"column":9}},"type":"if","locations":[{"start":{"line":36,"column":8},"end":{"line":38,"column":9}},{"start":{},"end":{}}],"line":36},"1":{"loc":{"start":{"line":58,"column":6},"end":{"line":60,"column":7}},"type":"if","locations":[{"start":{"line":58,"column":6},"end":{"line":60,"column":7}},{"start":{},"end":{}}],"line":58},"2":{"loc":{"start":{"line":93,"column":25},"end":{"line":93,"column":68}},"type":"binary-expr","locations":[{"start":{"line":93,"column":25},"end":{"line":93,"column":60}},{"start":{"line":93,"column":64},"end":{"line":93,"column":68}}],"line":93}},"s":{"0":0,"1":0,"2":0,"3":0,"4":0,"5":0,"6":0,"7":0,"8":0,"9":0,"10":0,"11":0,"12":0,"13":0,"14":0,"15":0,"16":0,"17":0,"18":0,"19":0,"20":0,"21":0,"22":0,"23":0,"24":0,"25":0,"26":0,"27":0,"28":0},"f":{"0":0,"1":0,"2":0,"3":0,"4":0,"5":0,"6":0,"7":0,"8":0,"9":0},"b":{"0":[0,0],"1":[0,0],"2":[0,0]}}
,"C:\\Users\\USER\\Documents\\serveurflex - Copie - Copie (3)\\frontend_react\\app\\src\\components\\tables\\ProductTable.tsx": {"path":"C:\\Users\\USER\\Documents\\serveurflex - Copie - Copie (3)\\frontend_react\\app\\src\\components\\tables\\ProductTable.tsx","statementMap":{"0":{"start":{"line":15,"column":21},"end":{"line":160,"column":1}},"1":{"start":{"line":16,"column":27},"end":{"line":57,"column":3}},"2":{"start":{"line":60,"column":26},"end":{"line":73,"column":3}},"3":{"start":{"line":75,"column":2},"end":{"line":159,"column":4}},"4":{"start":{"line":91,"column":20},"end":{"line":150,"column":32}},"5":{"start":{"line":136,"column":28},"end":{"line":138,"column":35}},"6":{"start":{"line":142,"column":28},"end":{"line":146,"column":44}}},"fnMap":{"0":{"name":"(anonymous_0)","decl":{"start":{"line":15,"column":21},"end":{"line":15,"column":22}},"loc":{"start":{"line":15,"column":27},"end":{"line":160,"column":1}},"line":15},"1":{"name":"(anonymous_1)","decl":{"start":{"line":90,"column":40},"end":{"line":90,"column":41}},"loc":{"start":{"line":91,"column":20},"end":{"line":150,"column":32}},"line":91},"2":{"name":"(anonymous_2)","decl":{"start":{"line":135,"column":41},"end":{"line":135,"column":42}},"loc":{"start":{"line":136,"column":28},"end":{"line":138,"column":35}},"line":136},"3":{"name":"(anonymous_3)","decl":{"start":{"line":141,"column":47},"end":{"line":141,"column":48}},"loc":{"start":{"line":142,"column":28},"end":{"line":146,"column":44}},"line":142}},"branchMap":{},"s":{"0":0,"1":0,"2":0,"3":0,"4":0,"5":0,"6":0},"f":{"0":0,"1":0,"2":0,"3":0},"b":{}}
,"C:\\Users\\USER\\Documents\\serveurflex - Copie - Copie (3)\\frontend_react\\app\\src\\components\\tables\\RessourceTable.tsx": {"path":"C:\\Users\\USER\\Documents\\serveurflex - Copie - Copie (3)\\frontend_react\\app\\src\\components\\tables\\RessourceTable.tsx","statementMap":{"0":{"start":{"line":21,"column":32},"end":{"line":148,"column":1}},"1":{"start":{"line":22,"column":36},"end":{"line":22,"column":60}},"2":{"start":{"line":23,"column":19},"end":{"line":23,"column":32}},"3":{"start":{"line":26,"column":2},"end":{"line":45,"column":9}},"4":{"start":{"line":27,"column":27},"end":{"line":43,"column":5}},"5":{"start":{"line":28,"column":20},"end":{"line":28,"column":49}},"6":{"start":{"line":29,"column":6},"end":{"line":42,"column":7}},"7":{"start":{"line":30,"column":25},"end":{"line":34,"column":10}},"8":{"start":{"line":35,"column":8},"end":{"line":37,"column":9}},"9":{"start":{"line":36,"column":10},"end":{"line":36,"column":69}},"10":{"start":{"line":38,"column":21},"end":{"line":38,"column":42}},"11":{"start":{"line":39,"column":8},"end":{"line":39,"column":27}},"12":{"start":{"line":41,"column":8},"end":{"line":41,"column":29}},"13":{"start":{"line":44,"column":4},"end":{"line":44,"column":21}},"14":{"start":{"line":48,"column":23},"end":{"line":64,"column":3}},"15":{"start":{"line":49,"column":18},"end":{"line":49,"column":47}},"16":{"start":{"line":50,"column":4},"end":{"line":63,"column":5}},"17":{"start":{"line":51,"column":23},"end":{"line":56,"column":8}},"18":{"start":{"line":57,"column":6},"end":{"line":59,"column":7}},"19":{"start":{"line":58,"column":8},"end":{"line":58,"column":67}},"20":{"start":{"line":60,"column":6},"end":{"line":60,"column":70}},"21":{"start":{"line":60,"column":48},"end":{"line":60,"column":67}},"22":{"start":{"line":62,"column":6},"end":{"line":62,"column":27}},"23":{"start":{"line":66,"column":2},"end":{"line":147,"column":4}},"24":{"start":{"line":85,"column":16},"end":{"line":140,"column":28}},"25":{"start":{"line":125,"column":24},"end":{"line":127,"column":31}},"26":{"start":{"line":130,"column":52},"end":{"line":130,"column":101}},"27":{"start":{"line":134,"column":52},"end":{"line":134,"column":78}}},"fnMap":{"0":{"name":"(anonymous_0)","decl":{"start":{"line":21,"column":32},"end":{"line":21,"column":33}},"loc":{"start":{"line":21,"column":38},"end":{"line":148,"column":1}},"line":21},"1":{"name":"(anonymous_1)","decl":{"start":{"line":26,"column":12},"end":{"line":26,"column":13}},"loc":{"start":{"line":26,"column":18},"end":{"line":45,"column":3}},"line":26},"2":{"name":"(anonymous_2)","decl":{"start":{"line":27,"column":27},"end":{"line":27,"column":28}},"loc":{"start":{"line":27,"column":39},"end":{"line":43,"column":5}},"line":27},"3":{"name":"(anonymous_3)","decl":{"start":{"line":48,"column":23},"end":{"line":48,"column":24}},"loc":{"start":{"line":48,"column":45},"end":{"line":64,"column":3}},"line":48},"4":{"name":"(anonymous_4)","decl":{"start":{"line":60,"column":36},"end":{"line":60,"column":37}},"loc":{"start":{"line":60,"column":48},"end":{"line":60,"column":67}},"line":60},"5":{"name":"(anonymous_5)","decl":{"start":{"line":84,"column":29},"end":{"line":84,"column":30}},"loc":{"start":{"line":85,"column":16},"end":{"line":140,"column":28}},"line":85},"6":{"name":"(anonymous_6)","decl":{"start":{"line":124,"column":37},"end":{"line":124,"column":38}},"loc":{"start":{"line":125,"column":24},"end":{"line":127,"column":31}},"line":125},"7":{"name":"(anonymous_7)","decl":{"start":{"line":130,"column":46},"end":{"line":130,"column":47}},"loc":{"start":{"line":130,"column":52},"end":{"line":130,"column":101}},"line":130},"8":{"name":"(anonymous_8)","decl":{"start":{"line":134,"column":46},"end":{"line":134,"column":47}},"loc":{"start":{"line":134,"column":52},"end":{"line":134,"column":78}},"line":134}},"branchMap":{"0":{"loc":{"start":{"line":35,"column":8},"end":{"line":37,"column":9}},"type":"if","locations":[{"start":{"line":35,"column":8},"end":{"line":37,"column":9}},{"start":{},"end":{}}],"line":35},"1":{"loc":{"start":{"line":57,"column":6},"end":{"line":59,"column":7}},"type":"if","locations":[{"start":{"line":57,"column":6},"end":{"line":59,"column":7}},{"start":{},"end":{}}],"line":57},"2":{"loc":{"start":{"line":89,"column":30},"end":{"line":89,"column":104}},"type":"cond-expr","locations":[{"start":{"line":89,"column":68},"end":{"line":89,"column":80}},{"start":{"line":89,"column":83},"end":{"line":89,"column":104}}],"line":89},"3":{"loc":{"start":{"line":102,"column":29},"end":{"line":102,"column":73}},"type":"cond-expr","locations":[{"start":{"line":102,"column":54},"end":{"line":102,"column":63}},{"start":{"line":102,"column":66},"end":{"line":102,"column":73}}],"line":102},"4":{"loc":{"start":{"line":104,"column":23},"end":{"line":104,"column":79}},"type":"cond-expr","locations":[{"start":{"line":104,"column":48},"end":{"line":104,"column":60}},{"start":{"line":104,"column":63},"end":{"line":104,"column":79}}],"line":104},"5":{"loc":{"start":{"line":110,"column":24},"end":{"line":114,"column":35}},"type":"cond-expr","locations":[{"start":{"line":111,"column":28},"end":{"line":111,"column":37}},{"start":{"line":112,"column":28},"end":{"line":114,"column":35}}],"line":110},"6":{"loc":{"start":{"line":112,"column":28},"end":{"line":114,"column":35}},"type":"cond-expr","locations":[{"start":{"line":113,"column":28},"end":{"line":113,"column":37}},{"start":{"line":114,"column":28},"end":{"line":114,"column":35}}],"line":112}},"s":{"0":0,"1":0,"2":0,"3":0,"4":0,"5":0,"6":0,"7":0,"8":0,"9":0,"10":0,"11":0,"12":0,"13":0,"14":0,"15":0,"16":0,"17":0,"18":0,"19":0,"20":0,"21":0,"22":0,"23":0,"24":0,"25":0,"26":0,"27":0},"f":{"0":0,"1":0,"2":0,"3":0,"4":0,"5":0,"6":0,"7":0,"8":0},"b":{"0":[0,0],"1":[0,0],"2":[0,0],"3":[0,0],"4":[0,0],"5":[0,0],"6":[0,0]}}
,"C:\\Users\\USER\\Documents\\serveurflex - Copie - Copie (3)\\frontend_react\\app\\src\\components\\typography\\BasicTypography.tsx": {"path":"C:\\Users\\USER\\Documents\\serveurflex - Copie - Copie (3)\\frontend_react\\app\\src\\components\\typography\\BasicTypography.tsx","statementMap":{"0":{"start":{"line":3,"column":24},"end":{"line":35,"column":3}},"1":{"start":{"line":4,"column":4},"end":{"line":34,"column":5}}},"fnMap":{"0":{"name":"(anonymous_0)","decl":{"start":{"line":3,"column":24},"end":{"line":3,"column":25}},"loc":{"start":{"line":3,"column":30},"end":{"line":35,"column":3}},"line":3}},"branchMap":{},"s":{"0":0,"1":0},"f":{"0":0},"b":{}}
,"C:\\Users\\USER\\Documents\\serveurflex - Copie - Copie (3)\\frontend_react\\app\\src\\context\\AuthContext.tsx": {"path":"C:\\Users\\USER\\Documents\\serveurflex - Copie - Copie (3)\\frontend_react\\app\\src\\context\\AuthContext.tsx","statementMap":{"0":{"start":{"line":13,"column":27},"end":{"line":13,"column":80}},"1":{"start":{"line":15,"column":28},"end":{"line":79,"column":1}},"2":{"start":{"line":16,"column":26},"end":{"line":16,"column":174}},"3":{"start":{"line":17,"column":32},"end":{"line":17,"column":46}},"4":{"start":{"line":18,"column":19},"end":{"line":18,"column":32}},"5":{"start":{"line":20,"column":2},"end":{"line":48,"column":9}},"6":{"start":{"line":21,"column":27},"end":{"line":46,"column":5}},"7":{"start":{"line":22,"column":20},"end":{"line":22,"column":49}},"8":{"start":{"line":23,"column":6},"end":{"line":23,"column":35}},"9":{"start":{"line":24,"column":6},"end":{"line":44,"column":7}},"10":{"start":{"line":25,"column":8},"end":{"line":43,"column":9}},"11":{"start":{"line":26,"column":31},"end":{"line":26,"column":47}},"12":{"start":{"line":27,"column":10},"end":{"line":27,"column":48}},"13":{"start":{"line":28,"column":10},"end":{"line":37,"column":13}},"14":{"start":{"line":38,"column":10},"end":{"line":38,"column":77}},"15":{"start":{"line":40,"column":10},"end":{"line":40,"column":52}},"16":{"start":{"line":41,"column":10},"end":{"line":41,"column":43}},"17":{"start":{"line":42,"column":10},"end":{"line":42,"column":64}},"18":{"start":{"line":45,"column":6},"end":{"line":45,"column":24}},"19":{"start":{"line":47,"column":4},"end":{"line":47,"column":21}},"20":{"start":{"line":50,"column":16},"end":{"line":65,"column":3}},"21":{"start":{"line":51,"column":4},"end":{"line":51,"column":41}},"22":{"start":{"line":52,"column":25},"end":{"line":52,"column":41}},"23":{"start":{"line":53,"column":4},"end":{"line":53,"column":48}},"24":{"start":{"line":54,"column":4},"end":{"line":63,"column":7}},"25":{"start":{"line":64,"column":4},"end":{"line":64,"column":71}},"26":{"start":{"line":67,"column":17},"end":{"line":72,"column":3}},"27":{"start":{"line":68,"column":4},"end":{"line":68,"column":37}},"28":{"start":{"line":69,"column":4},"end":{"line":69,"column":18}},"29":{"start":{"line":70,"column":4},"end":{"line":70,"column":58}},"30":{"start":{"line":71,"column":4},"end":{"line":71,"column":47}},"31":{"start":{"line":74,"column":2},"end":{"line":78,"column":4}},"32":{"start":{"line":81,"column":23},"end":{"line":87,"column":1}},"33":{"start":{"line":82,"column":18},"end":{"line":82,"column":41}},"34":{"start":{"line":83,"column":2},"end":{"line":85,"column":3}},"35":{"start":{"line":84,"column":4},"end":{"line":84,"column":67}},"36":{"start":{"line":86,"column":2},"end":{"line":86,"column":17}}},"fnMap":{"0":{"name":"(anonymous_0)","decl":{"start":{"line":15,"column":28},"end":{"line":15,"column":29}},"loc":{"start":{"line":15,"column":71},"end":{"line":79,"column":1}},"line":15},"1":{"name":"(anonymous_1)","decl":{"start":{"line":20,"column":12},"end":{"line":20,"column":13}},"loc":{"start":{"line":20,"column":18},"end":{"line":48,"column":3}},"line":20},"2":{"name":"(anonymous_2)","decl":{"start":{"line":21,"column":27},"end":{"line":21,"column":28}},"loc":{"start":{"line":21,"column":39},"end":{"line":46,"column":5}},"line":21},"3":{"name":"(anonymous_3)","decl":{"start":{"line":50,"column":16},"end":{"line":50,"column":17}},"loc":{"start":{"line":50,"column":35},"end":{"line":65,"column":3}},"line":50},"4":{"name":"(anonymous_4)","decl":{"start":{"line":67,"column":17},"end":{"line":67,"column":18}},"loc":{"start":{"line":67,"column":23},"end":{"line":72,"column":3}},"line":67},"5":{"name":"(anonymous_5)","decl":{"start":{"line":81,"column":23},"end":{"line":81,"column":24}},"loc":{"start":{"line":81,"column":29},"end":{"line":87,"column":1}},"line":81}},"branchMap":{"0":{"loc":{"start":{"line":24,"column":6},"end":{"line":44,"column":7}},"type":"if","locations":[{"start":{"line":24,"column":6},"end":{"line":44,"column":7}},{"start":{},"end":{}}],"line":24},"1":{"loc":{"start":{"line":30,"column":18},"end":{"line":30,"column":43}},"type":"binary-expr","locations":[{"start":{"line":30,"column":18},"end":{"line":30,"column":30}},{"start":{"line":30,"column":34},"end":{"line":30,"column":43}}],"line":30},"2":{"loc":{"start":{"line":31,"column":22},"end":{"line":31,"column":46}},"type":"binary-expr","locations":[{"start":{"line":31,"column":22},"end":{"line":31,"column":33}},{"start":{"line":31,"column":37},"end":{"line":31,"column":46}}],"line":31},"3":{"loc":{"start":{"line":32,"column":18},"end":{"line":32,"column":42}},"type":"binary-expr","locations":[{"start":{"line":32,"column":18},"end":{"line":32,"column":30}},{"start":{"line":32,"column":34},"end":{"line":32,"column":42}}],"line":32},"4":{"loc":{"start":{"line":56,"column":12},"end":{"line":56,"column":37}},"type":"binary-expr","locations":[{"start":{"line":56,"column":12},"end":{"line":56,"column":24}},{"start":{"line":56,"column":28},"end":{"line":56,"column":37}}],"line":56},"5":{"loc":{"start":{"line":57,"column":16},"end":{"line":57,"column":40}},"type":"binary-expr","locations":[{"start":{"line":57,"column":16},"end":{"line":57,"column":27}},{"start":{"line":57,"column":31},"end":{"line":57,"column":40}}],"line":57},"6":{"loc":{"start":{"line":58,"column":12},"end":{"line":58,"column":36}},"type":"binary-expr","locations":[{"start":{"line":58,"column":12},"end":{"line":58,"column":24}},{"start":{"line":58,"column":28},"end":{"line":58,"column":36}}],"line":58},"7":{"loc":{"start":{"line":83,"column":2},"end":{"line":85,"column":3}},"type":"if","locations":[{"start":{"line":83,"column":2},"end":{"line":85,"column":3}},{"start":{},"end":{}}],"line":83}},"s":{"0":1,"1":1,"2":2,"3":2,"4":2,"5":2,"6":1,"7":1,"8":1,"9":1,"10":0,"11":0,"12":0,"13":0,"14":0,"15":0,"16":0,"17":0,"18":1,"19":1,"20":2,"21":0,"22":0,"23":0,"24":0,"25":0,"26":2,"27":0,"28":0,"29":0,"30":0,"31":2,"32":1,"33":0,"34":0,"35":0,"36":0},"f":{"0":2,"1":1,"2":1,"3":0,"4":0,"5":0},"b":{"0":[0,1],"1":[0,0],"2":[0,0],"3":[0,0],"4":[0,0],"5":[0,0],"6":[0,0],"7":[0,0]},"_coverageSchema":"1a1c01bbd47fc00a2c39e90264f33305004495a9","hash":"3aed3b667f7969e5051430626e7c2d0a2efc6533"}
,"C:\\Users\\USER\\Documents\\serveurflex - Copie - Copie (3)\\frontend_react\\app\\src\\layouts\\MainLayout.tsx": {"path":"C:\\Users\\USER\\Documents\\serveurflex - Copie - Copie (3)\\frontend_react\\app\\src\\layouts\\MainLayout.tsx","statementMap":{"0":{"start":{"line":11,"column":19},"end":{"line":184,"column":1}},"1":{"start":{"line":12,"column":27},"end":{"line":12,"column":36}},"2":{"start":{"line":13,"column":19},"end":{"line":13,"column":32}},"3":{"start":{"line":15,"column":2},"end":{"line":183,"column":4}},"4":{"start":{"line":31,"column":16},"end":{"line":31,"column":94}},"5":{"start":{"line":39,"column":16},"end":{"line":39,"column":94}},"6":{"start":{"line":47,"column":16},"end":{"line":47,"column":94}},"7":{"start":{"line":57,"column":16},"end":{"line":57,"column":94}},"8":{"start":{"line":65,"column":16},"end":{"line":65,"column":94}},"9":{"start":{"line":73,"column":16},"end":{"line":73,"column":94}},"10":{"start":{"line":81,"column":20},"end":{"line":81,"column":98}},"11":{"start":{"line":90,"column":18},"end":{"line":90,"column":96}},"12":{"start":{"line":105,"column":31},"end":{"line":105,"column":39}},"13":{"start":{"line":113,"column":33},"end":{"line":113,"column":56}},"14":{"start":{"line":119,"column":33},"end":{"line":119,"column":59}}},"fnMap":{"0":{"name":"(anonymous_0)","decl":{"start":{"line":11,"column":19},"end":{"line":11,"column":20}},"loc":{"start":{"line":11,"column":54},"end":{"line":184,"column":1}},"line":11},"1":{"name":"(anonymous_1)","decl":{"start":{"line":30,"column":25},"end":{"line":30,"column":26}},"loc":{"start":{"line":31,"column":16},"end":{"line":31,"column":94}},"line":31},"2":{"name":"(anonymous_2)","decl":{"start":{"line":38,"column":25},"end":{"line":38,"column":26}},"loc":{"start":{"line":39,"column":16},"end":{"line":39,"column":94}},"line":39},"3":{"name":"(anonymous_3)","decl":{"start":{"line":46,"column":25},"end":{"line":46,"column":26}},"loc":{"start":{"line":47,"column":16},"end":{"line":47,"column":94}},"line":47},"4":{"name":"(anonymous_4)","decl":{"start":{"line":54,"column":25},"end":{"line":54,"column":26}},"loc":{"start":{"line":57,"column":16},"end":{"line":57,"column":94}},"line":57},"5":{"name":"(anonymous_5)","decl":{"start":{"line":64,"column":25},"end":{"line":64,"column":26}},"loc":{"start":{"line":65,"column":16},"end":{"line":65,"column":94}},"line":65},"6":{"name":"(anonymous_6)","decl":{"start":{"line":72,"column":25},"end":{"line":72,"column":26}},"loc":{"start":{"line":73,"column":16},"end":{"line":73,"column":94}},"line":73},"7":{"name":"(anonymous_7)","decl":{"start":{"line":80,"column":29},"end":{"line":80,"column":30}},"loc":{"start":{"line":81,"column":20},"end":{"line":81,"column":98}},"line":81},"8":{"name":"(anonymous_8)","decl":{"start":{"line":89,"column":27},"end":{"line":89,"column":28}},"loc":{"start":{"line":90,"column":18},"end":{"line":90,"column":96}},"line":90},"9":{"name":"(anonymous_9)","decl":{"start":{"line":105,"column":25},"end":{"line":105,"column":26}},"loc":{"start":{"line":105,"column":31},"end":{"line":105,"column":39}},"line":105},"10":{"name":"(anonymous_10)","decl":{"start":{"line":113,"column":27},"end":{"line":113,"column":28}},"loc":{"start":{"line":113,"column":33},"end":{"line":113,"column":56}},"line":113},"11":{"name":"(anonymous_11)","decl":{"start":{"line":119,"column":27},"end":{"line":119,"column":28}},"loc":{"start":{"line":119,"column":33},"end":{"line":119,"column":59}},"line":119}},"branchMap":{"0":{"loc":{"start":{"line":31,"column":16},"end":{"line":31,"column":94}},"type":"cond-expr","locations":[{"start":{"line":31,"column":27},"end":{"line":31,"column":56}},{"start":{"line":31,"column":59},"end":{"line":31,"column":94}}],"line":31},"1":{"loc":{"start":{"line":39,"column":16},"end":{"line":39,"column":94}},"type":"cond-expr","locations":[{"start":{"line":39,"column":27},"end":{"line":39,"column":56}},{"start":{"line":39,"column":59},"end":{"line":39,"column":94}}],"line":39},"2":{"loc":{"start":{"line":47,"column":16},"end":{"line":47,"column":94}},"type":"cond-expr","locations":[{"start":{"line":47,"column":27},"end":{"line":47,"column":56}},{"start":{"line":47,"column":59},"end":{"line":47,"column":94}}],"line":47},"3":{"loc":{"start":{"line":57,"column":16},"end":{"line":57,"column":94}},"type":"cond-expr","locations":[{"start":{"line":57,"column":27},"end":{"line":57,"column":56}},{"start":{"line":57,"column":59},"end":{"line":57,"column":94}}],"line":57},"4":{"loc":{"start":{"line":65,"column":16},"end":{"line":65,"column":94}},"type":"cond-expr","locations":[{"start":{"line":65,"column":27},"end":{"line":65,"column":56}},{"start":{"line":65,"column":59},"end":{"line":65,"column":94}}],"line":65},"5":{"loc":{"start":{"line":73,"column":16},"end":{"line":73,"column":94}},"type":"cond-expr","locations":[{"start":{"line":73,"column":27},"end":{"line":73,"column":56}},{"start":{"line":73,"column":59},"end":{"line":73,"column":94}}],"line":73},"6":{"loc":{"start":{"line":81,"column":20},"end":{"line":81,"column":98}},"type":"cond-expr","locations":[{"start":{"line":81,"column":31},"end":{"line":81,"column":60}},{"start":{"line":81,"column":63},"end":{"line":81,"column":98}}],"line":81},"7":{"loc":{"start":{"line":86,"column":13},"end":{"line":95,"column":13}},"type":"binary-expr","locations":[{"start":{"line":86,"column":13},"end":{"line":86,"column":17}},{"start":{"line":87,"column":14},"end":{"line":94,"column":24}}],"line":86},"8":{"loc":{"start":{"line":90,"column":18},"end":{"line":90,"column":96}},"type":"cond-expr","locations":[{"start":{"line":90,"column":29},"end":{"line":90,"column":58}},{"start":{"line":90,"column":61},"end":{"line":90,"column":96}}],"line":90},"9":{"loc":{"start":{"line":103,"column":13},"end":{"line":125,"column":13}},"type":"cond-expr","locations":[{"start":{"line":104,"column":14},"end":{"line":109,"column":23}},{"start":{"line":111,"column":14},"end":{"line":124,"column":17}}],"line":103}},"s":{"0":1,"1":2,"2":2,"3":2,"4":2,"5":2,"6":2,"7":2,"8":2,"9":2,"10":2,"11":2,"12":0,"13":0,"14":0},"f":{"0":2,"1":2,"2":2,"3":2,"4":2,"5":2,"6":2,"7":2,"8":2,"9":0,"10":0,"11":0},"b":{"0":[2,0],"1":[0,2],"2":[0,2],"3":[0,2],"4":[0,2],"5":[0,2],"6":[0,2],"7":[2,2],"8":[0,2],"9":[2,0]},"_coverageSchema":"1a1c01bbd47fc00a2c39e90264f33305004495a9","hash":"b4ff064eb7f3c84c3a3c4bcd759530ef25d0c9ee"}
,"C:\\Users\\USER\\Documents\\serveurflex - Copie - Copie (3)\\frontend_react\\app\\src\\layouts\\blank\\BlankLayout.tsx": {"path":"C:\\Users\\USER\\Documents\\serveurflex - Copie - Copie (3)\\frontend_react\\app\\src\\layouts\\blank\\BlankLayout.tsx","statementMap":{"0":{"start":{"line":3,"column":20},"end":{"line":7,"column":1}},"1":{"start":{"line":4,"column":2},"end":{"line":6,"column":5}}},"fnMap":{"0":{"name":"(anonymous_0)","decl":{"start":{"line":3,"column":20},"end":{"line":3,"column":21}},"loc":{"start":{"line":4,"column":2},"end":{"line":6,"column":5}},"line":4}},"branchMap":{},"s":{"0":1,"1":0},"f":{"0":0},"b":{},"_coverageSchema":"1a1c01bbd47fc00a2c39e90264f33305004495a9","hash":"7229ff2bd6495155e3d9234d5b33ce8aaa1bb3fe"}
,"C:\\Users\\USER\\Documents\\serveurflex - Copie - Copie (3)\\frontend_react\\app\\src\\layouts\\full\\FullLayout.tsx": {"path":"C:\\Users\\USER\\Documents\\serveurflex - Copie - Copie (3)\\frontend_react\\app\\src\\layouts\\full\\FullLayout.tsx","statementMap":{"0":{"start":{"line":9,"column":23},"end":{"line":39,"column":1}},"1":{"start":{"line":10,"column":2},"end":{"line":38,"column":4}}},"fnMap":{"0":{"name":"(anonymous_0)","decl":{"start":{"line":9,"column":23},"end":{"line":9,"column":24}},"loc":{"start":{"line":9,"column":29},"end":{"line":39,"column":1}},"line":9}},"branchMap":{},"s":{"0":0,"1":0},"f":{"0":0},"b":{}}
,"C:\\Users\\USER\\Documents\\serveurflex - Copie - Copie (3)\\frontend_react\\app\\src\\layouts\\full\\header\\Header.tsx": {"path":"C:\\Users\\USER\\Documents\\serveurflex - Copie - Copie (3)\\frontend_react\\app\\src\\layouts\\full\\header\\Header.tsx","statementMap":{"0":{"start":{"line":7,"column":15},"end":{"line":55,"column":1}},"1":{"start":{"line":8,"column":34},"end":{"line":8,"column":49}},"2":{"start":{"line":10,"column":2},"end":{"line":21,"column":9}},"3":{"start":{"line":11,"column":25},"end":{"line":17,"column":5}},"4":{"start":{"line":12,"column":6},"end":{"line":16,"column":7}},"5":{"start":{"line":13,"column":8},"end":{"line":13,"column":26}},"6":{"start":{"line":15,"column":8},"end":{"line":15,"column":27}},"7":{"start":{"line":19,"column":4},"end":{"line":19,"column":52}},"8":{"start":{"line":20,"column":4},"end":{"line":20,"column":68}},"9":{"start":{"line":20,"column":17},"end":{"line":20,"column":67}},"10":{"start":{"line":23,"column":30},"end":{"line":23,"column":45}},"11":{"start":{"line":24,"column":22},"end":{"line":24,"column":44}},"12":{"start":{"line":24,"column":28},"end":{"line":24,"column":44}},"13":{"start":{"line":26,"column":2},"end":{"line":54,"column":4}},"14":{"start":{"line":37,"column":29},"end":{"line":37,"column":44}}},"fnMap":{"0":{"name":"(anonymous_0)","decl":{"start":{"line":7,"column":15},"end":{"line":7,"column":16}},"loc":{"start":{"line":7,"column":21},"end":{"line":55,"column":1}},"line":7},"1":{"name":"(anonymous_1)","decl":{"start":{"line":10,"column":12},"end":{"line":10,"column":13}},"loc":{"start":{"line":10,"column":18},"end":{"line":21,"column":3}},"line":10},"2":{"name":"(anonymous_2)","decl":{"start":{"line":11,"column":25},"end":{"line":11,"column":26}},"loc":{"start":{"line":11,"column":31},"end":{"line":17,"column":5}},"line":11},"3":{"name":"(anonymous_3)","decl":{"start":{"line":20,"column":11},"end":{"line":20,"column":12}},"loc":{"start":{"line":20,"column":17},"end":{"line":20,"column":67}},"line":20},"4":{"name":"(anonymous_4)","decl":{"start":{"line":24,"column":22},"end":{"line":24,"column":23}},"loc":{"start":{"line":24,"column":28},"end":{"line":24,"column":44}},"line":24},"5":{"name":"(anonymous_5)","decl":{"start":{"line":37,"column":23},"end":{"line":37,"column":24}},"loc":{"start":{"line":37,"column":29},"end":{"line":37,"column":44}},"line":37}},"branchMap":{"0":{"loc":{"start":{"line":12,"column":6},"end":{"line":16,"column":7}},"type":"if","locations":[{"start":{"line":12,"column":6},"end":{"line":16,"column":7}},{"start":{"line":14,"column":13},"end":{"line":16,"column":7}}],"line":12},"1":{"loc":{"start":{"line":28,"column":39},"end":{"line":28,"column":120}},"type":"cond-expr","locations":[{"start":{"line":28,"column":50},"end":{"line":28,"column":90}},{"start":{"line":28,"column":93},"end":{"line":28,"column":120}}],"line":28}},"s":{"0":0,"1":0,"2":0,"3":0,"4":0,"5":0,"6":0,"7":0,"8":0,"9":0,"10":0,"11":0,"12":0,"13":0,"14":0},"f":{"0":0,"1":0,"2":0,"3":0,"4":0,"5":0},"b":{"0":[0,0],"1":[0,0]}}
,"C:\\Users\\USER\\Documents\\serveurflex - Copie - Copie (3)\\frontend_react\\app\\src\\layouts\\full\\header\\Profile.tsx": {"path":"C:\\Users\\USER\\Documents\\serveurflex - Copie - Copie (3)\\frontend_react\\app\\src\\layouts\\full\\header\\Profile.tsx","statementMap":{"0":{"start":{"line":6,"column":16},"end":{"line":33,"column":1}},"1":{"start":{"line":7,"column":2},"end":{"line":32,"column":4}},"2":{"start":{"line":14,"column":10},"end":{"line":22,"column":17}}},"fnMap":{"0":{"name":"(anonymous_0)","decl":{"start":{"line":6,"column":16},"end":{"line":6,"column":17}},"loc":{"start":{"line":6,"column":22},"end":{"line":33,"column":1}},"line":6},"1":{"name":"(anonymous_1)","decl":{"start":{"line":13,"column":23},"end":{"line":13,"column":24}},"loc":{"start":{"line":14,"column":10},"end":{"line":22,"column":17}},"line":14}},"branchMap":{},"s":{"0":0,"1":0,"2":0},"f":{"0":0,"1":0},"b":{}}
[...]
:80}},"type":"binary-expr","locations":[{"start":{"line":133,"column":23},"end":{"line":133,"column":49}},{"start":{"line":133,"column":53},"end":{"line":133,"column":80}}],"line":133},"23":{"loc":{"start":{"line":135,"column":21},"end":{"line":135,"column":76}},"type":"binary-expr","locations":[{"start":{"line":135,"column":21},"end":{"line":135,"column":34}},{"start":{"line":135,"column":38},"end":{"line":135,"column":45}},{"start":{"line":135,"column":49},"end":{"line":135,"column":76}}],"line":135},"24":{"loc":{"start":{"line":145,"column":21},"end":{"line":145,"column":41}},"type":"binary-expr","locations":[{"start":{"line":145,"column":21},"end":{"line":145,"column":30}},{"start":{"line":145,"column":34},"end":{"line":145,"column":41}}],"line":145},"25":{"loc":{"start":{"line":148,"column":14},"end":{"line":150,"column":15}},"type":"if","locations":[{"start":{"line":148,"column":14},"end":{"line":150,"column":15}},{"start":{},"end":{}}],"line":148},"26":{"loc":{"start":{"line":151,"column":14},"end":{"line":153,"column":15}},"type":"if","locations":[{"start":{"line":151,"column":14},"end":{"line":153,"column":15}},{"start":{},"end":{}}],"line":151},"27":{"loc":{"start":{"line":151,"column":18},"end":{"line":151,"column":121}},"type":"binary-expr","locations":[{"start":{"line":151,"column":18},"end":{"line":151,"column":31}},{"start":{"line":151,"column":35},"end":{"line":151,"column":68}},{"start":{"line":151,"column":72},"end":{"line":151,"column":94}},{"start":{"line":151,"column":98},"end":{"line":151,"column":121}}],"line":151},"28":{"loc":{"start":{"line":152,"column":23},"end":{"line":152,"column":113}},"type":"cond-expr","locations":[{"start":{"line":152,"column":50},"end":{"line":152,"column":67}},{"start":{"line":152,"column":70},"end":{"line":152,"column":113}}],"line":152},"29":{"loc":{"start":{"line":154,"column":14},"end":{"line":157,"column":15}},"type":"if","locations":[{"start":{"line":154,"column":14},"end":{"line":157,"column":15}},{"start":{},"end":{}}],"line":154},"30":{"loc":{"start":{"line":156,"column":23},"end":{"line":156,"column":80}},"type":"binary-expr","locations":[{"start":{"line":156,"column":23},"end":{"line":156,"column":49}},{"start":{"line":156,"column":53},"end":{"line":156,"column":80}}],"line":156},"31":{"loc":{"start":{"line":158,"column":21},"end":{"line":158,"column":76}},"type":"binary-expr","locations":[{"start":{"line":158,"column":21},"end":{"line":158,"column":34}},{"start":{"line":158,"column":38},"end":{"line":158,"column":45}},{"start":{"line":158,"column":49},"end":{"line":158,"column":76}}],"line":158},"32":{"loc":{"start":{"line":168,"column":21},"end":{"line":168,"column":45}},"type":"binary-expr","locations":[{"start":{"line":168,"column":21},"end":{"line":168,"column":30}},{"start":{"line":168,"column":34},"end":{"line":168,"column":45}}],"line":168},"33":{"loc":{"start":{"line":171,"column":14},"end":{"line":173,"column":15}},"type":"if","locations":[{"start":{"line":171,"column":14},"end":{"line":173,"column":15}},{"start":{},"end":{}}],"line":171},"34":{"loc":{"start":{"line":174,"column":14},"end":{"line":176,"column":15}},"type":"if","locations":[{"start":{"line":174,"column":14},"end":{"line":176,"column":15}},{"start":{},"end":{}}],"line":174},"35":{"loc":{"start":{"line":174,"column":18},"end":{"line":174,"column":121}},"type":"binary-expr","locations":[{"start":{"line":174,"column":18},"end":{"line":174,"column":31}},{"start":{"line":174,"column":35},"end":{"line":174,"column":68}},{"start":{"line":174,"column":72},"end":{"line":174,"column":94}},{"start":{"line":174,"column":98},"end":{"line":174,"column":121}}],"line":174},"36":{"loc":{"start":{"line":175,"column":23},"end":{"line":175,"column":113}},"type":"cond-expr","locations":[{"start":{"line":175,"column":50},"end":{"line":175,"column":67}},{"start":{"line":175,"column":70},"end":{"line":175,"column":113}}],"line":175},"37":{"loc":{"start":{"line":177,"column":14},"end":{"line":180,"column":15}},"type":"if","locations":[{"start":{"line":177,"column":14},"end":{"line":180,"column":15}},{"start":{},"end":{}}],"line":177},"38":{"loc":{"start":{"line":179,"column":23},"end":{"line":179,"column":80}},"type":"binary-expr","locations":[{"start":{"line":179,"column":23},"end":{"line":179,"column":49}},{"start":{"line":179,"column":53},"end":{"line":179,"column":80}}],"line":179},"39":{"loc":{"start":{"line":181,"column":21},"end":{"line":181,"column":76}},"type":"binary-expr","locations":[{"start":{"line":181,"column":21},"end":{"line":181,"column":34}},{"start":{"line":181,"column":38},"end":{"line":181,"column":45}},{"start":{"line":181,"column":49},"end":{"line":181,"column":76}}],"line":181},"40":{"loc":{"start":{"line":191,"column":21},"end":{"line":191,"column":44}},"type":"binary-expr","locations":[{"start":{"line":191,"column":21},"end":{"line":191,"column":30}},{"start":{"line":191,"column":34},"end":{"line":191,"column":44}}],"line":191},"41":{"loc":{"start":{"line":194,"column":14},"end":{"line":196,"column":15}},"type":"if","locations":[{"start":{"line":194,"column":14},"end":{"line":196,"column":15}},{"start":{},"end":{}}],"line":194},"42":{"loc":{"start":{"line":197,"column":14},"end":{"line":199,"column":15}},"type":"if","locations":[{"start":{"line":197,"column":14},"end":{"line":199,"column":15}},{"start":{},"end":{}}],"line":197},"43":{"loc":{"start":{"line":197,"column":18},"end":{"line":197,"column":121}},"type":"binary-expr","locations":[{"start":{"line":197,"column":18},"end":{"line":197,"column":31}},{"start":{"line":197,"column":35},"end":{"line":197,"column":68}},{"start":{"line":197,"column":72},"end":{"line":197,"column":94}},{"start":{"line":197,"column":98},"end":{"line":197,"column":121}}],"line":197},"44":{"loc":{"start":{"line":198,"column":23},"end":{"line":198,"column":113}},"type":"cond-expr","locations":[{"start":{"line":198,"column":50},"end":{"line":198,"column":67}},{"start":{"line":198,"column":70},"end":{"line":198,"column":113}}],"line":198},"45":{"loc":{"start":{"line":200,"column":14},"end":{"line":203,"column":15}},"type":"if","locations":[{"start":{"line":200,"column":14},"end":{"line":203,"column":15}},{"start":{},"end":{}}],"line":200},"46":{"loc":{"start":{"line":202,"column":23},"end":{"line":202,"column":80}},"type":"binary-expr","locations":[{"start":{"line":202,"column":23},"end":{"line":202,"column":49}},{"start":{"line":202,"column":53},"end":{"line":202,"column":80}}],"line":202},"47":{"loc":{"start":{"line":204,"column":21},"end":{"line":204,"column":76}},"type":"binary-expr","locations":[{"start":{"line":204,"column":21},"end":{"line":204,"column":34}},{"start":{"line":204,"column":38},"end":{"line":204,"column":45}},{"start":{"line":204,"column":49},"end":{"line":204,"column":76}}],"line":204},"48":{"loc":{"start":{"line":214,"column":21},"end":{"line":214,"column":47}},"type":"binary-expr","locations":[{"start":{"line":214,"column":21},"end":{"line":214,"column":30}},{"start":{"line":214,"column":34},"end":{"line":214,"column":47}}],"line":214},"49":{"loc":{"start":{"line":217,"column":14},"end":{"line":219,"column":15}},"type":"if","locations":[{"start":{"line":217,"column":14},"end":{"line":219,"column":15}},{"start":{},"end":{}}],"line":217},"50":{"loc":{"start":{"line":220,"column":14},"end":{"line":222,"column":15}},"type":"if","locations":[{"start":{"line":220,"column":14},"end":{"line":222,"column":15}},{"start":{},"end":{}}],"line":220},"51":{"loc":{"start":{"line":220,"column":18},"end":{"line":220,"column":121}},"type":"binary-expr","locations":[{"start":{"line":220,"column":18},"end":{"line":220,"column":31}},{"start":{"line":220,"column":35},"end":{"line":220,"column":68}},{"start":{"line":220,"column":72},"end":{"line":220,"column":94}},{"start":{"line":220,"column":98},"end":{"line":220,"column":121}}],"line":220},"52":{"loc":{"start":{"line":221,"column":23},"end":{"line":221,"column":113}},"type":"cond-expr","locations":[{"start":{"line":221,"column":50},"end":{"line":221,"column":67}},{"start":{"line":221,"column":70},"end":{"line":221,"column":113}}],"line":221},"53":{"loc":{"start":{"line":223,"column":14},"end":{"line":226,"column":15}},"type":"if","locations":[{"start":{"line":223,"column":14},"end":{"line":226,"column":15}},{"start":{},"end":{}}],"line":223},"54":{"loc":{"start":{"line":225,"column":23},"end":{"line":225,"column":80}},"type":"binary-expr","locations":[{"start":{"line":225,"column":23},"end":{"line":225,"column":49}},{"start":{"line":225,"column":53},"end":{"line":225,"column":80}}],"line":225},"55":{"loc":{"start":{"line":227,"column":21},"end":{"line":227,"column":76}},"type":"binary-expr","locations":[{"start":{"line":227,"column":21},"end":{"line":227,"column":34}},{"start":{"line":227,"column":38},"end":{"line":227,"column":45}},{"start":{"line":227,"column":49},"end":{"line":227,"column":76}}],"line":227},"56":{"loc":{"start":{"line":237,"column":21},"end":{"line":237,"column":47}},"type":"binary-expr","locations":[{"start":{"line":237,"column":21},"end":{"line":237,"column":30}},{"start":{"line":237,"column":34},"end":{"line":237,"column":47}}],"line":237},"57":{"loc":{"start":{"line":240,"column":14},"end":{"line":242,"column":15}},"type":"if","locations":[{"start":{"line":240,"column":14},"end":{"line":242,"column":15}},{"start":{},"end":{}}],"line":240},"58":{"loc":{"start":{"line":243,"column":14},"end":{"line":245,"column":15}},"type":"if","locations":[{"start":{"line":243,"column":14},"end":{"line":245,"column":15}},{"start":{},"end":{}}],"line":243},"59":{"loc":{"start":{"line":243,"column":18},"end":{"line":243,"column":121}},"type":"binary-expr","locations":[{"start":{"line":243,"column":18},"end":{"line":243,"column":31}},{"start":{"line":243,"column":35},"end":{"line":243,"column":68}},{"start":{"line":243,"column":72},"end":{"line":243,"column":94}},{"start":{"line":243,"column":98},"end":{"line":243,"column":121}}],"line":243},"60":{"loc":{"start":{"line":244,"column":23},"end":{"line":244,"column":113}},"type":"cond-expr","locations":[{"start":{"line":244,"column":50},"end":{"line":244,"column":67}},{"start":{"line":244,"column":70},"end":{"line":244,"column":113}}],"line":244},"61":{"loc":{"start":{"line":246,"column":14},"end":{"line":249,"column":15}},"type":"if","locations":[{"start":{"line":246,"column":14},"end":{"line":249,"column":15}},{"start":{},"end":{}}],"line":246},"62":{"loc":{"start":{"line":248,"column":23},"end":{"line":248,"column":80}},"type":"binary-expr","locations":[{"start":{"line":248,"column":23},"end":{"line":248,"column":49}},{"start":{"line":248,"column":53},"end":{"line":248,"column":80}}],"line":248},"63":{"loc":{"start":{"line":250,"column":21},"end":{"line":250,"column":76}},"type":"binary-expr","locations":[{"start":{"line":250,"column":21},"end":{"line":250,"column":34}},{"start":{"line":250,"column":38},"end":{"line":250,"column":45}},{"start":{"line":250,"column":49},"end":{"line":250,"column":76}}],"line":250},"64":{"loc":{"start":{"line":260,"column":21},"end":{"line":260,"column":43}},"type":"binary-expr","locations":[{"start":{"line":260,"column":21},"end":{"line":260,"column":30}},{"start":{"line":260,"column":34},"end":{"line":260,"column":43}}],"line":260},"65":{"loc":{"start":{"line":263,"column":14},"end":{"line":265,"column":15}},"type":"if","locations":[{"start":{"line":263,"column":14},"end":{"line":265,"column":15}},{"start":{},"end":{}}],"line":263},"66":{"loc":{"start":{"line":266,"column":14},"end":{"line":268,"column":15}},"type":"if","locations":[{"start":{"line":266,"column":14},"end":{"line":268,"column":15}},{"start":{},"end":{}}],"line":266},"67":{"loc":{"start":{"line":266,"column":18},"end":{"line":266,"column":121}},"type":"binary-expr","locations":[{"start":{"line":266,"column":18},"end":{"line":266,"column":31}},{"start":{"line":266,"column":35},"end":{"line":266,"column":68}},{"start":{"line":266,"column":72},"end":{"line":266,"column":94}},{"start":{"line":266,"column":98},"end":{"line":266,"column":121}}],"line":266},"68":{"loc":{"start":{"line":267,"column":23},"end":{"line":267,"column":113}},"type":"cond-expr","locations":[{"start":{"line":267,"column":50},"end":{"line":267,"column":67}},{"start":{"line":267,"column":70},"end":{"line":267,"column":113}}],"line":267},"69":{"loc":{"start":{"line":269,"column":14},"end":{"line":272,"column":15}},"type":"if","locations":[{"start":{"line":269,"column":14},"end":{"line":272,"column":15}},{"start":{},"end":{}}],"line":269},"70":{"loc":{"start":{"line":271,"column":23},"end":{"line":271,"column":80}},"type":"binary-expr","locations":[{"start":{"line":271,"column":23},"end":{"line":271,"column":49}},{"start":{"line":271,"column":53},"end":{"line":271,"column":80}}],"line":271},"71":{"loc":{"start":{"line":273,"column":21},"end":{"line":273,"column":76}},"type":"binary-expr","locations":[{"start":{"line":273,"column":21},"end":{"line":273,"column":34}},{"start":{"line":273,"column":38},"end":{"line":273,"column":45}},{"start":{"line":273,"column":49},"end":{"line":273,"column":76}}],"line":273},"72":{"loc":{"start":{"line":283,"column":21},"end":{"line":283,"column":48}},"type":"binary-expr","locations":[{"start":{"line":283,"column":21},"end":{"line":283,"column":30}},{"start":{"line":283,"column":34},"end":{"line":283,"column":48}}],"line":283},"73":{"loc":{"start":{"line":286,"column":14},"end":{"line":288,"column":15}},"type":"if","locations":[{"start":{"line":286,"column":14},"end":{"line":288,"column":15}},{"start":{},"end":{}}],"line":286},"74":{"loc":{"start":{"line":289,"column":14},"end":{"line":291,"column":15}},"type":"if","locations":[{"start":{"line":289,"column":14},"end":{"line":291,"column":15}},{"start":{},"end":{}}],"line":289},"75":{"loc":{"start":{"line":289,"column":18},"end":{"line":289,"column":121}},"type":"binary-expr","locations":[{"start":{"line":289,"column":18},"end":{"line":289,"column":31}},{"start":{"line":289,"column":35},"end":{"line":289,"column":68}},{"start":{"line":289,"column":72},"end":{"line":289,"column":94}},{"start":{"line":289,"column":98},"end":{"line":289,"column":121}}],"line":289},"76":{"loc":{"start":{"line":290,"column":23},"end":{"line":290,"column":113}},"type":"cond-expr","locations":[{"start":{"line":290,"column":50},"end":{"line":290,"column":67}},{"start":{"line":290,"column":70},"end":{"line":290,"column":113}}],"line":290},"77":{"loc":{"start":{"line":292,"column":14},"end":{"line":295,"column":15}},"type":"if","locations":[{"start":{"line":292,"column":14},"end":{"line":295,"column":15}},{"start":{},"end":{}}],"line":292},"78":{"loc":{"start":{"line":294,"column":23},"end":{"line":294,"column":80}},"type":"binary-expr","locations":[{"start":{"line":294,"column":23},"end":{"line":294,"column":49}},{"start":{"line":294,"column":53},"end":{"line":294,"column":80}}],"line":294},"79":{"loc":{"start":{"line":296,"column":21},"end":{"line":296,"column":76}},"type":"binary-expr","locations":[{"start":{"line":296,"column":21},"end":{"line":296,"column":34}},{"start":{"line":296,"column":38},"end":{"line":296,"column":45}},{"start":{"line":296,"column":49},"end":{"line":296,"column":76}}],"line":296},"80":{"loc":{"start":{"line":352,"column":6},"end":{"line":365,"column":7}},"type":"if","locations":[{"start":{"line":352,"column":6},"end":{"line":365,"column":7}},{"start":{},"end":{}}],"line":352},"81":{"loc":{"start":{"line":380,"column":6},"end":{"line":382,"column":7}},"type":"if","locations":[{"start":{"line":380,"column":6},"end":{"line":382,"column":7}},{"start":{},"end":{}}],"line":380}},"s":{"0":0,"1":0,"2":0,"3":0,"4":0,"5":0,"6":0,"7":0,"8":0,"9":0,"10":0,"11":0,"12":0,"13":0,"14":0,"15":0,"16":0,"17":0,"18":0,"19":0,"20":0,"21":0,"22":0,"23":0,"24":0,"25":0,"26":0,"27":0,"28":0,"29":0,"30":0,"31":0,"32":0,"33":0,"34":0,"35":0,"36":0,"37":0,"38":0,"39":0,"40":0,"41":0,"42":0,"43":0,"44":0,"45":0,"46":0,"47":0,"48":0,"49":0,"50":0,"51":0,"52":0,"53":0,"54":0,"55":0,"56":0,"57":0,"58":0,"59":0,"60":0,"61":0,"62":0,"63":0,"64":0,"65":0,"66":0,"67":0,"68":0,"69":0,"70":0,"71":0,"72":0,"73":0,"74":0,"75":0,"76":0,"77":0,"78":0,"79":0,"80":0,"81":0,"82":0,"83":0,"84":0,"85":0,"86":0,"87":0,"88":0,"89":0,"90":0,"91":0,"92":0,"93":0,"94":0,"95":0,"96":0,"97":0,"98":0,"99":0,"100":0,"101":0,"102":0,"103":0,"104":0,"105":0,"106":0,"107":0,"108":0,"109":0,"110":0,"111":0,"112":0,"113":0,"114":0,"115":0,"116":0,"117":0,"118":0,"119":0,"120":0,"121":0,"122":0,"123":0,"124":0,"125":0,"126":0,"127":0},"f":{"0":0,"1":0,"2":0,"3":0,"4":0,"5":0,"6":0,"7":0,"8":0,"9":0,"10":0,"11":0,"12":0,"13":0,"14":0,"15":0,"16":0,"17":0,"18":0,"19":0,"20":0,"21":0,"22":0,"23":0,"24":0,"25":0,"26":0,"27":0,"28":0,"29":0,"30":0,"31":0,"32":0},"b":{"0":[0,0],"1":[0,0],"2":[0,0],"3":[0,0],"4":[0,0],"5":[0,0],"6":[0,0],"7":[0,0],"8":[0,0],"9":[0,0],"10":[0,0],"11":[0,0,0,0],"12":[0,0],"13":[0,0],"14":[0,0],"15":[0,0,0],"16":[0,0],"17":[0,0],"18":[0,0],"19":[0,0,0,0],"20":[0,0],"21":[0,0],"22":[0,0],"23":[0,0,0],"24":[0,0],"25":[0,0],"26":[0,0],"27":[0,0,0,0],"28":[0,0],"29":[0,0],"30":[0,0],"31":[0,0,0],"32":[0,0],"33":[0,0],"34":[0,0],"35":[0,0,0,0],"36":[0,0],"37":[0,0],"38":[0,0],"39":[0,0,0],"40":[0,0],"41":[0,0],"42":[0,0],"43":[0,0,0,0],"44":[0,0],"45":[0,0],"46":[0,0],"47":[0,0,0],"48":[0,0],"49":[0,0],"50":[0,0],"51":[0,0,0,0],"52":[0,0],"53":[0,0],"54":[0,0],"55":[0,0,0],"56":[0,0],"57":[0,0],"58":[0,0],"59":[0,0,0,0],"60":[0,0],"61":[0,0],"62":[0,0],"63":[0,0,0],"64":[0,0],"65":[0,0],"66":[0,0],"67":[0,0,0,0],"68":[0,0],"69":[0,0],"70":[0,0],"71":[0,0,0],"72":[0,0],"73":[0,0],"74":[0,0],"75":[0,0,0,0],"76":[0,0],"77":[0,0],"78":[0,0],"79":[0,0,0],"80":[0,0],"81":[0,0]}}
,"C:\\Users\\USER\\Documents\\serveurflex - Copie - Copie (3)\\frontend_react\\app\\src\\views\\visualize-graph\\useResizeObserver.ts": {"path":"C:\\Users\\USER\\Documents\\serveurflex - Copie - Copie (3)\\frontend_react\\app\\src\\views\\visualize-graph\\useResizeObserver.ts","statementMap":{"0":{"start":{"line":8,"column":26},"end":{"line":30,"column":1}},"1":{"start":{"line":9,"column":38},"end":{"line":9,"column":87}},"2":{"start":{"line":11,"column":2},"end":{"line":27,"column":12}},"3":{"start":{"line":12,"column":19},"end":{"line":12,"column":30}},"4":{"start":{"line":13,"column":4},"end":{"line":13,"column":24}},"5":{"start":{"line":13,"column":17},"end":{"line":13,"column":24}},"6":{"start":{"line":15,"column":21},"end":{"line":18,"column":6}},"7":{"start":{"line":16,"column":32},"end":{"line":16,"column":54}},"8":{"start":{"line":17,"column":6},"end":{"line":17,"column":39}},"9":{"start":{"line":20,"column":4},"end":{"line":20,"column":29}},"10":{"start":{"line":23,"column":4},"end":{"line":26,"column":6}},"11":{"start":{"line":24,"column":6},"end":{"line":24,"column":33}},"12":{"start":{"line":25,"column":6},"end":{"line":25,"column":28}},"13":{"start":{"line":29,"column":2},"end":{"line":29,"column":20}}},"fnMap":{"0":{"name":"(anonymous_0)","decl":{"start":{"line":8,"column":26},"end":{"line":8,"column":27}},"loc":{"start":{"line":8,"column":84},"end":{"line":30,"column":1}},"line":8},"1":{"name":"(anonymous_1)","decl":{"start":{"line":11,"column":12},"end":{"line":11,"column":13}},"loc":{"start":{"line":11,"column":18},"end":{"line":27,"column":3}},"line":11},"2":{"name":"(anonymous_2)","decl":{"start":{"line":15,"column":40},"end":{"line":15,"column":41}},"loc":{"start":{"line":15,"column":53},"end":{"line":18,"column":5}},"line":15},"3":{"name":"(anonymous_3)","decl":{"start":{"line":23,"column":11},"end":{"line":23,"column":12}},"loc":{"start":{"line":23,"column":17},"end":{"line":26,"column":5}},"line":23}},"branchMap":{"0":{"loc":{"start":{"line":13,"column":4},"end":{"line":13,"column":24}},"type":"if","locations":[{"start":{"line":13,"column":4},"end":{"line":13,"column":24}},{"start":{},"end":{}}],"line":13}},"s":{"0":0,"1":0,"2":0,"3":0,"4":0,"5":0,"6":0,"7":0,"8":0,"9":0,"10":0,"11":0,"12":0,"13":0},"f":{"0":0,"1":0,"2":0,"3":0},"b":{"0":[0,0]}}
}
