TN:
SF:src\App.tsx
FN:8,App
FNF:1
FNH:1
FNDA:1,App
DA:10,1
LF:1
LH:1
BRF:0
BRH:0
end_of_record
TN:
SF:src\api.ts
FN:10,(anonymous_0)
FNF:1
FNH:0
FNDA:0,(anonymous_0)
DA:4,0
DA:10,0
DA:11,0
DA:12,0
DA:13,0
DA:15,0
LF:6
LH:0
BRDA:12,0,0,0
BRDA:12,0,1,0
BRF:2
BRH:0
end_of_record
TN:
SF:src\main.tsx
FN:13,(anonymous_0)
FN:17,(anonymous_1)
FN:21,(anonymous_2)
FNF:3
FNH:0
FNDA:0,(anonymous_0)
FNDA:0,(anonymous_1)
FNDA:0,(anonymous_2)
DA:11,0
DA:14,0
DA:18,0
DA:22,0
DA:23,0
DA:35,0
DA:38,0
LF:7
LH:0
BRDA:22,0,0,0
BRDA:22,0,1,0
BRF:2
BRH:0
end_of_record
TN:
SF:src\vite-env.d.ts
FNF:0
FNH:0
LF:0
LH:0
BRF:0
BRH:0
end_of_record
TN:
SF:src\components\ProtectedRoute.tsx
FN:6,(anonymous_0)
FNF:1
FNH:0
FNDA:0,(anonymous_0)
DA:6,1
DA:7,0
DA:9,0
DA:10,0
DA:13,0
DA:14,0
DA:17,0
LF:7
LH:1
BRDA:9,0,0,0
BRDA:9,0,1,0
BRDA:13,1,0,0
BRDA:13,1,1,0
BRF:4
BRH:0
end_of_record
TN:
SF:src\components\alerts\BasicAlerts.tsx
FN:4,(anonymous_0)
FNF:1
FNH:0
FNDA:0,(anonymous_0)
DA:4,0
DA:5,0
LF:2
LH:0
BRF:0
BRH:0
end_of_record
TN:
SF:src\components\dashboard\BlogCards.tsx
FN:56,(anonymous_0)
FN:60,(anonymous_1)
FNF:2
FNH:0
FNDA:0,(anonymous_0)
FNDA:0,(anonymous_1)
DA:16,0
DA:56,0
DA:57,0
DA:61,0
LF:4
LH:0
BRF:0
BRH:0
end_of_record
TN:
SF:src\components\dashboard\ClusterCpuDistribution.tsx
FN:7,(anonymous_0)
FN:12,(anonymous_1)
FN:13,(anonymous_2)
FN:21,(anonymous_3)
FN:22,(anonymous_4)
FN:48,(anonymous_5)
FNF:6
FNH:0
FNDA:0,(anonymous_0)
FNDA:0,(anonymous_1)
FNDA:0,(anonymous_2)
FNDA:0,(anonymous_3)
FNDA:0,(anonymous_4)
FNDA:0,(anonymous_5)
DA:7,0
DA:8,0
DA:9,0
DA:10,0
DA:12,0
DA:13,0
DA:14,0
DA:15,0
DA:16,0
DA:18,0
DA:19,0
DA:21,0
DA:22,0
DA:23,0
DA:25,0
DA:28,0
DA:30,0
DA:33,0
DA:36,0
DA:48,0
DA:53,0
LF:21
LH:0
BRDA:23,0,0,0
BRDA:23,0,1,0
BRDA:56,1,0,0
BRDA:56,1,1,0
BRF:4
BRH:0
end_of_record
TN:
SF:src\components\dashboard\ClusterCpuUsage.tsx
FN:13,(anonymous_0)
FN:22,(anonymous_1)
FN:23,(anonymous_2)
FN:29,(anonymous_3)
FN:30,(anonymous_4)
FN:32,(anonymous_5)
FN:33,(anonymous_6)
FN:85,(anonymous_7)
FNF:8
FNH:0
FNDA:0,(anonymous_0)
FNDA:0,(anonymous_1)
FNDA:0,(anonymous_2)
FNDA:0,(anonymous_3)
FNDA:0,(anonymous_4)
FNDA:0,(anonymous_5)
FNDA:0,(anonymous_6)
FNDA:0,(anonymous_7)
DA:13,0
DA:14,0
DA:16,0
DA:22,0
DA:23,0
DA:24,0
DA:25,0
DA:26,0
DA:28,0
DA:29,0
DA:30,0
DA:31,0
DA:32,0
DA:33,0
DA:35,0
DA:37,0
DA:39,0
DA:40,0
DA:43,0
DA:46,0
DA:85,0
DA:89,0
LF:22
LH:0
BRDA:29,0,0,0
BRDA:29,0,1,0
BRDA:32,1,0,0
BRDA:32,1,1,0
BRDA:95,2,0,0
BRDA:95,2,1,0
BRDA:95,3,0,0
BRDA:95,3,1,0
BRF:8
BRH:0
end_of_record
TN:
SF:src\components\dashboard\EarningReports.tsx
FN:7,(anonymous_0)
FN:65,(anonymous_1)
FN:71,(anonymous_2)
FN:78,(anonymous_3)
FN:93,(anonymous_4)
FNF:5
FNH:0
FNDA:0,(anonymous_0)
FNDA:0,(anonymous_1)
FNDA:0,(anonymous_2)
FNDA:0,(anonymous_3)
FNDA:0,(anonymous_4)
DA:7,0
DA:8,0
DA:10,0
DA:57,0
DA:66,0
DA:72,0
DA:79,0
DA:94,0
LF:8
LH:0
BRF:0
BRH:0
end_of_record
TN:
SF:src\components\dashboard\InfrastructureStats.tsx
FN:11,(anonymous_0)
FNF:1
FNH:0
FNDA:0,(anonymous_0)
DA:11,0
DA:12,0
LF:2
LH:0
BRF:0
BRH:0
end_of_record
TN:
SF:src\components\dashboard\OrderTrends.tsx
FN:26,(anonymous_0)
FN:28,(anonymous_1)
FN:29,(anonymous_2)
FN:30,(anonymous_3)
FNF:4
FNH:0
FNDA:0,(anonymous_0)
FNDA:0,(anonymous_1)
FNDA:0,(anonymous_2)
FNDA:0,(anonymous_3)
DA:15,0
DA:26,0
DA:28,0
DA:29,0
DA:30,0
DA:32,0
DA:45,0
DA:56,0
LF:8
LH:0
BRF:0
BRH:0
end_of_record
TN:
SF:src\components\dashboard\PopularProducts.tsx
FN:8,(anonymous_0)
FN:21,(anonymous_1)
FNF:2
FNH:0
FNDA:0,(anonymous_0)
FNDA:0,(anonymous_1)
DA:8,0
DA:9,0
DA:22,0
LF:3
LH:0
BRDA:20,0,0,0
BRDA:20,0,1,0
BRDA:23,1,0,0
BRDA:23,1,1,0
BRF:4
BRH:0
end_of_record
TN:
SF:src\components\dashboard\ResourceChart.tsx
FN:9,(anonymous_0)
FN:11,(anonymous_1)
FN:17,(anonymous_2)
FNF:3
FNH:0
FNDA:0,(anonymous_0)
FNDA:0,(anonymous_1)
FNDA:0,(anonymous_2)
DA:9,0
DA:10,0
DA:11,0
DA:17,0
DA:25,0
LF:5
LH:0
BRF:0
BRH:0
end_of_record
TN:
SF:src\components\dashboard\SalesProfit.tsx
FN:9,(anonymous_0)
FN:17,(anonymous_1)
FN:29,(anonymous_2)
FN:47,(anonymous_3)
FNF:4
FNH:0
FNDA:0,(anonymous_0)
FNDA:0,(anonymous_1)
FNDA:0,(anonymous_2)
FNDA:0,(anonymous_3)
DA:9,0
DA:11,0
DA:13,0
DA:17,0
DA:29,0
DA:47,0
DA:62,0
LF:7
LH:0
BRDA:11,0,0,0
BRDA:11,0,1,0
BRF:2
BRH:0
end_of_record
TN:
SF:src\components\dashboard\ServerCpuUsage.tsx
FN:13,(anonymous_0)
FN:30,(anonymous_1)
FN:31,(anonymous_2)
FN:38,(anonymous_3)
FN:39,(anonymous_4)
FN:41,(anonymous_5)
FN:42,(anonymous_6)
FN:153,(anonymous_7)
FNF:8
FNH:0
FNDA:0,(anonymous_0)
FNDA:0,(anonymous_1)
FNDA:0,(anonymous_2)
FNDA:0,(anonymous_3)
FNDA:0,(anonymous_4)
FNDA:0,(anonymous_5)
FNDA:0,(anonymous_6)
FNDA:0,(anonymous_7)
DA:13,0
DA:14,0
DA:17,0
DA:30,0
DA:31,0
DA:32,0
DA:33,0
DA:34,0
DA:37,0
DA:38,0
DA:39,0
DA:40,0
DA:41,0
DA:44,0
DA:45,0
DA:54,0
DA:67,0
DA:74,0
DA:75,0
DA:78,0
DA:81,0
DA:153,0
DA:181,0
LF:23
LH:0
BRDA:38,0,0,0
BRDA:38,0,1,0
BRDA:41,1,0,0
BRDA:41,1,1,0
BRDA:45,2,0,0
BRDA:45,2,1,0
BRDA:187,3,0,0
BRDA:187,3,1,0
BRDA:187,4,0,0
BRDA:187,4,1,0
BRF:10
BRH:0
end_of_record
TN:
SF:src\components\dashboard\ServerLoadDistribution.tsx
FN:7,(anonymous_0)
FN:12,(anonymous_1)
FN:13,(anonymous_2)
FN:20,(anonymous_3)
FN:21,(anonymous_4)
FN:22,(anonymous_5)
FN:25,(anonymous_6)
FN:26,(anonymous_7)
FN:27,(anonymous_8)
FN:51,(anonymous_9)
FNF:10
FNH:0
FNDA:0,(anonymous_0)
FNDA:0,(anonymous_1)
FNDA:0,(anonymous_2)
FNDA:0,(anonymous_3)
FNDA:0,(anonymous_4)
FNDA:0,(anonymous_5)
FNDA:0,(anonymous_6)
FNDA:0,(anonymous_7)
FNDA:0,(anonymous_8)
FNDA:0,(anonymous_9)
DA:7,0
DA:8,0
DA:9,0
DA:10,0
DA:12,0
DA:13,0
DA:14,0
DA:15,0
DA:16,0
DA:18,0
DA:19,0
DA:20,0
DA:21,0
DA:22,0
DA:24,0
DA:25,0
DA:26,0
DA:27,0
DA:30,0
DA:31,0
DA:33,0
DA:36,0
DA:39,0
DA:51,0
DA:64,0
LF:25
LH:0
BRDA:20,0,0,0
BRDA:20,0,1,0
BRDA:21,1,0,0
BRDA:21,1,1,0
BRDA:22,2,0,0
BRDA:22,2,1,0
BRDA:25,3,0,0
BRDA:25,3,1,0
BRDA:26,4,0,0
BRDA:26,4,1,0
BRDA:27,5,0,0
BRDA:27,5,1,0
BRDA:67,6,0,0
BRDA:67,6,1,0
BRF:14
BRH:0
end_of_record
TN:
SF:src\components\dashboard\StatsOverview.tsx
FN:15,(anonymous_0)
FNF:1
FNH:0
FNDA:0,(anonymous_0)
DA:15,0
DA:16,0
LF:2
LH:0
BRF:0
BRH:0
end_of_record
TN:
SF:src\components\dashboard\SystemHealthStats.tsx
FN:13,(anonymous_0)
FNF:1
FNH:0
FNDA:0,(anonymous_0)
DA:13,0
DA:14,0
DA:36,0
LF:3
LH:0
BRF:0
BRH:0
end_of_record
TN:
SF:src\components\dashboard\SystemStats.tsx
FN:14,(anonymous_0)
FNF:1
FNH:0
FNDA:0,(anonymous_0)
DA:14,0
DA:15,0
LF:2
LH:0
BRF:0
BRH:0
end_of_record
TN:
SF:src\components\dashboard\TotalFollowers.tsx
FN:7,(anonymous_0)
FN:120,(anonymous_1)
FN:126,(anonymous_2)
FNF:3
FNH:0
FNDA:0,(anonymous_0)
FNDA:0,(anonymous_1)
FNDA:0,(anonymous_2)
DA:7,0
DA:8,0
DA:23,0
DA:106,0
DA:121,0
DA:127,0
LF:6
LH:0
BRF:0
BRH:0
end_of_record
TN:
SF:src\components\dashboard\TotalIncome.tsx
FN:7,(anonymous_0)
FN:85,(anonymous_1)
FN:91,(anonymous_2)
FNF:3
FNH:0
FNDA:0,(anonymous_0)
FNDA:0,(anonymous_1)
FNDA:0,(anonymous_2)
DA:7,0
DA:8,0
DA:23,0
DA:71,0
DA:86,0
DA:92,0
LF:6
LH:0
BRF:0
BRH:0
end_of_record
TN:
SF:src\components\dashboard\VmsPerServer.tsx
FN:7,(anonymous_0)
FN:20,(anonymous_1)
FN:21,(anonymous_2)
FN:28,(anonymous_3)
FN:29,(anonymous_4)
FN:31,(anonymous_5)
FN:32,(anonymous_6)
FN:123,(anonymous_7)
FNF:8
FNH:0
FNDA:0,(anonymous_0)
FNDA:0,(anonymous_1)
FNDA:0,(anonymous_2)
FNDA:0,(anonymous_3)
FNDA:0,(anonymous_4)
FNDA:0,(anonymous_5)
FNDA:0,(anonymous_6)
FNDA:0,(anonymous_7)
DA:7,0
DA:8,0
DA:11,0
DA:20,0
DA:21,0
DA:22,0
DA:23,0
DA:24,0
DA:27,0
DA:28,0
DA:29,0
DA:30,0
DA:31,0
DA:32,0
DA:34,0
DA:39,0
DA:40,0
DA:43,0
DA:46,0
DA:123,0
DA:146,0
LF:21
LH:0
BRDA:28,0,0,0
BRDA:28,0,1,0
BRDA:31,1,0,0
BRDA:31,1,1,0
BRDA:152,2,0,0
BRDA:152,2,1,0
BRDA:152,3,0,0
BRDA:152,3,1,0
BRF:8
BRH:0
end_of_record
TN:
SF:src\components\forms\BasicForm.tsx
FN:4,(anonymous_0)
FNF:1
FNH:0
FNDA:0,(anonymous_0)
DA:4,0
DA:5,0
LF:2
LH:0
BRF:0
BRH:0
end_of_record
TN:
SF:src\components\shadows\AllShadows.tsx
FN:3,(anonymous_0)
FNF:1
FNH:0
FNDA:0,(anonymous_0)
DA:3,0
DA:4,0
LF:2
LH:0
BRF:0
BRH:0
end_of_record
TN:
SF:src\components\shared\CardBox.tsx
FN:10,(anonymous_0)
FNF:1
FNH:0
FNDA:0,(anonymous_0)
DA:10,0
DA:11,0
LF:2
LH:0
BRF:0
BRH:0
end_of_record
TN:
SF:src\components\shared\OutlineCard.tsx
FN:10,(anonymous_0)
FNF:1
FNH:0
FNDA:0,(anonymous_0)
DA:10,0
DA:13,0
LF:2
LH:0
BRF:0
BRH:0
end_of_record
TN:
SF:src\components\shared\ScrollToTop.tsx
FN:4,ScrollToTop
FN:7,(anonymous_1)
FNF:2
FNH:0
FNDA:0,ScrollToTop
FNDA:0,(anonymous_1)
DA:5,0
DA:7,0
DA:8,0
DA:15,0
LF:4
LH:0
BRDA:15,0,0,0
BRDA:15,0,1,0
BRF:2
BRH:0
end_of_record
TN:
SF:src\components\shared\TitleBorderCard.tsx
FN:13,(anonymous_0)
FNF:1
FNH:0
FNDA:0,(anonymous_0)
DA:13,0
DA:20,0
LF:2
LH:0
BRF:0
BRH:0
end_of_record
TN:
SF:src\components\shared\TitleIconCard.tsx
FN:14,(anonymous_0)
FNF:1
FNH:0
FNDA:0,(anonymous_0)
DA:14,0
DA:22,0
LF:2
LH:0
BRF:0
BRH:0
end_of_record
TN:
SF:src\components\tables\CommandesTable.tsx
FN:22,(anonymous_0)
FN:27,(anonymous_1)
FN:28,(anonymous_2)
FN:49,(anonymous_3)
FN:61,(anonymous_4)
FN:80,(anonymous_5)
FN:90,(anonymous_6)
FN:101,(anonymous_7)
FN:107,(anonymous_8)
FN:111,(anonymous_9)
FNF:10
FNH:0
FNDA:0,(anonymous_0)
FNDA:0,(anonymous_1)
FNDA:0,(anonymous_2)
FNDA:0,(anonymous_3)
FNDA:0,(anonymous_4)
FNDA:0,(anonymous_5)
FNDA:0,(anonymous_6)
FNDA:0,(anonymous_7)
FNDA:0,(anonymous_8)
FNDA:0,(anonymous_9)
DA:22,0
DA:23,0
DA:24,0
DA:27,0
DA:28,0
DA:29,0
DA:30,0
DA:31,0
DA:36,0
DA:37,0
DA:39,0
DA:40,0
DA:42,0
DA:45,0
DA:49,0
DA:50,0
DA:51,0
DA:52,0
DA:58,0
DA:59,0
DA:61,0
DA:63,0
DA:67,0
DA:81,0
DA:91,0
DA:102,0
DA:107,0
DA:111,0
LF:28
LH:0
BRDA:36,0,0,0
BRDA:36,0,1,0
BRDA:58,1,0,0
BRDA:58,1,1,0
BRDA:93,2,0,0
BRDA:93,2,1,0
BRF:6
BRH:0
end_of_record
TN:
SF:src\components\tables\ProductTable.tsx
FN:15,(anonymous_0)
FN:90,(anonymous_1)
FN:135,(anonymous_2)
FN:141,(anonymous_3)
FNF:4
FNH:0
FNDA:0,(anonymous_0)
FNDA:0,(anonymous_1)
FNDA:0,(anonymous_2)
FNDA:0,(anonymous_3)
DA:15,0
DA:16,0
DA:60,0
DA:75,0
DA:91,0
DA:136,0
DA:142,0
LF:7
LH:0
BRF:0
BRH:0
end_of_record
TN:
SF:src\components\tables\RessourceTable.tsx
FN:21,(anonymous_0)
FN:26,(anonymous_1)
FN:27,(anonymous_2)
FN:48,(anonymous_3)
FN:60,(anonymous_4)
FN:84,(anonymous_5)
FN:124,(anonymous_6)
FN:130,(anonymous_7)
FN:134,(anonymous_8)
FNF:9
FNH:0
FNDA:0,(anonymous_0)
FNDA:0,(anonymous_1)
FNDA:0,(anonymous_2)
FNDA:0,(anonymous_3)
FNDA:0,(anonymous_4)
FNDA:0,(anonymous_5)
FNDA:0,(anonymous_6)
FNDA:0,(anonymous_7)
FNDA:0,(anonymous_8)
DA:21,0
DA:22,0
DA:23,0
DA:26,0
DA:27,0
DA:28,0
DA:29,0
DA:30,0
DA:35,0
DA:36,0
DA:38,0
DA:39,0
DA:41,0
DA:44,0
DA:48,0
DA:49,0
DA:50,0
DA:51,0
DA:57,0
DA:58,0
DA:60,0
DA:62,0
DA:66,0
DA:85,0
DA:125,0
DA:130,0
DA:134,0
LF:27
LH:0
BRDA:35,0,0,0
BRDA:35,0,1,0
BRDA:57,1,0,0
BRDA:57,1,1,0
BRDA:89,2,0,0
BRDA:89,2,1,0
BRDA:102,3,0,0
BRDA:102,3,1,0
BRDA:104,4,0,0
BRDA:104,4,1,0
BRDA:110,5,0,0
BRDA:110,5,1,0
BRDA:112,6,0,0
BRDA:112,6,1,0
BRF:14
BRH:0
end_of_record
TN:
SF:src\components\typography\BasicTypography.tsx
FN:3,(anonymous_0)
FNF:1
FNH:0
FNDA:0,(anonymous_0)
DA:3,0
DA:4,0
LF:2
LH:0
BRF:0
BRH:0
end_of_record
TN:
SF:src\context\AuthContext.tsx
FN:15,(anonymous_0)
FN:20,(anonymous_1)
FN:21,(anonymous_2)
FN:50,(anonymous_3)
FN:67,(anonymous_4)
FN:81,(anonymous_5)
FNF:6
FNH:3
FNDA:2,(anonymous_0)
FNDA:1,(anonymous_1)
FNDA:1,(anonymous_2)
FNDA:0,(anonymous_3)
FNDA:0,(anonymous_4)
FNDA:0,(anonymous_5)
DA:13,1
DA:15,1
DA:16,2
DA:17,2
DA:18,2
DA:20,2
DA:21,1
DA:22,1
DA:23,1
DA:24,1
DA:25,0
DA:26,0
DA:27,0
DA:28,0
DA:38,0
DA:40,0
DA:41,0
DA:42,0
DA:45,1
DA:47,1
DA:50,2
DA:51,0
DA:52,0
DA:53,0
DA:54,0
DA:64,0
DA:67,2
DA:68,0
DA:69,0
DA:70,0
DA:71,0
DA:74,2
DA:81,1
DA:82,0
DA:83,0
DA:84,0
DA:86,0
LF:37
LH:16
BRDA:24,0,0,0
BRDA:24,0,1,1
BRDA:30,1,0,0
BRDA:30,1,1,0
BRDA:31,2,0,0
BRDA:31,2,1,0
BRDA:32,3,0,0
BRDA:32,3,1,0
BRDA:56,4,0,0
BRDA:56,4,1,0
BRDA:57,5,0,0
BRDA:57,5,1,0
BRDA:58,6,0,0
BRDA:58,6,1,0
BRDA:83,7,0,0
BRDA:83,7,1,0
BRF:16
BRH:1
end_of_record
TN:
SF:src\layouts\MainLayout.tsx
FN:11,(anonymous_0)
FN:30,(anonymous_1)
FN:38,(anonymous_2)
FN:46,(anonymous_3)
FN:54,(anonymous_4)
FN:64,(anonymous_5)
FN:72,(anonymous_6)
FN:80,(anonymous_7)
FN:89,(anonymous_8)
FN:105,(anonymous_9)
FN:113,(anonymous_10)
FN:119,(anonymous_11)
FNF:12
FNH:9
FNDA:2,(anonymous_0)
FNDA:2,(anonymous_1)
FNDA:2,(anonymous_2)
FNDA:2,(anonymous_3)
FNDA:2,(anonymous_4)
FNDA:2,(anonymous_5)
FNDA:2,(anonymous_6)
FNDA:2,(anonymous_7)
FNDA:2,(anonymous_8)
FNDA:0,(anonymous_9)
FNDA:0,(anonymous_10)
FNDA:0,(anonymous_11)
DA:11,1
DA:12,2
DA:13,2
DA:15,2
DA:31,2
DA:39,2
DA:47,2
DA:57,2
DA:65,2
DA:73,2
DA:81,2
DA:90,2
DA:105,0
DA:113,0
DA:119,0
LF:15
LH:12
BRDA:31,0,0,2
BRDA:31,0,1,0
BRDA:39,1,0,0
BRDA:39,1,1,2
BRDA:47,2,0,0
BRDA:47,2,1,2
BRDA:57,3,0,0
BRDA:57,3,1,2
BRDA:65,4,0,0
BRDA:65,4,1,2
BRDA:73,5,0,0
BRDA:73,5,1,2
BRDA:81,6,0,0
BRDA:81,6,1,2
BRDA:86,7,0,2
BRDA:86,7,1,2
BRDA:90,8,0,0
BRDA:90,8,1,2
BRDA:103,9,0,2
BRDA:103,9,1,0
BRF:20
BRH:11
end_of_record
TN:
SF:src\layouts\blank\BlankLayout.tsx
FN:3,(anonymous_0)
FNF:1
FNH:0
FNDA:0,(anonymous_0)
DA:3,1
DA:4,0
LF:2
LH:1
BRF:0
BRH:0
end_of_record
TN:
SF:src\layouts\full\FullLayout.tsx
FN:9,(anonymous_0)
FNF:1
FNH:0
FNDA:0,(anonymous_0)
DA:9,0
DA:10,0
LF:2
LH:0
BRF:0
BRH:0
end_of_record
TN:
SF:src\layouts\full\header\Header.tsx
FN:7,(anonymous_0)
FN:10,(anonymous_1)
FN:11,(anonymous_2)
FN:20,(anonymous_3)
FN:24,(anonymous_4)
FN:37,(anonymous_5)
FNF:6
FNH:0
FNDA:0,(anonymous_0)
FNDA:0,(anonymous_1)
FNDA:0,(anonymous_2)
FNDA:0,(anonymous_3)
FNDA:0,(anonymous_4)
FNDA:0,(anonymous_5)
DA:7,0
DA:8,0
DA:10,0
DA:11,0
DA:12,0
DA:13,0
DA:15,0
DA:19,0
DA:20,0
DA:23,0
DA:24,0
DA:26,0
DA:37,0
LF:13
LH:0
BRDA:12,0,0,0
BRDA:12,0,1,0
BRDA:28,1,0,0
BRDA:28,1,1,0
BRF:4
BRH:0
end_of_record
TN:
SF:src\layouts\full\header\Profile.tsx
FN:6,(anonymous_0)
FN:13,(anonymous_1)
FNF:2
FNH:0
FNDA:0,(anonymous_0)
FNDA:0,(anonymous_1)
DA:6,0
DA:7,0
DA:14,0
LF:3
LH:0
BRF:0
BRH:0
end_of_record
TN:
SF:src\layouts\full\header\Topbar.tsx
FN:7,(anonymous_0)
FN:60,(anonymous_1)
FN:62,(anonymous_2)
FN:74,(anonymous_3)
FN:76,(anonymous_4)
FNF:5
FNH:0
FNDA:0,(anonymous_0)
FNDA:0,(anonymous_1)
FNDA:0,(anonymous_2)
FNDA:0,(anonymous_3)
FNDA:0,(anonymous_4)
DA:7,0
DA:8,0
DA:31,0
DA:61,0
DA:62,0
DA:75,0
DA:76,0
LF:7
LH:0
BRF:0
BRH:0
end_of_record
TN:
SF:src\layouts\full\header\notification.tsx
FN:17,(anonymous_0)
FN:20,(anonymous_1)
FN:31,(anonymous_2)
FNF:3
FNH:0
FNDA:0,(anonymous_0)
FNDA:0,(anonymous_1)
FNDA:0,(anonymous_2)
DA:6,0
DA:17,0
DA:18,0
DA:21,0
DA:32,0
LF:5
LH:0
BRF:0
BRH:0
end_of_record
TN:
SF:src\layouts\full\shared\breadcrumb\BreadcrumbComp.tsx
FN:14,(anonymous_0)
FN:22,(anonymous_1)
FNF:2
FNH:0
FNDA:0,(anonymous_0)
FNDA:0,(anonymous_1)
DA:14,0
DA:15,0
DA:23,0
LF:3
LH:0
BRDA:21,0,0,0
BRDA:21,0,1,0
BRDA:24,1,0,0
BRDA:24,1,1,0
BRF:4
BRH:0
end_of_record
TN:
SF:src\layouts\full\shared\breadcrumb\FrontBreadcrumb.tsx
FN:12,(anonymous_0)
FNF:1
FNH:0
FNDA:0,(anonymous_0)
DA:12,0
DA:13,0
LF:2
LH:0
BRF:0
BRH:0
end_of_record
TN:
SF:src\layouts\full\shared\loadable\Loadable.tsx
FN:12,(anonymous_0)
FN:12,(anonymous_1)
FNF:2
FNH:2
FNDA:25,(anonymous_0)
FNDA:1,(anonymous_1)
DA:12,25
DA:14,1
LF:2
LH:2
BRF:0
BRH:0
end_of_record
TN:
SF:src\layouts\full\shared\logo\FullLogo.tsx
FN:5,(anonymous_0)
FNF:1
FNH:0
FNDA:0,(anonymous_0)
DA:5,0
DA:6,0
LF:2
LH:0
BRF:0
BRH:0
end_of_record
TN:
SF:src\layouts\full\shared\logo\Logo.tsx
FN:5,(anonymous_0)
FNF:1
FNH:0
FNDA:0,(anonymous_0)
DA:5,0
DA:6,0
LF:2
LH:0
BRF:0
BRH:0
end_of_record
TN:
SF:src\layouts\full\sidebar\CustomCollapse.tsx
FN:62,(anonymous_0)
FNF:1
FNH:0
FNDA:0,(anonymous_0)
DA:62,0
DA:63,0
LF:2
LH:0
BRDA:74,0,0,0
BRDA:74,0,1,0
BRDA:76,1,0,0
BRDA:76,1,1,0
BRDA:83,2,0,0
BRDA:83,2,1,0
BRF:6
BRH:0
end_of_record
TN:
SF:src\layouts\full\sidebar\MobileSidebar.tsx
FN:11,(anonymous_0)
FN:26,(anonymous_1)
FN:32,(anonymous_2)
FNF:3
FNH:0
FNDA:0,(anonymous_0)
FNDA:0,(anonymous_1)
FNDA:0,(anonymous_2)
DA:11,0
DA:12,0
DA:27,0
DA:33,0
LF:4
LH:0
BRDA:25,0,0,0
BRDA:25,0,1,0
BRDA:33,1,0,0
BRDA:33,1,1,0
BRF:4
BRH:0
end_of_record
TN:
SF:src\layouts\full\sidebar\Sidebar.tsx
FN:10,(anonymous_0)
FN:27,(anonymous_1)
FN:33,(anonymous_2)
FNF:3
FNH:0
FNDA:0,(anonymous_0)
FNDA:0,(anonymous_1)
FNDA:0,(anonymous_2)
DA:10,0
DA:13,0
DA:28,0
DA:34,0
LF:4
LH:0
BRDA:26,0,0,0
BRDA:26,0,1,0
BRDA:34,1,0,0
BRDA:34,1,1,0
BRDA:35,2,0,0
BRDA:35,2,1,0
BRF:6
BRH:0
end_of_record
TN:
SF:src\layouts\full\sidebar\Sidebaritems.ts
FNF:0
FNH:0
DA:26,0
LF:1
LH:0
BRF:0
BRH:0
end_of_record
TN:
SF:src\layouts\full\sidebar\Upgrade.tsx
FN:4,(anonymous_0)
FNF:1
FNH:0
FNDA:0,(anonymous_0)
DA:4,0
DA:5,0
LF:2
LH:0
BRF:0
BRH:0
end_of_record
TN:
SF:src\layouts\full\sidebar\NavCollapse\index.tsx
FN:15,(anonymous_0)
FN:20,(anonymous_1)
FN:28,(anonymous_2)
FN:29,(anonymous_3)
FN:48,(anonymous_4)
FNF:5
FNH:0
FNDA:0,(anonymous_0)
FNDA:0,(anonymous_1)
FNDA:0,(anonymous_2)
FNDA:0,(anonymous_3)
FNDA:0,(anonymous_4)
DA:15,0
DA:16,0
DA:17,0
DA:20,0
DA:24,0
DA:28,0
DA:29,0
DA:32,0
DA:49,0
LF:9
LH:0
BRDA:40,0,0,0
BRDA:40,0,1,0
BRDA:46,1,0,0
BRDA:46,1,1,0
BRDA:50,2,0,0
BRDA:50,2,1,0
BRF:6
BRH:0
end_of_record
TN:
SF:src\layouts\full\sidebar\NavItems\index.tsx
FN:11,(anonymous_0)
FN:20,(anonymous_1)
FNF:2
FNH:0
FNDA:0,(anonymous_0)
FNDA:0,(anonymous_1)
DA:11,0
DA:12,0
DA:13,0
DA:15,0
DA:20,0
LF:5
LH:0
BRDA:19,0,0,0
BRDA:19,0,1,0
BRDA:22,1,0,0
BRDA:22,1,1,0
BRDA:29,2,0,0
BRDA:29,2,1,0
BRDA:34,3,0,0
BRDA:34,3,1,0
BRDA:44,4,0,0
BRDA:44,4,1,0
BRF:10
BRH:0
end_of_record
TN:
SF:src\routes\Router.tsx
FN:10,(anonymous_0)
FN:11,(anonymous_1)
FN:14,(anonymous_2)
FN:17,(anonymous_3)
FN:18,(anonymous_4)
FN:19,(anonymous_5)
FN:20,(anonymous_6)
FN:21,(anonymous_7)
FN:22,(anonymous_8)
FN:23,(anonymous_9)
FN:24,(anonymous_10)
FN:26,(anonymous_11)
FN:27,(anonymous_12)
FN:28,(anonymous_13)
FN:29,(anonymous_14)
FN:30,(anonymous_15)
FN:31,(anonymous_16)
FN:32,(anonymous_17)
FN:33,(anonymous_18)
FN:34,(anonymous_19)
FN:35,(anonymous_20)
FN:36,(anonymous_21)
FN:38,(anonymous_22)
FN:39,(anonymous_23)
FN:40,(anonymous_24)
FNF:25
FNH:1
FNDA:0,(anonymous_0)
FNDA:1,(anonymous_1)
FNDA:0,(anonymous_2)
FNDA:0,(anonymous_3)
FNDA:0,(anonymous_4)
FNDA:0,(anonymous_5)
FNDA:0,(anonymous_6)
FNDA:0,(anonymous_7)
FNDA:0,(anonymous_8)
FNDA:0,(anonymous_9)
FNDA:0,(anonymous_10)
FNDA:0,(anonymous_11)
FNDA:0,(anonymous_12)
FNDA:0,(anonymous_13)
FNDA:0,(anonymous_14)
FNDA:0,(anonymous_15)
FNDA:0,(anonymous_16)
FNDA:0,(anonymous_17)
FNDA:0,(anonymous_18)
FNDA:0,(anonymous_19)
FNDA:0,(anonymous_20)
FNDA:0,(anonymous_21)
FNDA:0,(anonymous_22)
FNDA:0,(anonymous_23)
FNDA:0,(anonymous_24)
DA:10,1
DA:11,1
DA:14,1
DA:17,1
DA:18,1
DA:19,1
DA:20,1
DA:21,1
DA:22,1
DA:23,1
DA:24,1
DA:26,1
DA:27,1
DA:28,1
DA:29,1
DA:30,1
DA:31,1
DA:32,1
DA:33,1
DA:34,1
DA:35,1
DA:36,1
DA:38,1
DA:39,1
DA:40,1
DA:42,1
DA:101,1
LF:27
LH:27
BRF:0
BRH:0
end_of_record
TN:
SF:src\types\auth\auth.ts
FNF:0
FNH:0
LF:0
LH:0
BRF:0
BRH:0
end_of_record
TN:
SF:src\types\layout\sidebar.ts
FNF:0
FNH:0
LF:0
LH:0
BRF:0
BRH:0
end_of_record
TN:
SF:src\utils\theme\activityLogger.ts
FN:3,(anonymous_0)
FN:13,(anonymous_1)
FN:36,(anonymous_2)
FN:40,(anonymous_3)
FNF:4
FNH:0
FNDA:0,(anonymous_0)
FNDA:0,(anonymous_1)
FNDA:0,(anonymous_2)
FNDA:0,(anonymous_3)
DA:3,0
DA:4,0
DA:5,0
DA:6,0
DA:7,0
DA:8,0
DA:10,0
DA:11,0
DA:12,0
DA:13,0
DA:15,0
DA:16,0
DA:17,0
DA:18,0
DA:21,0
DA:23,0
DA:24,0
DA:25,0
DA:26,0
DA:28,0
DA:29,0
DA:31,0
DA:36,0
DA:37,0
DA:40,0
DA:41,0
LF:26
LH:0
BRDA:3,0,0,0
BRDA:6,1,0,0
BRDA:6,1,1,0
BRDA:6,2,0,0
BRDA:6,2,1,0
BRDA:10,3,0,0
BRDA:10,3,1,0
BRDA:13,4,0,0
BRDA:13,4,1,0
BRDA:23,5,0,0
BRDA:23,5,1,0
BRDA:25,6,0,0
BRDA:25,6,1,0
BRDA:28,7,0,0
BRDA:28,7,1,0
BRF:15
BRH:0
end_of_record
TN:
SF:src\utils\theme\custom-theme.tsx
FNF:0
FNH:0
DA:1,1
LF:1
LH:1
BRF:0
BRH:0
end_of_record
TN:
SF:src\views\AboutUs.tsx
FN:5,(anonymous_0)
FN:22,(anonymous_1)
FN:28,(anonymous_2)
FNF:3
FNH:0
FNDA:0,(anonymous_0)
FNDA:0,(anonymous_1)
FNDA:0,(anonymous_2)
DA:5,0
DA:6,0
DA:8,0
DA:22,0
DA:28,0
LF:5
LH:0
BRF:0
BRH:0
end_of_record
TN:
SF:src\views\Contact.tsx
FN:5,(anonymous_0)
FN:15,(anonymous_1)
FN:22,(anonymous_2)
FNF:3
FNH:0
FNDA:0,(anonymous_0)
FNDA:0,(anonymous_1)
FNDA:0,(anonymous_2)
DA:5,0
DA:6,0
DA:15,0
DA:16,0
DA:22,0
DA:23,0
DA:24,0
DA:25,0
DA:26,0
DA:36,0
LF:10
LH:0
BRF:0
BRH:0
end_of_record
TN:
SF:src\views\DedicatedServers.tsx
FN:6,(anonymous_0)
FN:34,(anonymous_1)
FNF:2
FNH:0
FNDA:0,(anonymous_0)
FNDA:0,(anonymous_1)
DA:6,0
DA:7,0
DA:8,0
DA:10,0
DA:11,0
DA:14,0
DA:34,0
LF:7
LH:0
BRDA:10,0,0,0
BRDA:10,0,1,0
BRF:2
BRH:0
end_of_record
TN:
SF:src\views\Features.tsx
FN:6,(anonymous_0)
FN:23,(anonymous_1)
FN:29,(anonymous_2)
FNF:3
FNH:0
FNDA:0,(anonymous_0)
FNDA:0,(anonymous_1)
FNDA:0,(anonymous_2)
DA:6,0
DA:7,0
DA:9,0
DA:23,0
DA:29,0
LF:5
LH:0
BRF:0
BRH:0
end_of_record
TN:
SF:src\views\Landing.tsx
FN:10,(anonymous_0)
FN:15,(anonymous_1)
FN:67,(anonymous_2)
FN:79,(anonymous_3)
FN:85,(anonymous_4)
FN:182,(anonymous_5)
FN:201,(anonymous_6)
FN:217,(anonymous_7)
FNF:8
FNH:0
FNDA:0,(anonymous_0)
FNDA:0,(anonymous_1)
FNDA:0,(anonymous_2)
FNDA:0,(anonymous_3)
FNDA:0,(anonymous_4)
FNDA:0,(anonymous_5)
FNDA:0,(anonymous_6)
FNDA:0,(anonymous_7)
DA:10,0
DA:11,0
DA:12,0
DA:13,0
DA:15,0
DA:16,0
DA:17,0
DA:19,0
DA:22,0
DA:23,0
DA:27,0
DA:43,0
DA:67,0
DA:79,0
DA:85,0
DA:182,0
DA:201,0
DA:217,0
LF:18
LH:0
BRDA:22,0,0,0
BRDA:22,0,1,0
BRF:2
BRH:0
end_of_record
TN:
SF:src\views\MyResources.tsx
FN:43,(anonymous_0)
FN:54,(anonymous_1)
FN:62,(anonymous_2)
FN:69,(anonymous_3)
FN:78,(anonymous_4)
FN:79,(anonymous_5)
FN:80,(anonymous_6)
FN:87,(anonymous_7)
FN:89,(anonymous_8)
FN:89,(anonymous_9)
FN:90,(anonymous_10)
FN:115,(anonymous_11)
FN:125,(anonymous_12)
FN:135,(anonymous_13)
FN:142,(anonymous_14)
FN:160,(anonymous_15)
FN:161,(anonymous_16)
FN:162,(anonymous_17)
FN:164,(anonymous_18)
FN:170,(anonymous_19)
FN:173,(anonymous_20)
FN:181,(anonymous_21)
FN:181,(anonymous_22)
FN:182,(anonymous_23)
FN:187,(anonymous_24)
FN:192,(anonymous_25)
FN:205,(anonymous_26)
FN:209,(anonymous_27)
FN:248,(anonymous_28)
FN:286,(anonymous_29)
FN:294,(anonymous_30)
FN:311,(anonymous_31)
FN:313,(anonymous_32)
FN:344,(anonymous_33)
FN:352,(anonymous_34)
FNF:35
FNH:5
FNDA:2,(anonymous_0)
FNDA:0,(anonymous_1)
FNDA:2,(anonymous_2)
FNDA:2,(anonymous_3)
FNDA:0,(anonymous_4)
FNDA:0,(anonymous_5)
FNDA:0,(anonymous_6)
FNDA:0,(anonymous_7)
FNDA:0,(anonymous_8)
FNDA:0,(anonymous_9)
FNDA:0,(anonymous_10)
FNDA:0,(anonymous_11)
FNDA:0,(anonymous_12)
FNDA:0,(anonymous_13)
FNDA:0,(anonymous_14)
FNDA:1,(anonymous_15)
FNDA:0,(anonymous_16)
FNDA:0,(anonymous_17)
FNDA:0,(anonymous_18)
FNDA:1,(anonymous_19)
FNDA:0,(anonymous_20)
FNDA:0,(anonymous_21)
FNDA:0,(anonymous_22)
FNDA:0,(anonymous_23)
FNDA:0,(anonymous_24)
FNDA:0,(anonymous_25)
FNDA:0,(anonymous_26)
FNDA:0,(anonymous_27)
FNDA:0,(anonymous_28)
FNDA:0,(anonymous_29)
FNDA:0,(anonymous_30)
FNDA:0,(anonymous_31)
FNDA:0,(anonymous_32)
FNDA:0,(anonymous_33)
FNDA:0,(anonymous_34)
DA:43,1
DA:44,2
DA:45,2
DA:46,2
DA:47,2
DA:48,2
DA:49,2
DA:50,2
DA:51,2
DA:52,2
DA:54,2
DA:55,0
DA:56,0
DA:57,0
DA:58,0
DA:59,0
DA:62,2
DA:63,2
DA:64,2
DA:65,0
DA:66,0
DA:69,2
DA:70,2
DA:71,2
DA:75,2
DA:77,2
DA:78,0
DA:80,0
DA:83,2
DA:86,2
DA:87,2
DA:88,0
DA:89,0
DA:90,0
DA:94,0
DA:97,0
DA:98,0
DA:99,0
DA:100,0
DA:101,0
DA:103,0
DA:104,0
DA:108,0
DA:112,2
DA:115,2
DA:116,0
DA:117,0
DA:118,0
DA:120,0
DA:125,2
DA:126,0
DA:127,0
DA:128,0
DA:130,0
DA:134,2
DA:135,2
DA:136,0
DA:137,0
DA:139,2
DA:141,2
DA:142,2
DA:143,0
DA:144,0
DA:146,2
DA:148,2
DA:150,0
DA:151,0
DA:155,2
DA:160,2
DA:161,1
DA:162,0
DA:163,0
DA:164,0
DA:165,0
DA:167,0
DA:170,1
DA:173,2
DA:174,0
DA:175,0
DA:177,0
DA:178,0
DA:179,0
DA:180,0
DA:181,0
DA:182,0
DA:183,0
DA:184,0
DA:185,0
DA:187,0
DA:188,0
DA:189,0
DA:190,0
DA:192,0
DA:193,0
DA:194,0
DA:195,0
DA:198,0
DA:199,0
DA:201,0
DA:205,2
DA:206,0
DA:209,2
DA:210,0
DA:211,0
DA:212,0
DA:213,0
DA:215,0
DA:216,0
DA:220,2
DA:221,0
DA:224,2
DA:225,0
DA:226,0
DA:229,2
DA:249,0
DA:250,0
DA:251,0
DA:252,0
DA:253,0
DA:255,0
DA:286,0
DA:294,0
DA:311,0
DA:313,0
DA:344,0
DA:352,0
LF:126
LH:42
BRDA:55,0,0,0
BRDA:55,0,1,0
BRDA:63,1,0,0
BRDA:63,1,1,2
BRDA:64,2,0,0
BRDA:64,2,1,2
BRDA:94,3,0,0
BRDA:94,3,1,0
BRDA:94,4,0,0
BRDA:94,4,1,0
BRDA:96,5,0,0
BRDA:96,5,1,0
BRDA:96,6,0,0
BRDA:96,6,1,0
BRDA:96,6,2,0
BRDA:97,7,0,0
BRDA:97,7,1,0
BRDA:97,8,0,0
BRDA:97,8,1,0
BRDA:99,9,0,0
BRDA:99,9,1,0
BRDA:136,10,0,0
BRDA:136,10,1,0
BRDA:143,11,0,0
BRDA:143,11,1,0
BRDA:151,12,0,0
BRDA:151,12,1,0
BRDA:165,13,0,0
BRDA:165,13,1,0
BRDA:174,14,0,0
BRDA:174,14,1,0
BRDA:199,15,0,0
BRDA:199,15,1,0
BRDA:212,16,0,0
BRDA:212,16,1,0
BRDA:220,17,0,0
BRDA:220,17,1,2
BRDA:224,18,0,0
BRDA:224,18,1,2
BRDA:238,19,0,2
BRDA:238,19,1,0
BRDA:244,20,0,2
BRDA:244,20,1,0
BRDA:249,21,0,0
BRDA:249,21,1,0
BRDA:251,22,0,0
BRDA:251,22,1,0
BRDA:252,23,0,0
BRDA:252,23,1,0
BRDA:266,24,0,0
BRDA:266,24,1,0
BRDA:266,25,0,0
BRDA:266,25,1,0
BRDA:273,26,0,0
BRDA:273,26,1,0
BRDA:278,27,0,0
BRDA:278,27,1,0
BRDA:278,27,2,0
BRDA:281,28,0,0
BRDA:281,28,1,0
BRDA:288,29,0,0
BRDA:288,29,1,0
BRDA:306,30,0,2
BRDA:306,30,1,0
BRDA:306,30,2,0
BRDA:322,31,0,0
BRDA:322,31,1,0
BRDA:331,32,0,0
BRDA:331,32,1,0
BRDA:346,33,0,0
BRDA:346,33,1,0
BRDA:346,34,0,0
BRDA:346,34,1,0
BRF:73
BRH:7
end_of_record
TN:
SF:src\views\Payment.tsx
FN:24,(anonymous_0)
FN:40,(anonymous_1)
FN:45,(anonymous_2)
FN:48,(anonymous_3)
FN:60,(anonymous_4)
FN:65,(anonymous_5)
FN:68,(anonymous_6)
FN:78,(anonymous_7)
FN:87,(anonymous_8)
FN:92,(anonymous_9)
FN:120,(anonymous_10)
FN:146,(anonymous_11)
FN:155,(anonymous_12)
FN:165,(anonymous_13)
FN:189,(anonymous_14)
FN:221,(anonymous_15)
FN:252,(anonymous_16)
FN:279,(anonymous_17)
FN:308,(anonymous_18)
FN:319,(anonymous_19)
FN:328,(anonymous_20)
FNF:21
FNH:0
FNDA:0,(anonymous_0)
FNDA:0,(anonymous_1)
FNDA:0,(anonymous_2)
FNDA:0,(anonymous_3)
FNDA:0,(anonymous_4)
FNDA:0,(anonymous_5)
FNDA:0,(anonymous_6)
FNDA:0,(anonymous_7)
FNDA:0,(anonymous_8)
FNDA:0,(anonymous_9)
FNDA:0,(anonymous_10)
FNDA:0,(anonymous_11)
FNDA:0,(anonymous_12)
FNDA:0,(anonymous_13)
FNDA:0,(anonymous_14)
FNDA:0,(anonymous_15)
FNDA:0,(anonymous_16)
FNDA:0,(anonymous_17)
FNDA:0,(anonymous_18)
FNDA:0,(anonymous_19)
FNDA:0,(anonymous_20)
DA:24,0
DA:25,0
DA:26,0
DA:27,0
DA:28,0
DA:29,0
DA:30,0
DA:31,0
DA:32,0
DA:33,0
DA:34,0
DA:35,0
DA:36,0
DA:37,0
DA:38,0
DA:40,0
DA:41,0
DA:42,0
DA:43,0
DA:45,0
DA:46,0
DA:47,0
DA:48,0
DA:49,0
DA:50,0
DA:51,0
DA:53,0
DA:54,0
DA:57,0
DA:60,0
DA:61,0
DA:62,0
DA:65,0
DA:66,0
DA:68,0
DA:69,0
DA:70,0
DA:71,0
DA:73,0
DA:74,0
DA:78,0
DA:79,0
DA:80,0
DA:81,0
DA:83,0
DA:84,0
DA:87,0
DA:88,0
DA:89,0
DA:92,0
DA:93,0
DA:100,0
DA:101,0
DA:102,0
DA:105,0
DA:106,0
DA:107,0
DA:108,0
DA:109,0
DA:112,0
DA:113,0
DA:114,0
DA:117,0
DA:120,0
DA:138,0
DA:139,0
DA:142,0
DA:143,0
DA:146,0
DA:147,0
DA:148,0
DA:149,0
DA:150,0
DA:151,0
DA:155,0
DA:156,0
DA:157,0
DA:158,0
DA:160,0
DA:161,0
DA:165,0
DA:167,0
DA:177,0
DA:178,0
DA:179,0
DA:181,0
DA:182,0
DA:184,0
DA:185,0
DA:189,0
DA:190,0
DA:193,0
DA:222,0
DA:253,0
DA:279,0
DA:308,0
DA:319,0
DA:328,0
LF:98
LH:0
BRDA:41,0,0,0
BRDA:41,0,1,0
BRDA:41,1,0,0
BRDA:41,1,1,0
BRDA:54,2,0,0
BRDA:54,2,1,0
BRDA:61,3,0,0
BRDA:61,3,1,0
BRDA:69,4,0,0
BRDA:69,4,1,0
BRDA:79,5,0,0
BRDA:79,5,1,0
BRDA:79,6,0,0
BRDA:79,6,1,0
BRDA:109,7,0,0
BRDA:109,7,1,0
BRDA:109,8,0,0
BRDA:109,8,1,0
BRDA:113,9,0,0
BRDA:113,9,1,0
BRDA:114,10,0,0
BRDA:114,10,1,0
BRDA:147,11,0,0
BRDA:147,11,1,0
BRDA:156,12,0,0
BRDA:156,12,1,0
BRDA:156,13,0,0
BRDA:156,13,1,0
BRDA:156,13,2,0
BRDA:156,13,3,0
BRDA:163,14,0,0
BRDA:163,14,1,0
BRDA:172,15,0,0
BRDA:172,15,1,0
BRDA:174,16,0,0
BRDA:174,16,1,0
BRDA:185,17,0,0
BRDA:185,17,1,0
BRDA:199,18,0,0
BRDA:199,18,1,0
BRDA:204,19,0,0
BRDA:204,19,1,0
BRDA:209,20,0,0
BRDA:209,20,1,0
BRDA:215,21,0,0
BRDA:215,21,1,0
BRDA:216,22,0,0
BRDA:216,22,1,0
BRDA:247,23,0,0
BRDA:247,23,1,0
BRDA:301,24,0,0
BRDA:301,24,1,0
BRDA:315,25,0,0
BRDA:315,25,1,0
BRDA:324,26,0,0
BRDA:324,26,1,0
BRDA:333,27,0,0
BRDA:333,27,1,0
BRDA:343,28,0,0
BRDA:343,28,1,0
BRF:60
BRH:0
end_of_record
TN:
SF:src\views\Pricing.tsx
FN:6,(anonymous_0)
FN:53,(anonymous_1)
FN:59,(anonymous_2)
FN:87,(anonymous_3)
FN:108,(anonymous_4)
FN:126,(anonymous_5)
FN:156,(anonymous_6)
FN:177,(anonymous_7)
FN:195,(anonymous_8)
FNF:9
FNH:0
FNDA:0,(anonymous_0)
FNDA:0,(anonymous_1)
FNDA:0,(anonymous_2)
FNDA:0,(anonymous_3)
FNDA:0,(anonymous_4)
FNDA:0,(anonymous_5)
FNDA:0,(anonymous_6)
FNDA:0,(anonymous_7)
FNDA:0,(anonymous_8)
DA:6,0
DA:7,0
DA:8,0
DA:9,0
DA:11,0
DA:17,0
DA:23,0
DA:24,0
DA:27,0
DA:53,0
DA:59,0
DA:87,0
DA:108,0
DA:126,0
DA:156,0
DA:177,0
DA:195,0
LF:17
LH:0
BRDA:23,0,0,0
BRDA:23,0,1,0
BRDA:54,1,0,0
BRDA:54,1,1,0
BRDA:60,2,0,0
BRDA:60,2,1,0
BRDA:78,3,0,0
BRDA:78,3,1,0
BRDA:78,4,0,0
BRDA:78,4,1,0
BRDA:99,5,0,0
BRDA:99,5,1,0
BRDA:99,6,0,0
BRDA:99,6,1,0
BRDA:117,7,0,0
BRDA:117,7,1,0
BRDA:117,8,0,0
BRDA:117,8,1,0
BRDA:147,9,0,0
BRDA:147,9,1,0
BRDA:147,10,0,0
BRDA:147,10,1,0
BRDA:168,11,0,0
BRDA:168,11,1,0
BRDA:168,12,0,0
BRDA:168,12,1,0
BRDA:186,13,0,0
BRDA:186,13,1,0
BRDA:186,14,0,0
BRDA:186,14,1,0
BRF:30
BRH:0
end_of_record
TN:
SF:src\views\ResourcesSelection.tsx
FN:60,(anonymous_0)
FN:90,(anonymous_1)
FN:95,(anonymous_2)
FN:98,(anonymous_3)
FN:101,(anonymous_4)
FN:108,(anonymous_5)
FN:118,(anonymous_6)
FN:128,(anonymous_7)
FN:145,(anonymous_8)
FN:146,(anonymous_9)
FN:148,(anonymous_10)
FN:153,(anonymous_11)
FN:165,(anonymous_12)
FN:169,(anonymous_13)
FN:234,(anonymous_14)
FN:245,(anonymous_15)
FN:280,(anonymous_16)
FN:289,(anonymous_17)
FN:299,(anonymous_18)
FN:309,(anonymous_19)
FN:316,(anonymous_20)
FN:322,(anonymous_21)
FN:346,(anonymous_22)
FN:356,(anonymous_23)
FN:375,(anonymous_24)
FN:384,(anonymous_25)
FN:402,(anonymous_26)
FN:402,(anonymous_27)
FN:408,(anonymous_28)
FN:408,(anonymous_29)
FN:411,(anonymous_30)
FN:418,(anonymous_31)
FN:418,(anonymous_32)
FN:443,(anonymous_33)
FN:508,(anonymous_34)
FN:519,(anonymous_35)
FN:532,(anonymous_36)
FN:545,(anonymous_37)
FN:558,(anonymous_38)
FN:569,(anonymous_39)
FN:585,(anonymous_40)
FN:589,(anonymous_41)
FN:601,(anonymous_42)
FN:608,(anonymous_43)
FN:620,(anonymous_44)
FNF:45
FNH:0
FNDA:0,(anonymous_0)
FNDA:0,(anonymous_1)
FNDA:0,(anonymous_2)
FNDA:0,(anonymous_3)
FNDA:0,(anonymous_4)
FNDA:0,(anonymous_5)
FNDA:0,(anonymous_6)
FNDA:0,(anonymous_7)
FNDA:0,(anonymous_8)
FNDA:0,(anonymous_9)
FNDA:0,(anonymous_10)
FNDA:0,(anonymous_11)
FNDA:0,(anonymous_12)
FNDA:0,(anonymous_13)
FNDA:0,(anonymous_14)
FNDA:0,(anonymous_15)
FNDA:0,(anonymous_16)
FNDA:0,(anonymous_17)
FNDA:0,(anonymous_18)
FNDA:0,(anonymous_19)
FNDA:0,(anonymous_20)
FNDA:0,(anonymous_21)
FNDA:0,(anonymous_22)
FNDA:0,(anonymous_23)
FNDA:0,(anonymous_24)
FNDA:0,(anonymous_25)
FNDA:0,(anonymous_26)
FNDA:0,(anonymous_27)
FNDA:0,(anonymous_28)
FNDA:0,(anonymous_29)
FNDA:0,(anonymous_30)
FNDA:0,(anonymous_31)
FNDA:0,(anonymous_32)
FNDA:0,(anonymous_33)
FNDA:0,(anonymous_34)
FNDA:0,(anonymous_35)
FNDA:0,(anonymous_36)
FNDA:0,(anonymous_37)
FNDA:0,(anonymous_38)
FNDA:0,(anonymous_39)
FNDA:0,(anonymous_40)
FNDA:0,(anonymous_41)
FNDA:0,(anonymous_42)
FNDA:0,(anonymous_43)
FNDA:0,(anonymous_44)
DA:60,0
DA:61,0
DA:62,0
DA:63,0
DA:64,0
DA:65,0
DA:66,0
DA:67,0
DA:68,0
DA:69,0
DA:70,0
DA:71,0
DA:72,0
DA:73,0
DA:74,0
DA:75,0
DA:76,0
DA:77,0
DA:87,0
DA:88,0
DA:90,0
DA:91,0
DA:92,0
DA:95,0
DA:96,0
DA:98,0
DA:99,0
DA:100,0
DA:101,0
DA:103,0
DA:104,0
DA:108,0
DA:109,0
DA:110,0
DA:111,0
DA:113,0
DA:114,0
DA:118,0
DA:119,0
DA:120,0
DA:121,0
DA:123,0
DA:124,0
DA:128,0
DA:129,0
DA:130,0
DA:131,0
DA:132,0
DA:134,0
DA:135,0
DA:139,0
DA:140,0
DA:141,0
DA:142,0
DA:145,0
DA:146,0
DA:147,0
DA:148,0
DA:153,0
DA:154,0
DA:155,0
DA:156,0
DA:158,0
DA:159,0
DA:160,0
DA:162,0
DA:165,0
DA:166,0
DA:169,0
DA:170,0
DA:171,0
DA:172,0
DA:173,0
DA:174,0
DA:177,0
DA:178,0
DA:179,0
DA:180,0
DA:182,0
DA:183,0
DA:184,0
DA:186,0
DA:187,0
DA:188,0
DA:190,0
DA:191,0
DA:194,0
DA:197,0
DA:209,0
DA:211,0
DA:212,0
DA:213,0
DA:214,0
DA:224,0
DA:225,0
DA:227,0
DA:228,0
DA:229,0
DA:233,0
DA:235,0
DA:236,0
DA:237,0
DA:238,0
DA:246,0
DA:247,0
DA:248,0
DA:249,0
DA:250,0
DA:252,0
DA:253,0
DA:254,0
DA:258,0
DA:259,0
DA:260,0
DA:261,0
DA:263,0
DA:264,0
DA:267,0
DA:280,0
DA:289,0
DA:299,0
DA:309,0
DA:316,0
DA:322,0
DA:346,0
DA:357,0
DA:375,0
DA:384,0
DA:402,0
DA:408,0
DA:409,0
DA:411,0
DA:418,0
DA:443,0
DA:508,0
DA:519,0
DA:532,0
DA:545,0
DA:558,0
DA:569,0
DA:585,0
DA:590,0
DA:601,0
DA:609,0
DA:620,0
LF:145
LH:0
BRDA:91,0,0,0
BRDA:91,0,1,0
BRDA:92,1,0,0
BRDA:92,1,1,0
BRDA:96,2,0,0
BRDA:96,2,1,0
BRDA:104,3,0,0
BRDA:104,3,1,0
BRDA:114,4,0,0
BRDA:114,4,1,0
BRDA:124,5,0,0
BRDA:124,5,1,0
BRDA:135,6,0,0
BRDA:135,6,1,0
BRDA:147,7,0,0
BRDA:147,7,1,0
BRDA:154,8,0,0
BRDA:154,8,1,0
BRDA:158,9,0,0
BRDA:158,9,1,0
BRDA:158,10,0,0
BRDA:158,10,1,0
BRDA:171,11,0,0
BRDA:171,11,1,0
BRDA:177,12,0,0
BRDA:177,12,1,0
BRDA:178,13,0,0
BRDA:178,13,1,0
BRDA:179,14,0,0
BRDA:179,14,1,0
BRDA:180,15,0,0
BRDA:180,15,1,0
BRDA:182,16,0,0
BRDA:182,16,1,0
BRDA:186,17,0,0
BRDA:186,17,1,0
BRDA:186,18,0,0
BRDA:186,18,1,0
BRDA:186,18,2,0
BRDA:186,18,3,0
BRDA:190,19,0,0
BRDA:190,19,1,0
BRDA:190,20,0,0
BRDA:190,20,1,0
BRDA:190,20,2,0
BRDA:204,21,0,0
BRDA:204,21,1,0
BRDA:205,22,0,0
BRDA:205,22,1,0
BRDA:228,23,0,0
BRDA:228,23,1,0
BRDA:229,24,0,0
BRDA:229,24,1,0
BRDA:236,25,0,0
BRDA:236,25,1,0
BRDA:237,26,0,0
BRDA:237,26,1,0
BRDA:239,27,0,0
BRDA:239,27,1,0
BRDA:239,27,2,0
BRDA:239,27,3,0
BRDA:246,28,0,0
BRDA:246,28,1,0
BRDA:247,29,0,0
BRDA:247,29,1,0
BRDA:250,30,0,0
BRDA:250,30,1,0
BRDA:254,31,0,0
BRDA:254,31,1,0
BRDA:263,32,0,0
BRDA:263,32,1,0
BRDA:309,33,0,0
BRDA:309,33,1,0
BRDA:316,34,0,0
BRDA:316,34,1,0
BRDA:332,35,0,0
BRDA:332,35,1,0
BRDA:346,36,0,0
BRDA:346,36,1,0
BRDA:353,37,0,0
BRDA:353,37,1,0
BRDA:360,38,0,0
BRDA:360,38,1,0
BRDA:369,39,0,0
BRDA:369,39,1,0
BRDA:370,40,0,0
BRDA:370,40,1,0
BRDA:388,41,0,0
BRDA:388,41,1,0
BRDA:389,42,0,0
BRDA:389,42,1,0
BRDA:398,43,0,0
BRDA:398,43,1,0
BRDA:412,44,0,0
BRDA:412,44,1,0
BRDA:437,45,0,0
BRDA:437,45,1,0
BRDA:452,46,0,0
BRDA:452,46,1,0
BRDA:459,47,0,0
BRDA:459,47,1,0
BRDA:460,48,0,0
BRDA:460,48,1,0
BRDA:480,49,0,0
BRDA:480,49,1,0
BRDA:480,50,0,0
BRDA:480,50,1,0
BRDA:487,51,0,0
BRDA:487,51,1,0
BRDA:488,52,0,0
BRDA:488,52,1,0
BRDA:496,53,0,0
BRDA:496,53,1,0
BRDA:584,54,0,0
BRDA:584,54,1,0
BRDA:600,55,0,0
BRDA:600,55,1,0
BRDA:605,56,0,0
BRDA:605,56,1,0
BRF:119
BRH:0
end_of_record
TN:
SF:src\views\Support.tsx
FN:6,(anonymous_0)
FN:10,(anonymous_1)
FN:106,(anonymous_2)
FN:120,(anonymous_3)
FN:133,(anonymous_4)
FNF:5
FNH:0
FNDA:0,(anonymous_0)
FNDA:0,(anonymous_1)
FNDA:0,(anonymous_2)
FNDA:0,(anonymous_3)
FNDA:0,(anonymous_4)
DA:6,0
DA:7,0
DA:8,0
DA:10,0
DA:11,0
DA:12,0
DA:16,0
DA:17,0
DA:20,0
DA:106,0
DA:120,0
DA:133,0
LF:12
LH:0
BRDA:16,0,0,0
BRDA:16,0,1,0
BRF:2
BRH:0
end_of_record
TN:
SF:src\views\VPSHosting.tsx
FN:6,(anonymous_0)
FN:34,(anonymous_1)
FNF:2
FNH:0
FNDA:0,(anonymous_0)
FNDA:0,(anonymous_1)
DA:6,0
DA:7,0
DA:8,0
DA:10,0
DA:11,0
DA:14,0
DA:34,0
LF:7
LH:0
BRDA:10,0,0,0
BRDA:10,0,1,0
BRF:2
BRH:0
end_of_record
TN:
SF:src\views\AccountSettings\AccountSettings.tsx
FN:21,(anonymous_0)
FN:35,(anonymous_1)
FN:50,(anonymous_2)
FN:97,(anonymous_3)
FN:108,(anonymous_4)
FN:131,(anonymous_5)
FN:142,(anonymous_6)
FNF:7
FNH:0
FNDA:0,(anonymous_0)
FNDA:0,(anonymous_1)
FNDA:0,(anonymous_2)
FNDA:0,(anonymous_3)
FNDA:0,(anonymous_4)
FNDA:0,(anonymous_5)
FNDA:0,(anonymous_6)
DA:21,0
DA:22,0
DA:23,0
DA:24,0
DA:28,0
DA:32,0
DA:33,0
DA:35,0
DA:36,0
DA:37,0
DA:38,0
DA:39,0
DA:43,0
DA:45,0
DA:46,0
DA:50,0
DA:51,0
DA:52,0
DA:53,0
DA:54,0
DA:56,0
DA:57,0
DA:58,0
DA:61,0
DA:62,0
DA:64,0
DA:65,0
DA:69,0
DA:70,0
DA:73,0
DA:74,0
DA:75,0
DA:78,0
DA:97,0
DA:108,0
DA:131,0
DA:142,0
LF:37
LH:0
BRDA:25,0,0,0
BRDA:25,0,1,0
BRDA:26,1,0,0
BRDA:26,1,1,0
BRDA:37,2,0,0
BRDA:37,2,1,0
BRDA:46,3,0,0
BRDA:46,3,1,0
BRDA:52,4,0,0
BRDA:52,4,1,0
BRDA:56,5,0,0
BRDA:56,5,1,0
BRDA:65,6,0,0
BRDA:65,6,1,0
BRDA:69,7,0,0
BRDA:69,7,1,0
BRDA:73,8,0,0
BRDA:73,8,1,0
BRDA:84,9,0,0
BRDA:84,9,1,0
BRDA:85,10,0,0
BRDA:85,10,1,0
BRF:22
BRH:0
end_of_record
TN:
SF:src\views\Invoices\Invoices.tsx
FN:16,(anonymous_0)
FN:22,(anonymous_1)
FN:24,(anonymous_2)
FN:37,(anonymous_3)
FN:40,(anonymous_4)
FN:81,(anonymous_5)
FN:98,(anonymous_6)
FNF:7
FNH:0
FNDA:0,(anonymous_0)
FNDA:0,(anonymous_1)
FNDA:0,(anonymous_2)
FNDA:0,(anonymous_3)
FNDA:0,(anonymous_4)
FNDA:0,(anonymous_5)
FNDA:0,(anonymous_6)
DA:16,0
DA:17,0
DA:18,0
DA:19,0
DA:20,0
DA:22,0
DA:23,0
DA:24,0
DA:25,0
DA:26,0
DA:27,0
DA:29,0
DA:30,0
DA:33,0
DA:37,0
DA:38,0
DA:39,0
DA:40,0
DA:41,0
DA:44,0
DA:45,0
DA:49,0
DA:50,0
DA:53,0
DA:54,0
DA:55,0
DA:58,0
DA:82,0
DA:98,0
LF:29
LH:0
BRDA:23,0,0,0
BRDA:23,0,1,0
BRDA:30,1,0,0
BRDA:30,1,1,0
BRDA:41,2,0,0
BRDA:41,2,1,0
BRDA:45,3,0,0
BRDA:45,3,1,0
BRDA:49,4,0,0
BRDA:49,4,1,0
BRDA:53,5,0,0
BRDA:53,5,1,0
BRDA:63,6,0,0
BRDA:63,6,1,0
BRDA:76,7,0,0
BRDA:76,7,1,0
BRDA:89,8,0,0
BRDA:89,8,1,0
BRDA:96,9,0,0
BRDA:96,9,1,0
BRF:20
BRH:0
end_of_record
TN:
SF:src\views\Notifications\Notifications.tsx
FN:18,(anonymous_0)
FN:24,(anonymous_1)
FN:26,(anonymous_2)
FN:39,(anonymous_3)
FN:42,(anonymous_4)
FN:71,(anonymous_5)
FN:79,(anonymous_6)
FNF:7
FNH:0
FNDA:0,(anonymous_0)
FNDA:0,(anonymous_1)
FNDA:0,(anonymous_2)
FNDA:0,(anonymous_3)
FNDA:0,(anonymous_4)
FNDA:0,(anonymous_5)
FNDA:0,(anonymous_6)
DA:18,0
DA:19,0
DA:20,0
DA:21,0
DA:22,0
DA:24,0
DA:25,0
DA:26,0
DA:27,0
DA:28,0
DA:29,0
DA:31,0
DA:32,0
DA:35,0
DA:39,0
DA:40,0
DA:41,0
DA:42,0
DA:43,0
DA:46,0
DA:47,0
DA:51,0
DA:52,0
DA:55,0
DA:56,0
DA:57,0
DA:60,0
DA:72,0
DA:79,0
LF:29
LH:0
BRDA:25,0,0,0
BRDA:25,0,1,0
BRDA:32,1,0,0
BRDA:32,1,1,0
BRDA:43,2,0,0
BRDA:43,2,1,0
BRDA:47,3,0,0
BRDA:47,3,1,0
BRDA:51,4,0,0
BRDA:51,4,1,0
BRDA:55,5,0,0
BRDA:55,5,1,0
BRDA:66,6,0,0
BRDA:66,6,1,0
BRDA:68,7,0,0
BRDA:68,7,1,0
BRDA:75,8,0,0
BRDA:75,8,1,0
BRDA:77,9,0,0
BRDA:77,9,1,0
BRF:20
BRH:0
end_of_record
TN:
SF:src\views\Orders\OrderDetails.tsx
FN:37,(anonymous_0)
FN:47,(anonymous_1)
FN:49,(anonymous_2)
FN:68,(anonymous_3)
FN:86,(anonymous_4)
FN:110,(anonymous_5)
FN:164,(anonymous_6)
FN:178,(anonymous_7)
FN:187,(anonymous_8)
FN:206,(anonymous_9)
FN:216,(anonymous_10)
FN:229,(anonymous_11)
FN:253,(anonymous_12)
FNF:13
FNH:0
FNDA:0,(anonymous_0)
FNDA:0,(anonymous_1)
FNDA:0,(anonymous_2)
FNDA:0,(anonymous_3)
FNDA:0,(anonymous_4)
FNDA:0,(anonymous_5)
FNDA:0,(anonymous_6)
FNDA:0,(anonymous_7)
FNDA:0,(anonymous_8)
FNDA:0,(anonymous_9)
FNDA:0,(anonymous_10)
FNDA:0,(anonymous_11)
FNDA:0,(anonymous_12)
DA:37,0
DA:38,0
DA:39,0
DA:40,0
DA:41,0
DA:42,0
DA:43,0
DA:44,0
DA:45,0
DA:47,0
DA:48,0
DA:49,0
DA:50,0
DA:51,0
DA:52,0
DA:53,0
DA:54,0
DA:60,0
DA:61,0
DA:64,0
DA:68,0
DA:69,0
DA:70,0
DA:71,0
DA:72,0
DA:76,0
DA:77,0
DA:78,0
DA:80,0
DA:81,0
DA:82,0
DA:86,0
DA:87,0
DA:88,0
DA:89,0
DA:90,0
DA:92,0
DA:93,0
DA:97,0
DA:98,0
DA:101,0
DA:102,0
DA:103,0
DA:106,0
DA:107,0
DA:110,0
DA:111,0
DA:112,0
DA:113,0
DA:114,0
DA:115,0
DA:119,0
DA:165,0
DA:179,0
DA:180,0
DA:187,0
DA:206,0
DA:216,0
DA:229,0
DA:253,0
LF:60
LH:0
BRDA:48,0,0,0
BRDA:48,0,1,0
BRDA:48,1,0,0
BRDA:48,1,1,0
BRDA:61,2,0,0
BRDA:61,2,1,0
BRDA:81,3,0,0
BRDA:81,3,1,0
BRDA:93,4,0,0
BRDA:93,4,1,0
BRDA:97,5,0,0
BRDA:97,5,1,0
BRDA:101,6,0,0
BRDA:101,6,1,0
BRDA:106,7,0,0
BRDA:106,7,1,0
BRDA:111,8,0,0
BRDA:111,8,1,0
BRDA:111,8,2,0
BRDA:111,8,3,0
BRDA:127,9,0,0
BRDA:127,9,1,0
BRDA:160,10,0,0
BRDA:160,10,1,0
BRDA:194,11,0,0
BRDA:194,11,1,0
BRDA:246,12,0,0
BRDA:246,12,1,0
BRF:28
BRH:0
end_of_record
TN:
SF:src\views\Orders\Orders.tsx
FN:37,(anonymous_0)
FN:51,(anonymous_1)
FN:54,(anonymous_2)
FN:64,(anonymous_3)
FN:73,(anonymous_4)
FN:96,(anonymous_5)
FN:104,(anonymous_6)
FN:113,(anonymous_7)
FN:124,(anonymous_8)
FN:128,(anonymous_9)
FN:136,(anonymous_10)
FN:141,(anonymous_11)
FN:148,(anonymous_12)
FN:179,(anonymous_13)
FN:187,(anonymous_14)
FN:196,(anonymous_15)
FN:238,(anonymous_16)
FN:256,(anonymous_17)
FN:262,(anonymous_18)
FN:268,(anonymous_19)
FN:284,(anonymous_20)
FN:290,(anonymous_21)
FN:293,(anonymous_22)
FN:300,(anonymous_23)
FN:322,(anonymous_24)
FN:332,(anonymous_25)
FN:345,(anonymous_26)
FN:370,(anonymous_27)
FN:376,(anonymous_28)
FNF:29
FNH:3
FNDA:2,(anonymous_0)
FNDA:2,(anonymous_1)
FNDA:2,(anonymous_2)
FNDA:0,(anonymous_3)
FNDA:0,(anonymous_4)
FNDA:0,(anonymous_5)
FNDA:0,(anonymous_6)
FNDA:0,(anonymous_7)
FNDA:0,(anonymous_8)
FNDA:0,(anonymous_9)
FNDA:0,(anonymous_10)
FNDA:0,(anonymous_11)
FNDA:0,(anonymous_12)
FNDA:0,(anonymous_13)
FNDA:0,(anonymous_14)
FNDA:0,(anonymous_15)
FNDA:0,(anonymous_16)
FNDA:0,(anonymous_17)
FNDA:0,(anonymous_18)
FNDA:0,(anonymous_19)
FNDA:0,(anonymous_20)
FNDA:0,(anonymous_21)
FNDA:0,(anonymous_22)
FNDA:0,(anonymous_23)
FNDA:0,(anonymous_24)
FNDA:0,(anonymous_25)
FNDA:0,(anonymous_26)
FNDA:0,(anonymous_27)
FNDA:0,(anonymous_28)
DA:37,1
DA:38,2
DA:39,2
DA:40,2
DA:41,2
DA:42,2
DA:43,2
DA:44,2
DA:45,2
DA:46,2
DA:47,2
DA:48,2
DA:49,2
DA:51,2
DA:52,2
DA:53,2
DA:54,2
DA:55,2
DA:56,2
DA:59,2
DA:60,2
DA:63,2
DA:64,0
DA:65,0
DA:73,2
DA:74,0
DA:75,0
DA:76,0
DA:77,0
DA:79,0
DA:80,0
DA:82,0
DA:85,2
DA:87,0
DA:88,0
DA:89,0
DA:92,2
DA:96,2
DA:97,0
DA:98,0
DA:99,0
DA:100,0
DA:104,0
DA:105,0
DA:106,0
DA:108,0
DA:109,0
DA:113,2
DA:114,0
DA:115,0
DA:120,0
DA:124,2
DA:125,0
DA:126,0
DA:127,0
DA:128,0
DA:129,0
DA:131,0
DA:132,0
DA:136,2
DA:137,0
DA:138,0
DA:141,2
DA:143,2
DA:144,2
DA:145,2
DA:146,2
DA:148,2
DA:149,0
DA:150,0
DA:151,0
DA:152,0
DA:153,0
DA:157,2
DA:158,0
DA:161,2
DA:162,0
DA:163,0
DA:166,2
DA:179,0
DA:187,0
DA:196,0
DA:239,0
DA:256,0
DA:262,0
DA:268,0
DA:284,0
DA:291,0
DA:293,0
DA:300,0
DA:322,0
DA:332,0
DA:345,0
DA:370,0
DA:376,0
LF:95
LH:38
BRDA:52,0,0,2
BRDA:52,0,1,0
BRDA:63,1,0,0
BRDA:63,1,1,2
BRDA:65,2,0,0
BRDA:65,2,1,0
BRDA:65,2,2,0
BRDA:65,2,3,0
BRDA:65,2,4,0
BRDA:65,2,5,0
BRDA:65,2,6,0
BRDA:76,3,0,0
BRDA:76,3,1,0
BRDA:77,4,0,0
BRDA:77,4,1,0
BRDA:79,5,0,0
BRDA:79,5,1,0
BRDA:79,6,0,0
BRDA:79,6,1,0
BRDA:80,7,0,0
BRDA:80,7,1,0
BRDA:88,8,0,0
BRDA:88,8,1,0
BRDA:104,9,0,0
BRDA:104,9,1,0
BRDA:109,10,0,0
BRDA:109,10,1,0
BRDA:114,11,0,0
BRDA:114,11,1,0
BRDA:132,12,0,0
BRDA:132,12,1,0
BRDA:149,13,0,0
BRDA:149,13,1,0
BRDA:149,13,2,0
BRDA:149,13,3,0
BRDA:157,14,0,0
BRDA:157,14,1,2
BRDA:161,15,0,0
BRDA:161,15,1,2
BRDA:207,16,0,2
BRDA:207,16,1,0
BRDA:231,17,0,2
BRDA:231,17,1,0
BRDA:242,18,0,0
BRDA:242,18,1,0
BRDA:242,18,2,0
BRDA:242,19,0,0
BRDA:242,19,1,0
BRDA:294,20,0,0
BRDA:294,20,1,0
BRDA:310,21,0,2
BRDA:310,21,1,0
BRDA:363,22,0,2
BRDA:363,22,1,0
BRF:54
BRH:8
end_of_record
TN:
SF:src\views\Resources\Resources.tsx
FN:71,(anonymous_0)
FN:110,(anonymous_1)
FN:113,(anonymous_2)
FN:124,(anonymous_3)
FN:135,(anonymous_4)
FN:146,(anonymous_5)
FN:163,(anonymous_6)
FN:179,(anonymous_7)
FN:208,(anonymous_8)
FN:261,(anonymous_9)
FN:281,(anonymous_10)
FN:284,(anonymous_11)
FN:291,(anonymous_12)
FN:295,(anonymous_13)
FN:303,(anonymous_14)
FN:313,(anonymous_15)
FN:333,(anonymous_16)
FN:354,(anonymous_17)
FN:394,(anonymous_18)
FN:425,(anonymous_19)
FN:431,(anonymous_20)
FN:448,(anonymous_21)
FN:448,(anonymous_22)
FN:454,(anonymous_23)
FN:454,(anonymous_24)
FN:457,(anonymous_25)
FN:464,(anonymous_26)
FN:464,(anonymous_27)
FN:489,(anonymous_28)
FN:501,(anonymous_29)
FN:512,(anonymous_30)
FN:522,(anonymous_31)
FN:536,(anonymous_32)
FN:547,(anonymous_33)
FN:558,(anonymous_34)
FN:568,(anonymous_35)
FN:581,(anonymous_36)
FN:607,(anonymous_37)
FN:623,(anonymous_38)
FN:627,(anonymous_39)
FN:639,(anonymous_40)
FN:646,(anonymous_41)
FN:658,(anonymous_42)
FN:696,(anonymous_43)
FN:707,(anonymous_44)
FN:720,(anonymous_45)
FN:733,(anonymous_46)
FN:746,(anonymous_47)
FN:757,(anonymous_48)
FN:773,(anonymous_49)
FN:777,(anonymous_50)
FN:789,(anonymous_51)
FN:796,(anonymous_52)
FN:808,(anonymous_53)
FNF:54
FNH:0
FNDA:0,(anonymous_0)
FNDA:0,(anonymous_1)
FNDA:0,(anonymous_2)
FNDA:0,(anonymous_3)
FNDA:0,(anonymous_4)
FNDA:0,(anonymous_5)
FNDA:0,(anonymous_6)
FNDA:0,(anonymous_7)
FNDA:0,(anonymous_8)
FNDA:0,(anonymous_9)
FNDA:0,(anonymous_10)
FNDA:0,(anonymous_11)
FNDA:0,(anonymous_12)
FNDA:0,(anonymous_13)
FNDA:0,(anonymous_14)
FNDA:0,(anonymous_15)
FNDA:0,(anonymous_16)
FNDA:0,(anonymous_17)
FNDA:0,(anonymous_18)
FNDA:0,(anonymous_19)
FNDA:0,(anonymous_20)
FNDA:0,(anonymous_21)
FNDA:0,(anonymous_22)
FNDA:0,(anonymous_23)
FNDA:0,(anonymous_24)
FNDA:0,(anonymous_25)
FNDA:0,(anonymous_26)
FNDA:0,(anonymous_27)
FNDA:0,(anonymous_28)
FNDA:0,(anonymous_29)
FNDA:0,(anonymous_30)
FNDA:0,(anonymous_31)
FNDA:0,(anonymous_32)
FNDA:0,(anonymous_33)
FNDA:0,(anonymous_34)
FNDA:0,(anonymous_35)
FNDA:0,(anonymous_36)
FNDA:0,(anonymous_37)
FNDA:0,(anonymous_38)
FNDA:0,(anonymous_39)
FNDA:0,(anonymous_40)
FNDA:0,(anonymous_41)
FNDA:0,(anonymous_42)
FNDA:0,(anonymous_43)
FNDA:0,(anonymous_44)
FNDA:0,(anonymous_45)
FNDA:0,(anonymous_46)
FNDA:0,(anonymous_47)
FNDA:0,(anonymous_48)
FNDA:0,(anonymous_49)
FNDA:0,(anonymous_50)
FNDA:0,(anonymous_51)
FNDA:0,(anonymous_52)
FNDA:0,(anonymous_53)
DA:71,0
DA:72,0
DA:73,0
DA:74,0
DA:75,0
DA:76,0
DA:77,0
DA:92,0
DA:102,0
DA:103,0
DA:104,0
DA:105,0
DA:106,0
DA:107,0
DA:108,0
DA:110,0
DA:111,0
DA:113,0
DA:114,0
DA:115,0
DA:116,0
DA:117,0
DA:119,0
DA:120,0
DA:124,0
DA:125,0
DA:126,0
DA:127,0
DA:128,0
DA:130,0
DA:131,0
DA:135,0
DA:136,0
DA:137,0
DA:138,0
DA:139,0
DA:141,0
DA:142,0
DA:146,0
DA:147,0
DA:148,0
DA:149,0
DA:150,0
DA:152,0
DA:153,0
DA:157,0
DA:158,0
DA:159,0
DA:160,0
DA:163,0
DA:164,0
DA:165,0
DA:166,0
DA:177,0
DA:178,0
DA:179,0
DA:181,0
DA:182,0
DA:185,0
DA:200,0
DA:201,0
DA:203,0
DA:204,0
DA:208,0
DA:209,0
DA:210,0
DA:211,0
DA:212,0
DA:213,0
DA:214,0
DA:216,0
DA:217,0
DA:218,0
DA:220,0
DA:221,0
DA:224,0
DA:227,0
DA:239,0
DA:240,0
DA:241,0
DA:242,0
DA:243,0
DA:253,0
DA:254,0
DA:256,0
DA:257,0
DA:261,0
DA:262,0
DA:277,0
DA:278,0
DA:281,0
DA:282,0
DA:283,0
DA:284,0
DA:286,0
DA:287,0
DA:291,0
DA:292,0
DA:293,0
DA:294,0
DA:295,0
DA:296,0
DA:298,0
DA:302,0
DA:304,0
DA:308,0
DA:309,0
DA:310,0
DA:311,0
DA:313,0
DA:314,0
DA:329,0
DA:330,0
DA:333,0
DA:334,0
DA:337,0
DA:338,0
DA:341,0
DA:354,0
DA:395,0
DA:425,0
DA:431,0
DA:448,0
DA:454,0
DA:455,0
DA:457,0
DA:464,0
DA:489,0
DA:501,0
DA:512,0
DA:522,0
DA:536,0
DA:547,0
DA:558,0
DA:568,0
DA:581,0
DA:607,0
DA:623,0
DA:628,0
DA:639,0
DA:647,0
DA:658,0
DA:696,0
DA:707,0
DA:720,0
DA:733,0
DA:746,0
DA:757,0
DA:773,0
DA:778,0
DA:789,0
DA:797,0
DA:808,0
LF:153
LH:0
BRDA:111,0,0,0
BRDA:111,0,1,0
BRDA:120,1,0,0
BRDA:120,1,1,0
BRDA:131,2,0,0
BRDA:131,2,1,0
BRDA:142,3,0,0
BRDA:142,3,1,0
BRDA:153,4,0,0
BRDA:153,4,1,0
BRDA:172,5,0,0
BRDA:172,5,1,0
BRDA:173,6,0,0
BRDA:173,6,1,0
BRDA:174,7,0,0
BRDA:174,7,1,0
BRDA:177,8,0,0
BRDA:177,8,1,0
BRDA:179,9,0,0
BRDA:179,9,1,0
BRDA:204,10,0,0
BRDA:204,10,1,0
BRDA:211,11,0,0
BRDA:211,11,1,0
BRDA:212,12,0,0
BRDA:212,12,1,0
BRDA:213,13,0,0
BRDA:213,13,1,0
BRDA:214,14,0,0
BRDA:214,14,1,0
BRDA:216,15,0,0
BRDA:216,15,1,0
BRDA:216,16,0,0
BRDA:216,16,1,0
BRDA:216,16,2,0
BRDA:216,16,3,0
BRDA:220,17,0,0
BRDA:220,17,1,0
BRDA:220,18,0,0
BRDA:220,18,1,0
BRDA:220,18,2,0
BRDA:234,19,0,0
BRDA:234,19,1,0
BRDA:235,20,0,0
BRDA:235,20,1,0
BRDA:257,21,0,0
BRDA:257,21,1,0
BRDA:272,22,0,0
BRDA:272,22,1,0
BRDA:273,23,0,0
BRDA:273,23,1,0
BRDA:274,24,0,0
BRDA:274,24,1,0
BRDA:275,25,0,0
BRDA:275,25,1,0
BRDA:287,26,0,0
BRDA:287,26,1,0
BRDA:293,27,0,0
BRDA:293,27,1,0
BRDA:304,28,0,0
BRDA:304,28,1,0
BRDA:337,29,0,0
BRDA:337,29,1,0
BRDA:377,30,0,0
BRDA:377,30,1,0
BRDA:391,31,0,0
BRDA:391,31,1,0
BRDA:398,32,0,0
BRDA:398,32,1,0
BRDA:412,33,0,0
BRDA:412,33,1,0
BRDA:413,34,0,0
BRDA:413,34,1,0
BRDA:416,35,0,0
BRDA:416,35,1,0
BRDA:417,36,0,0
BRDA:417,36,1,0
BRDA:419,37,0,0
BRDA:419,37,1,0
BRDA:444,38,0,0
BRDA:444,38,1,0
BRDA:458,39,0,0
BRDA:458,39,1,0
BRDA:475,40,0,0
BRDA:475,40,1,0
BRDA:479,41,0,0
BRDA:479,41,1,0
BRDA:598,42,0,0
BRDA:598,42,1,0
BRDA:622,43,0,0
BRDA:622,43,1,0
BRDA:638,44,0,0
BRDA:638,44,1,0
BRDA:643,45,0,0
BRDA:643,45,1,0
BRDA:667,46,0,0
BRDA:667,46,1,0
BRDA:684,47,0,0
BRDA:684,47,1,0
BRDA:772,48,0,0
BRDA:772,48,1,0
BRDA:788,49,0,0
BRDA:788,49,1,0
BRDA:793,50,0,0
BRDA:793,50,1,0
BRF:105
BRH:0
end_of_record
TN:
SF:src\views\UserManagement\Profile.tsx
FN:20,(anonymous_0)
FN:37,(anonymous_1)
FN:38,(anonymous_2)
FN:77,(anonymous_3)
FN:124,(anonymous_4)
FN:142,(anonymous_5)
FN:154,(anonymous_6)
FN:166,(anonymous_7)
FN:189,(anonymous_8)
FN:202,(anonymous_9)
FN:232,(anonymous_10)
FNF:11
FNH:0
FNDA:0,(anonymous_0)
FNDA:0,(anonymous_1)
FNDA:0,(anonymous_2)
FNDA:0,(anonymous_3)
FNDA:0,(anonymous_4)
FNDA:0,(anonymous_5)
FNDA:0,(anonymous_6)
FNDA:0,(anonymous_7)
FNDA:0,(anonymous_8)
FNDA:0,(anonymous_9)
FNDA:0,(anonymous_10)
DA:20,0
DA:21,0
DA:22,0
DA:23,0
DA:24,0
DA:34,0
DA:35,0
DA:37,0
DA:38,0
DA:39,0
DA:40,0
DA:41,0
DA:42,0
DA:44,0
DA:45,0
DA:46,0
DA:47,0
DA:49,0
DA:50,0
DA:51,0
DA:62,0
DA:63,0
DA:65,0
DA:67,0
DA:68,0
DA:69,0
DA:71,0
DA:74,0
DA:77,0
DA:78,0
DA:79,0
DA:80,0
DA:81,0
DA:89,0
DA:90,0
DA:91,0
DA:92,0
DA:93,0
DA:95,0
DA:97,0
DA:98,0
DA:100,0
DA:101,0
DA:102,0
DA:106,0
DA:107,0
DA:110,0
DA:111,0
DA:112,0
DA:115,0
DA:124,0
DA:142,0
DA:154,0
DA:166,0
DA:189,0
DA:202,0
DA:233,0
DA:243,0
DA:244,0
LF:59
LH:0
BRDA:39,0,0,0
BRDA:39,0,1,0
BRDA:39,1,0,0
BRDA:39,1,1,0
BRDA:49,2,0,0
BRDA:49,2,1,0
BRDA:50,3,0,0
BRDA:50,3,1,0
BRDA:50,4,0,0
BRDA:50,4,1,0
BRDA:52,5,0,0
BRDA:52,5,1,0
BRDA:53,6,0,0
BRDA:53,6,1,0
BRDA:53,6,2,0
BRDA:54,7,0,0
BRDA:54,7,1,0
BRDA:54,7,2,0
BRDA:55,8,0,0
BRDA:55,8,1,0
BRDA:55,8,2,0
BRDA:68,9,0,0
BRDA:68,9,1,0
BRDA:69,10,0,0
BRDA:69,10,1,0
BRDA:80,11,0,0
BRDA:80,11,1,0
BRDA:91,12,0,0
BRDA:91,12,1,0
BRDA:92,13,0,0
BRDA:92,13,1,0
BRDA:92,14,0,0
BRDA:92,14,1,0
BRDA:101,15,0,0
BRDA:101,15,1,0
BRDA:102,16,0,0
BRDA:102,16,1,0
BRDA:106,17,0,0
BRDA:106,17,1,0
BRDA:106,18,0,0
BRDA:106,18,1,0
BRDA:110,19,0,0
BRDA:110,19,1,0
BRDA:122,20,0,0
BRDA:122,20,1,0
BRDA:132,21,0,0
BRDA:132,21,1,0
BRDA:153,22,0,0
BRDA:153,22,1,0
BRDA:165,23,0,0
BRDA:165,23,1,0
BRDA:182,24,0,0
BRDA:182,24,1,0
BRDA:188,25,0,0
BRDA:188,25,1,0
BRDA:189,26,0,0
BRDA:189,26,1,0
BRDA:195,27,0,0
BRDA:195,27,1,0
BRDA:201,28,0,0
BRDA:201,28,1,0
BRDA:202,29,0,0
BRDA:202,29,1,0
BRDA:208,30,0,0
BRDA:208,30,1,0
BRDA:222,31,0,0
BRDA:222,31,1,0
BRDA:235,32,0,0
BRDA:235,32,1,0
BRDA:236,33,0,0
BRDA:236,33,1,0
BRDA:237,34,0,0
BRDA:237,34,1,0
BRF:73
BRH:0
end_of_record
TN:
SF:src\views\UserManagement\UserManagement.tsx
FN:25,(anonymous_0)
FN:45,(anonymous_1)
FN:52,(anonymous_2)
FN:57,(anonymous_3)
FN:67,(anonymous_4)
FN:73,(anonymous_5)
FN:87,(anonymous_6)
FN:93,(anonymous_7)
FN:96,(anonymous_8)
FN:104,(anonymous_9)
FN:109,(anonymous_10)
FN:124,(anonymous_11)
FN:126,(anonymous_12)
FN:149,(anonymous_13)
FN:162,(anonymous_14)
FN:185,(anonymous_15)
FN:194,(anonymous_16)
FN:220,(anonymous_17)
FN:232,(anonymous_18)
FN:238,(anonymous_19)
FN:254,(anonymous_20)
FN:260,(anonymous_21)
FN:263,(anonymous_22)
FN:270,(anonymous_23)
FN:294,(anonymous_24)
FN:305,(anonymous_25)
FN:317,(anonymous_26)
FN:328,(anonymous_27)
FN:340,(anonymous_28)
FNF:29
FNH:0
FNDA:0,(anonymous_0)
FNDA:0,(anonymous_1)
FNDA:0,(anonymous_2)
FNDA:0,(anonymous_3)
FNDA:0,(anonymous_4)
FNDA:0,(anonymous_5)
FNDA:0,(anonymous_6)
FNDA:0,(anonymous_7)
FNDA:0,(anonymous_8)
FNDA:0,(anonymous_9)
FNDA:0,(anonymous_10)
FNDA:0,(anonymous_11)
FNDA:0,(anonymous_12)
FNDA:0,(anonymous_13)
FNDA:0,(anonymous_14)
FNDA:0,(anonymous_15)
FNDA:0,(anonymous_16)
FNDA:0,(anonymous_17)
FNDA:0,(anonymous_18)
FNDA:0,(anonymous_19)
FNDA:0,(anonymous_20)
FNDA:0,(anonymous_21)
FNDA:0,(anonymous_22)
FNDA:0,(anonymous_23)
FNDA:0,(anonymous_24)
FNDA:0,(anonymous_25)
FNDA:0,(anonymous_26)
FNDA:0,(anonymous_27)
FNDA:0,(anonymous_28)
DA:25,0
DA:26,0
DA:27,0
DA:28,0
DA:29,0
DA:30,0
DA:37,0
DA:38,0
DA:39,0
DA:40,0
DA:41,0
DA:42,0
DA:43,0
DA:45,0
DA:46,0
DA:47,0
DA:48,0
DA:49,0
DA:52,0
DA:53,0
DA:54,0
DA:55,0
DA:57,0
DA:58,0
DA:60,0
DA:61,0
DA:64,0
DA:67,0
DA:68,0
DA:69,0
DA:70,0
DA:71,0
DA:72,0
DA:73,0
DA:75,0
DA:76,0
DA:78,0
DA:79,0
DA:80,0
DA:82,0
DA:83,0
DA:87,0
DA:88,0
DA:89,0
DA:90,0
DA:93,0
DA:94,0
DA:95,0
DA:96,0
DA:98,0
DA:99,0
DA:103,0
DA:105,0
DA:110,0
DA:111,0
DA:112,0
DA:113,0
DA:114,0
DA:116,0
DA:119,0
DA:120,0
DA:121,0
DA:122,0
DA:124,0
DA:126,0
DA:127,0
DA:128,0
DA:129,0
DA:132,0
DA:133,0
DA:136,0
DA:149,0
DA:162,0
DA:185,0
DA:194,0
DA:221,0
DA:232,0
DA:238,0
DA:254,0
DA:261,0
DA:263,0
DA:270,0
DA:294,0
DA:305,0
DA:317,0
DA:328,0
DA:340,0
LF:87
LH:0
BRDA:47,0,0,0
BRDA:47,0,1,0
BRDA:57,1,0,0
BRDA:57,1,1,0
BRDA:57,1,2,0
BRDA:57,1,3,0
BRDA:61,2,0,0
BRDA:61,2,1,0
BRDA:70,3,0,0
BRDA:70,3,1,0
BRDA:71,4,0,0
BRDA:71,4,1,0
BRDA:73,5,0,0
BRDA:73,5,1,0
BRDA:83,6,0,0
BRDA:83,6,1,0
BRDA:99,7,0,0
BRDA:99,7,1,0
BRDA:105,8,0,0
BRDA:105,8,1,0
BRDA:105,8,2,0
BRDA:105,9,0,0
BRDA:105,9,1,0
BRDA:106,10,0,0
BRDA:106,10,1,0
BRDA:107,11,0,0
BRDA:107,11,1,0
BRDA:110,12,0,0
BRDA:110,12,1,0
BRDA:113,13,0,0
BRDA:113,13,1,0
BRDA:113,14,0,0
BRDA:113,14,1,0
BRDA:114,15,0,0
BRDA:114,15,1,0
BRDA:132,16,0,0
BRDA:132,16,1,0
BRDA:172,17,0,0
BRDA:172,17,1,0
BRDA:213,18,0,0
BRDA:213,18,1,0
BRDA:225,19,0,0
BRDA:225,19,1,0
BRDA:264,20,0,0
BRDA:264,20,1,0
BRDA:280,21,0,0
BRDA:280,21,1,0
BRDA:284,22,0,0
BRDA:284,22,1,0
BRDA:310,23,0,0
BRDA:310,23,1,0
BRDA:349,24,0,0
BRDA:349,24,1,0
BRF:53
BRH:0
end_of_record
TN:
SF:src\views\account-settings\AccountSettings.tsx
FN:3,AccountSettings
FNF:1
FNH:0
FNDA:0,AccountSettings
DA:4,0
LF:1
LH:0
BRF:0
BRH:0
end_of_record
TN:
SF:src\views\alerts\Alerts.tsx
FN:4,(anonymous_0)
FNF:1
FNH:0
FNDA:0,(anonymous_0)
DA:4,0
DA:5,0
LF:2
LH:0
BRF:0
BRH:0
end_of_record
TN:
SF:src\views\auth\authforms\AuthLogin.tsx
FN:8,(anonymous_0)
FN:16,(anonymous_1)
FN:76,(anonymous_2)
FN:90,(anonymous_3)
FNF:4
FNH:0
FNDA:0,(anonymous_0)
FNDA:0,(anonymous_1)
FNDA:0,(anonymous_2)
FNDA:0,(anonymous_3)
DA:8,0
DA:9,0
DA:10,0
DA:11,0
DA:12,0
DA:13,0
DA:14,0
DA:16,0
DA:17,0
DA:18,0
DA:19,0
DA:20,0
DA:22,0
DA:23,0
DA:28,0
DA:30,0
DA:31,0
DA:32,0
DA:35,0
DA:36,0
DA:37,0
DA:38,0
DA:39,0
DA:41,0
DA:42,0
DA:43,0
DA:45,0
DA:46,0
DA:47,0
DA:48,0
DA:50,0
DA:52,0
DA:53,0
DA:55,0
DA:58,0
DA:62,0
DA:76,0
DA:90,0
LF:38
LH:0
BRDA:31,0,0,0
BRDA:31,0,1,0
BRDA:31,1,0,0
BRDA:31,1,1,0
BRDA:46,2,0,0
BRDA:46,2,1,0
BRDA:47,3,0,0
BRDA:47,3,1,0
BRDA:50,4,0,0
BRDA:50,4,1,0
BRDA:52,5,0,0
BRDA:52,5,1,0
BRDA:107,6,0,0
BRDA:107,6,1,0
BRDA:114,7,0,0
BRDA:114,7,1,0
BRF:16
BRH:0
end_of_record
TN:
SF:src\views\auth\authforms\AuthRegister.tsx
FN:7,(anonymous_0)
FN:19,(anonymous_1)
FN:73,(anonymous_2)
FN:115,(anonymous_3)
FN:147,(anonymous_4)
FN:161,(anonymous_5)
FN:172,(anonymous_6)
FN:193,(anonymous_7)
FN:207,(anonymous_8)
FN:222,(anonymous_9)
FN:237,(anonymous_10)
FNF:11
FNH:0
FNDA:0,(anonymous_0)
FNDA:0,(anonymous_1)
FNDA:0,(anonymous_2)
FNDA:0,(anonymous_3)
FNDA:0,(anonymous_4)
FNDA:0,(anonymous_5)
FNDA:0,(anonymous_6)
FNDA:0,(anonymous_7)
FNDA:0,(anonymous_8)
FNDA:0,(anonymous_9)
FNDA:0,(anonymous_10)
DA:7,0
DA:8,0
DA:9,0
DA:10,0
DA:11,0
DA:12,0
DA:13,0
DA:14,0
DA:15,0
DA:16,0
DA:17,0
DA:19,0
DA:20,0
DA:21,0
DA:22,0
DA:24,0
DA:25,0
DA:26,0
DA:29,0
DA:30,0
DA:31,0
DA:34,0
DA:35,0
DA:36,0
DA:38,0
DA:39,0
DA:40,0
DA:42,0
DA:43,0
DA:44,0
DA:46,0
DA:47,0
DA:48,0
DA:50,0
DA:51,0
DA:52,0
DA:54,0
DA:55,0
DA:56,0
DA:58,0
DA:59,0
DA:60,0
DA:62,0
DA:63,0
DA:64,0
DA:66,0
DA:67,0
DA:68,0
DA:70,0
DA:73,0
DA:74,0
DA:75,0
DA:76,0
DA:78,0
DA:79,0
DA:80,0
DA:83,0
DA:84,0
DA:103,0
DA:104,0
DA:107,0
DA:109,0
DA:111,0
DA:112,0
DA:113,0
DA:115,0
DA:116,0
DA:117,0
DA:119,0
DA:122,0
DA:124,0
DA:125,0
DA:127,0
DA:130,0
DA:134,0
DA:147,0
DA:161,0
DA:172,0
DA:193,0
DA:207,0
DA:222,0
DA:237,0
LF:82
LH:0
BRDA:20,0,0,0
BRDA:20,0,1,0
BRDA:20,1,0,0
BRDA:20,1,1,0
BRDA:24,2,0,0
BRDA:24,2,1,0
BRDA:29,3,0,0
BRDA:29,3,1,0
BRDA:34,4,0,0
BRDA:34,4,1,0
BRDA:38,5,0,0
BRDA:38,5,1,0
BRDA:42,6,0,0
BRDA:42,6,1,0
BRDA:46,7,0,0
BRDA:46,7,1,0
BRDA:50,8,0,0
BRDA:50,8,1,0
BRDA:54,9,0,0
BRDA:54,9,1,0
BRDA:58,10,0,0
BRDA:58,10,1,0
BRDA:62,11,0,0
BRDA:62,11,1,0
BRDA:66,12,0,0
BRDA:66,12,1,0
BRDA:78,13,0,0
BRDA:78,13,1,0
BRDA:103,14,0,0
BRDA:103,14,1,0
BRDA:103,15,0,0
BRDA:103,15,1,0
BRDA:109,16,0,0
BRDA:109,16,1,0
BRDA:111,17,0,0
BRDA:111,17,1,0
BRDA:113,18,0,0
BRDA:113,18,1,0
BRDA:116,19,0,0
BRDA:116,19,1,0
BRDA:122,20,0,0
BRDA:122,20,1,0
BRDA:124,21,0,0
BRDA:124,21,1,0
BRDA:242,22,0,0
BRDA:242,22,1,0
BRDA:253,23,0,0
BRDA:253,23,1,0
BRF:48
BRH:0
end_of_record
TN:
SF:src\views\auth\error\Error.tsx
FN:5,(anonymous_0)
FNF:1
FNH:0
FNDA:0,(anonymous_0)
DA:5,0
DA:6,0
LF:2
LH:0
BRF:0
BRH:0
end_of_record
TN:
SF:src\views\auth\login\Login.tsx
FN:13,(anonymous_0)
FNF:1
FNH:0
FNDA:0,(anonymous_0)
DA:6,0
DA:13,0
DA:14,0
LF:3
LH:0
BRF:0
BRH:0
end_of_record
TN:
SF:src\views\auth\register\Register.tsx
FN:14,(anonymous_0)
FNF:1
FNH:0
FNDA:0,(anonymous_0)
DA:6,0
DA:14,0
DA:15,0
LF:3
LH:0
BRF:0
BRH:0
end_of_record
TN:
SF:src\views\auth\register\page.tsx
FN:14,(anonymous_0)
FNF:1
FNH:0
FNDA:0,(anonymous_0)
DA:6,0
DA:14,0
DA:15,0
LF:3
LH:0
BRF:0
BRH:0
end_of_record
TN:
SF:src\views\chatbot\Chatbot.tsx
FN:22,(anonymous_0)
FN:30,(anonymous_1)
FN:34,(anonymous_2)
FN:74,(anonymous_3)
FN:77,(anonymous_4)
FN:100,(anonymous_5)
FN:106,(anonymous_6)
FN:116,(anonymous_7)
FN:139,(anonymous_8)
FN:140,(anonymous_9)
FN:145,(anonymous_10)
FN:164,(anonymous_11)
FN:165,(anonymous_12)
FN:170,(anonymous_13)
FN:193,(anonymous_14)
FN:216,(anonymous_15)
FN:222,(anonymous_16)
FN:228,(anonymous_17)
FN:230,(anonymous_18)
FN:231,(anonymous_19)
FN:239,(anonymous_20)
FN:244,(anonymous_21)
FN:245,(anonymous_22)
FN:246,(anonymous_23)
FN:253,(anonymous_24)
FN:254,(anonymous_25)
FN:262,(anonymous_26)
FN:262,(anonymous_27)
FN:290,(anonymous_28)
FN:318,(anonymous_29)
FN:326,(anonymous_30)
FN:334,(anonymous_31)
FN:363,(anonymous_32)
FN:383,(anonymous_33)
FN:386,(anonymous_34)
FN:404,(anonymous_35)
FN:443,(anonymous_36)
FN:456,(anonymous_37)
FNF:38
FNH:0
FNDA:0,(anonymous_0)
FNDA:0,(anonymous_1)
FNDA:0,(anonymous_2)
FNDA:0,(anonymous_3)
FNDA:0,(anonymous_4)
FNDA:0,(anonymous_5)
FNDA:0,(anonymous_6)
FNDA:0,(anonymous_7)
FNDA:0,(anonymous_8)
FNDA:0,(anonymous_9)
FNDA:0,(anonymous_10)
FNDA:0,(anonymous_11)
FNDA:0,(anonymous_12)
FNDA:0,(anonymous_13)
FNDA:0,(anonymous_14)
FNDA:0,(anonymous_15)
FNDA:0,(anonymous_16)
FNDA:0,(anonymous_17)
FNDA:0,(anonymous_18)
FNDA:0,(anonymous_19)
FNDA:0,(anonymous_20)
FNDA:0,(anonymous_21)
FNDA:0,(anonymous_22)
FNDA:0,(anonymous_23)
FNDA:0,(anonymous_24)
FNDA:0,(anonymous_25)
FNDA:0,(anonymous_26)
FNDA:0,(anonymous_27)
FNDA:0,(anonymous_28)
FNDA:0,(anonymous_29)
FNDA:0,(anonymous_30)
FNDA:0,(anonymous_31)
FNDA:0,(anonymous_32)
FNDA:0,(anonymous_33)
FNDA:0,(anonymous_34)
FNDA:0,(anonymous_35)
FNDA:0,(anonymous_36)
FNDA:0,(anonymous_37)
DA:22,0
DA:23,0
DA:24,0
DA:25,0
DA:26,0
DA:27,0
DA:28,0
DA:30,0
DA:31,0
DA:34,0
DA:35,0
DA:74,0
DA:75,0
DA:77,0
DA:78,0
DA:79,0
DA:82,0
DA:84,0
DA:85,0
DA:86,0
DA:88,0
DA:89,0
DA:90,0
DA:91,0
DA:92,0
DA:93,0
DA:97,0
DA:100,0
DA:101,0
DA:103,0
DA:105,0
DA:106,0
DA:107,0
DA:109,0
DA:111,0
DA:116,0
DA:117,0
DA:120,0
DA:121,0
DA:125,0
DA:126,0
DA:128,0
DA:134,0
DA:135,0
DA:136,0
DA:137,0
DA:139,0
DA:140,0
DA:146,0
DA:147,0
DA:149,0
DA:153,0
DA:159,0
DA:160,0
DA:161,0
DA:162,0
DA:164,0
DA:165,0
DA:171,0
DA:172,0
DA:173,0
DA:174,0
DA:176,0
DA:179,0
DA:183,0
DA:190,0
DA:193,0
DA:195,0
DA:196,0
DA:197,0
DA:198,0
DA:199,0
DA:200,0
DA:201,0
DA:202,0
DA:204,0
DA:208,0
DA:209,0
DA:211,0
DA:216,0
DA:218,0
DA:222,0
DA:223,0
DA:224,0
DA:228,0
DA:229,0
DA:230,0
DA:231,0
DA:232,0
DA:235,0
DA:239,0
DA:240,0
DA:241,0
DA:244,0
DA:245,0
DA:246,0
DA:247,0
DA:250,0
DA:253,0
DA:254,0
DA:255,0
DA:258,0
DA:262,0
DA:265,0
DA:291,0
DA:318,0
DA:326,0
DA:334,0
DA:363,0
DA:383,0
DA:386,0
DA:404,0
DA:443,0
DA:456,0
LF:114
LH:0
BRDA:75,0,0,0
BRDA:75,0,1,0
BRDA:75,1,0,0
BRDA:75,1,1,0
BRDA:82,2,0,0
BRDA:82,2,1,0
BRDA:82,2,2,0
BRDA:82,2,3,0
BRDA:82,2,4,0
BRDA:82,2,5,0
BRDA:86,3,0,0
BRDA:86,3,1,0
BRDA:86,4,0,0
BRDA:86,4,1,0
BRDA:88,5,0,0
BRDA:88,5,1,0
BRDA:88,6,0,0
BRDA:88,6,1,0
BRDA:88,6,2,0
BRDA:91,7,0,0
BRDA:91,7,1,0
BRDA:91,8,0,0
BRDA:91,8,1,0
BRDA:91,8,2,0
BRDA:101,9,0,0
BRDA:101,9,1,0
BRDA:105,10,0,0
BRDA:105,10,1,0
BRDA:107,11,0,0
BRDA:107,11,1,0
BRDA:134,12,0,0
BRDA:134,12,1,0
BRDA:137,13,0,0
BRDA:137,13,1,0
BRDA:146,14,0,0
BRDA:146,14,1,0
BRDA:146,15,0,0
BRDA:146,15,1,0
BRDA:159,16,0,0
BRDA:159,16,1,0
BRDA:159,17,0,0
BRDA:159,17,1,0
BRDA:162,18,0,0
BRDA:162,18,1,0
BRDA:171,19,0,0
BRDA:171,19,1,0
BRDA:171,20,0,0
BRDA:171,20,1,0
BRDA:197,21,0,0
BRDA:197,21,1,0
BRDA:197,22,0,0
BRDA:197,22,1,0
BRDA:199,23,0,0
BRDA:199,23,1,0
BRDA:201,24,0,0
BRDA:201,24,1,0
BRDA:208,25,0,0
BRDA:208,25,1,0
BRDA:223,26,0,0
BRDA:223,26,1,0
BRDA:229,27,0,0
BRDA:229,27,1,0
BRDA:232,28,0,0
BRDA:232,28,1,0
BRDA:247,29,0,0
BRDA:247,29,1,0
BRDA:255,30,0,0
BRDA:255,30,1,0
BRDA:258,31,0,0
BRDA:258,31,1,0
BRDA:258,32,0,0
BRDA:258,32,1,0
BRDA:295,33,0,0
BRDA:295,33,1,0
BRDA:306,34,0,0
BRDA:306,34,1,0
BRDA:307,35,0,0
BRDA:307,35,1,0
BRDA:308,36,0,0
BRDA:308,36,1,0
BRDA:311,37,0,0
BRDA:311,37,1,0
BRDA:314,38,0,0
BRDA:314,38,1,0
BRDA:345,39,0,0
BRDA:345,39,1,0
BRDA:346,40,0,0
BRDA:346,40,1,0
BRDA:348,41,0,0
BRDA:348,41,1,0
BRDA:349,42,0,0
BRDA:349,42,1,0
BRDA:357,43,0,0
BRDA:357,43,1,0
BRDA:357,44,0,0
BRDA:357,44,1,0
BRDA:371,45,0,0
BRDA:371,45,1,0
BRDA:371,45,2,0
BRDA:395,46,0,0
BRDA:395,46,1,0
BRDA:395,46,2,0
BRDA:395,46,3,0
BRDA:429,47,0,0
BRDA:429,47,1,0
BRF:105
BRH:0
end_of_record
TN:
SF:src\views\clear-graph\ClearGraph.tsx
FNF:0
FNH:0
LF:0
LH:0
BRF:0
BRH:0
end_of_record
TN:
SF:src\views\create-graph\CreateGraph.tsx
FNF:0
FNH:0
LF:0
LH:0
BRF:0
BRH:0
end_of_record
TN:
SF:src\views\dashboards\Dashboard.tsx
FN:75,(anonymous_0)
FN:88,(anonymous_1)
FN:90,(anonymous_2)
FN:166,(anonymous_3)
FN:171,(anonymous_4)
FNF:5
FNH:0
FNDA:0,(anonymous_0)
FNDA:0,(anonymous_1)
FNDA:0,(anonymous_2)
FNDA:0,(anonymous_3)
FNDA:0,(anonymous_4)
DA:75,0
DA:76,0
DA:77,0
DA:78,0
DA:79,0
DA:80,0
DA:81,0
DA:82,0
DA:83,0
DA:84,0
DA:85,0
DA:86,0
DA:88,0
DA:89,0
DA:90,0
DA:91,0
DA:93,0
DA:94,0
DA:97,0
DA:98,0
DA:101,0
DA:102,0
DA:105,0
DA:106,0
DA:107,0
DA:111,0
DA:112,0
DA:114,0
DA:115,0
DA:117,0
DA:118,0
DA:120,0
DA:121,0
DA:123,0
DA:124,0
DA:127,0
DA:134,0
DA:135,0
DA:138,0
DA:139,0
DA:140,0
DA:143,0
DA:166,0
DA:171,0
LF:44
LH:0
BRDA:89,0,0,0
BRDA:89,0,1,0
BRDA:105,1,0,0
BRDA:105,1,1,0
BRDA:124,2,0,0
BRDA:124,2,1,0
BRDA:134,3,0,0
BRDA:134,3,1,0
BRDA:138,4,0,0
BRDA:138,4,1,0
BRDA:146,5,0,0
BRDA:146,5,1,0
BRDA:149,6,0,0
BRDA:149,6,1,0
BRDA:149,6,2,0
BRDA:149,6,3,0
BRDA:149,6,4,0
BRDA:175,7,0,0
BRDA:175,7,1,0
BRDA:175,7,2,0
BRF:20
BRH:0
end_of_record
TN:
SF:src\views\forms\Form.tsx
FN:4,(anonymous_0)
FNF:1
FNH:0
FNDA:0,(anonymous_0)
DA:4,0
DA:5,0
LF:2
LH:0
BRF:0
BRH:0
end_of_record
TN:
SF:src\views\icons\Solar.tsx
FN:3,(anonymous_0)
FNF:1
FNH:0
FNDA:0,(anonymous_0)
DA:3,0
DA:4,0
LF:2
LH:0
BRF:0
BRH:0
end_of_record
TN:
SF:src\views\node-management\NodeForm.tsx
FN:7,(anonymous_0)
FN:28,(anonymous_1)
FN:32,(anonymous_2)
FN:219,(anonymous_3)
FN:229,(anonymous_4)
FN:232,(anonymous_5)
FN:241,(anonymous_6)
FN:245,(anonymous_7)
FN:252,(anonymous_8)
FN:253,(anonymous_9)
FN:256,(anonymous_10)
FN:283,(anonymous_11)
FN:309,(anonymous_12)
FN:334,(anonymous_13)
FN:339,(anonymous_14)
FN:340,(anonymous_15)
FN:343,(anonymous_16)
FN:344,(anonymous_17)
FN:363,(anonymous_18)
FN:366,(anonymous_19)
FN:377,(anonymous_20)
FN:384,(anonymous_21)
FN:387,(anonymous_22)
FN:399,(anonymous_23)
FN:418,(anonymous_24)
FN:437,(anonymous_25)
FN:446,(anonymous_26)
FN:451,(anonymous_27)
FN:460,(anonymous_28)
FN:468,(anonymous_29)
FN:481,(anonymous_30)
FN:486,(anonymous_31)
FN:493,(anonymous_32)
FN:494,(anonymous_33)
FN:501,(anonymous_34)
FN:512,(anonymous_35)
FN:513,(anonymous_36)
FN:530,(anonymous_37)
FNF:38
FNH:0
FNDA:0,(anonymous_0)
FNDA:0,(anonymous_1)
FNDA:0,(anonymous_2)
FNDA:0,(anonymous_3)
FNDA:0,(anonymous_4)
FNDA:0,(anonymous_5)
FNDA:0,(anonymous_6)
FNDA:0,(anonymous_7)
FNDA:0,(anonymous_8)
FNDA:0,(anonymous_9)
FNDA:0,(anonymous_10)
FNDA:0,(anonymous_11)
FNDA:0,(anonymous_12)
FNDA:0,(anonymous_13)
FNDA:0,(anonymous_14)
FNDA:0,(anonymous_15)
FNDA:0,(anonymous_16)
FNDA:0,(anonymous_17)
FNDA:0,(anonymous_18)
FNDA:0,(anonymous_19)
FNDA:0,(anonymous_20)
FNDA:0,(anonymous_21)
FNDA:0,(anonymous_22)
FNDA:0,(anonymous_23)
FNDA:0,(anonymous_24)
FNDA:0,(anonymous_25)
FNDA:0,(anonymous_26)
FNDA:0,(anonymous_27)
FNDA:0,(anonymous_28)
FNDA:0,(anonymous_29)
FNDA:0,(anonymous_30)
FNDA:0,(anonymous_31)
FNDA:0,(anonymous_32)
FNDA:0,(anonymous_33)
FNDA:0,(anonymous_34)
FNDA:0,(anonymous_35)
FNDA:0,(anonymous_36)
FNDA:0,(anonymous_37)
DA:7,0
DA:8,0
DA:9,0
DA:10,0
DA:11,0
DA:12,0
DA:13,0
DA:14,0
DA:15,0
DA:16,0
DA:18,0
DA:28,0
DA:29,0
DA:30,0
DA:32,0
DA:33,0
DA:34,0
DA:37,0
DA:60,0
DA:219,0
DA:220,0
DA:221,0
DA:222,0
DA:224,0
DA:225,0
DA:229,0
DA:230,0
DA:231,0
DA:232,0
DA:237,0
DA:241,0
DA:242,0
DA:243,0
DA:244,0
DA:245,0
DA:247,0
DA:248,0
DA:252,0
DA:253,0
DA:256,0
DA:257,0
DA:258,0
DA:259,0
DA:260,0
DA:262,0
DA:263,0
DA:264,0
DA:266,0
DA:267,0
DA:272,0
DA:273,0
DA:274,0
DA:275,0
DA:277,0
DA:279,0
DA:283,0
DA:284,0
DA:285,0
DA:286,0
DA:288,0
DA:289,0
DA:290,0
DA:292,0
DA:293,0
DA:298,0
DA:299,0
DA:300,0
DA:301,0
DA:303,0
DA:305,0
DA:309,0
DA:310,0
DA:312,0
DA:313,0
DA:314,0
DA:316,0
DA:317,0
DA:322,0
DA:325,0
DA:326,0
DA:328,0
DA:330,0
DA:334,0
DA:335,0
DA:336,0
DA:339,0
DA:340,0
DA:343,0
DA:344,0
DA:345,0
DA:348,0
DA:363,0
DA:367,0
DA:378,0
DA:384,0
DA:388,0
DA:399,0
DA:419,0
DA:420,0
DA:421,0
DA:422,0
DA:438,0
DA:447,0
DA:452,0
DA:460,0
DA:468,0
DA:481,0
DA:487,0
DA:494,0
DA:502,0
DA:513,0
DA:530,0
LF:112
LH:0
BRDA:222,0,0,0
BRDA:222,0,1,0
BRDA:234,1,0,0
BRDA:234,1,1,0
BRDA:242,2,0,0
BRDA:242,2,1,0
BRDA:244,3,0,0
BRDA:244,3,1,0
BRDA:258,4,0,0
BRDA:258,4,1,0
BRDA:269,5,0,0
BRDA:269,5,1,0
BRDA:273,6,0,0
BRDA:273,6,1,0
BRDA:277,7,0,0
BRDA:277,7,1,0
BRDA:284,8,0,0
BRDA:284,8,1,0
BRDA:284,9,0,0
BRDA:284,9,1,0
BRDA:299,10,0,0
BRDA:299,10,1,0
BRDA:303,11,0,0
BRDA:303,11,1,0
BRDA:310,12,0,0
BRDA:310,12,1,0
BRDA:325,13,0,0
BRDA:325,13,1,0
BRDA:328,14,0,0
BRDA:328,14,1,0
BRDA:340,15,0,0
BRDA:340,15,1,0
BRDA:344,16,0,0
BRDA:344,16,1,0
BRDA:345,17,0,0
BRDA:345,17,1,0
BRDA:374,18,0,0
BRDA:374,18,1,0
BRDA:380,19,0,0
BRDA:380,19,1,0
BRDA:383,20,0,0
BRDA:383,20,1,0
BRDA:387,21,0,0
BRDA:387,21,1,0
BRDA:398,22,0,0
BRDA:398,22,1,0
BRDA:400,23,0,0
BRDA:400,23,1,0
BRDA:400,23,2,0
BRDA:409,24,0,0
BRDA:409,24,1,0
BRDA:410,25,0,0
BRDA:410,25,1,0
BRDA:413,26,0,0
BRDA:413,26,1,0
BRDA:414,27,0,0
BRDA:414,27,1,0
BRDA:432,28,0,0
BRDA:432,28,1,0
BRDA:432,28,2,0
BRDA:453,29,0,0
BRDA:453,29,1,0
BRDA:484,30,0,0
BRDA:484,30,1,0
BRDA:489,31,0,0
BRDA:489,31,1,0
BRDA:492,32,0,0
BRDA:492,32,1,0
BRDA:501,33,0,0
BRDA:501,33,1,0
BRDA:511,34,0,0
BRDA:511,34,1,0
BRDA:518,35,0,0
BRDA:518,35,1,0
BRDA:518,35,2,0
BRDA:528,36,0,0
BRDA:528,36,1,0
BRF:77
BRH:0
end_of_record
TN:
SF:src\views\nodes\NodeList.tsx
FN:2,NodeList
FN:22,(anonymous_1)
FNF:2
FNH:0
FNDA:0,NodeList
FNDA:0,(anonymous_1)
DA:3,0
DA:8,0
DA:23,0
LF:3
LH:0
BRF:0
BRH:0
end_of_record
TN:
SF:src\views\sample-page\SamplePage.tsx
FN:7,(anonymous_0)
FNF:1
FNH:0
FNDA:0,(anonymous_0)
DA:7,0
DA:8,0
LF:2
LH:0
BRF:0
BRH:0
end_of_record
TN:
SF:src\views\shadows\Shadow.tsx
FN:4,(anonymous_0)
FNF:1
FNH:0
FNDA:0,(anonymous_0)
DA:4,0
DA:5,0
LF:2
LH:0
BRF:0
BRH:0
end_of_record
TN:
SF:src\views\spinner\Spinner.tsx
FN:4,(anonymous_0)
FNF:1
FNH:0
FNDA:0,(anonymous_0)
DA:4,0
DA:5,0
LF:2
LH:0
BRF:0
BRH:0
end_of_record
TN:
SF:src\views\tables\Table.tsx
FN:4,(anonymous_0)
FNF:1
FNH:0
FNDA:0,(anonymous_0)
DA:4,0
DA:5,0
LF:2
LH:0
BRF:0
BRH:0
end_of_record
TN:
SF:src\views\typography\Typography.tsx
FN:4,(anonymous_0)
FNF:1
FNH:0
FNDA:0,(anonymous_0)
DA:4,0
DA:5,0
LF:2
LH:0
BRF:0
BRH:0
end_of_record
TN:
SF:src\views\visualize-graph\NeoGraph.tsx
FN:26,(anonymous_0)
FN:37,(anonymous_1)
FN:103,(anonymous_2)
FN:108,(anonymous_3)
FN:136,(anonymous_4)
FNF:5
FNH:0
FNDA:0,(anonymous_0)
FNDA:0,(anonymous_1)
FNDA:0,(anonymous_2)
FNDA:0,(anonymous_3)
FNDA:0,(anonymous_4)
DA:26,0
DA:35,0
DA:37,0
DA:38,0
DA:100,0
DA:103,0
DA:104,0
DA:105,0
DA:108,0
DA:109,0
DA:113,0
DA:126,0
DA:136,0
DA:143,0
DA:144,0
DA:146,0
DA:147,0
DA:157,0
DA:167,0
LF:19
LH:0
BRDA:27,0,0,0
BRDA:28,1,0,0
BRDA:30,2,0,0
BRDA:138,3,0,0
BRDA:146,4,0,0
BRDA:146,4,1,0
BRDA:146,5,0,0
BRDA:146,5,1,0
BRF:8
BRH:0
end_of_record
TN:
SF:src\views\visualize-graph\VisualizeGraph.tsx
FN:4,(anonymous_0)
FN:7,(anonymous_1)
FN:20,(anonymous_2)
FN:29,(anonymous_3)
FN:38,(anonymous_4)
FN:47,(anonymous_5)
FN:56,(anonymous_6)
FN:65,(anonymous_7)
FN:74,(anonymous_8)
FN:83,(anonymous_9)
FN:95,(anonymous_10)
FN:99,(anonymous_11)
FN:120,(anonymous_12)
FN:124,(anonymous_13)
FN:143,(anonymous_14)
FN:147,(anonymous_15)
FN:166,(anonymous_16)
FN:170,(anonymous_17)
FN:189,(anonymous_18)
FN:193,(anonymous_19)
FN:212,(anonymous_20)
FN:216,(anonymous_21)
FN:235,(anonymous_22)
FN:239,(anonymous_23)
FN:258,(anonymous_24)
FN:262,(anonymous_25)
FN:281,(anonymous_26)
FN:285,(anonymous_27)
FN:350,(anonymous_28)
FN:353,(anonymous_29)
FN:371,(anonymous_30)
FN:374,(anonymous_31)
FN:379,(anonymous_32)
FNF:33
FNH:0
FNDA:0,(anonymous_0)
FNDA:0,(anonymous_1)
FNDA:0,(anonymous_2)
FNDA:0,(anonymous_3)
FNDA:0,(anonymous_4)
FNDA:0,(anonymous_5)
FNDA:0,(anonymous_6)
FNDA:0,(anonymous_7)
FNDA:0,(anonymous_8)
FNDA:0,(anonymous_9)
FNDA:0,(anonymous_10)
FNDA:0,(anonymous_11)
FNDA:0,(anonymous_12)
FNDA:0,(anonymous_13)
FNDA:0,(anonymous_14)
FNDA:0,(anonymous_15)
FNDA:0,(anonymous_16)
FNDA:0,(anonymous_17)
FNDA:0,(anonymous_18)
FNDA:0,(anonymous_19)
FNDA:0,(anonymous_20)
FNDA:0,(anonymous_21)
FNDA:0,(anonymous_22)
FNDA:0,(anonymous_23)
FNDA:0,(anonymous_24)
FNDA:0,(anonymous_25)
FNDA:0,(anonymous_26)
FNDA:0,(anonymous_27)
FNDA:0,(anonymous_28)
FNDA:0,(anonymous_29)
FNDA:0,(anonymous_30)
FNDA:0,(anonymous_31)
FNDA:0,(anonymous_32)
DA:4,0
DA:5,0
DA:7,0
DA:8,0
DA:21,0
DA:22,0
DA:30,0
DA:31,0
DA:39,0
DA:40,0
DA:48,0
DA:49,0
DA:57,0
DA:58,0
DA:66,0
DA:67,0
DA:75,0
DA:76,0
DA:84,0
DA:85,0
DA:96,0
DA:97,0
DA:101,0
DA:102,0
DA:105,0
DA:106,0
DA:108,0
DA:109,0
DA:110,0
DA:112,0
DA:121,0
DA:122,0
DA:125,0
DA:126,0
DA:128,0
DA:129,0
DA:131,0
DA:132,0
DA:133,0
DA:135,0
DA:144,0
DA:145,0
DA:148,0
DA:149,0
DA:151,0
DA:152,0
DA:154,0
DA:155,0
DA:156,0
DA:158,0
DA:167,0
DA:168,0
DA:171,0
DA:172,0
DA:174,0
DA:175,0
DA:177,0
DA:178,0
DA:179,0
DA:181,0
DA:190,0
DA:191,0
DA:194,0
DA:195,0
DA:197,0
DA:198,0
DA:200,0
DA:201,0
DA:202,0
DA:204,0
DA:213,0
DA:214,0
DA:217,0
DA:218,0
DA:220,0
DA:221,0
DA:223,0
DA:224,0
DA:225,0
DA:227,0
DA:236,0
DA:237,0
DA:240,0
DA:241,0
DA:243,0
DA:244,0
DA:246,0
DA:247,0
DA:248,0
DA:250,0
DA:259,0
DA:260,0
DA:263,0
DA:264,0
DA:266,0
DA:267,0
DA:269,0
DA:270,0
DA:271,0
DA:273,0
DA:282,0
DA:283,0
DA:286,0
DA:287,0
DA:289,0
DA:290,0
DA:292,0
DA:293,0
DA:294,0
DA:296,0
DA:347,0
DA:350,0
DA:351,0
DA:352,0
DA:353,0
DA:354,0
DA:355,0
DA:368,0
DA:369,0
DA:371,0
DA:372,0
DA:373,0
DA:374,0
DA:375,0
DA:379,0
DA:380,0
DA:381,0
DA:386,0
LF:128
LH:0
BRDA:22,0,0,0
BRDA:22,0,1,0
BRDA:31,1,0,0
BRDA:31,1,1,0
BRDA:40,2,0,0
BRDA:40,2,1,0
BRDA:49,3,0,0
BRDA:49,3,1,0
BRDA:58,4,0,0
BRDA:58,4,1,0
BRDA:67,5,0,0
BRDA:67,5,1,0
BRDA:76,6,0,0
BRDA:76,6,1,0
BRDA:85,7,0,0
BRDA:85,7,1,0
BRDA:97,8,0,0
BRDA:97,8,1,0
BRDA:101,9,0,0
BRDA:101,9,1,0
BRDA:105,10,0,0
BRDA:105,10,1,0
BRDA:105,11,0,0
BRDA:105,11,1,0
BRDA:105,11,2,0
BRDA:105,11,3,0
BRDA:106,12,0,0
BRDA:106,12,1,0
BRDA:108,13,0,0
BRDA:108,13,1,0
BRDA:110,14,0,0
BRDA:110,14,1,0
BRDA:112,15,0,0
BRDA:112,15,1,0
BRDA:112,15,2,0
BRDA:122,16,0,0
BRDA:122,16,1,0
BRDA:125,17,0,0
BRDA:125,17,1,0
BRDA:128,18,0,0
BRDA:128,18,1,0
BRDA:128,19,0,0
BRDA:128,19,1,0
BRDA:128,19,2,0
BRDA:128,19,3,0
BRDA:129,20,0,0
BRDA:129,20,1,0
BRDA:131,21,0,0
BRDA:131,21,1,0
BRDA:133,22,0,0
BRDA:133,22,1,0
BRDA:135,23,0,0
BRDA:135,23,1,0
BRDA:135,23,2,0
BRDA:145,24,0,0
BRDA:145,24,1,0
BRDA:148,25,0,0
BRDA:148,25,1,0
BRDA:151,26,0,0
BRDA:151,26,1,0
BRDA:151,27,0,0
BRDA:151,27,1,0
BRDA:151,27,2,0
BRDA:151,27,3,0
BRDA:152,28,0,0
BRDA:152,28,1,0
BRDA:154,29,0,0
BRDA:154,29,1,0
BRDA:156,30,0,0
BRDA:156,30,1,0
BRDA:158,31,0,0
BRDA:158,31,1,0
BRDA:158,31,2,0
BRDA:168,32,0,0
BRDA:168,32,1,0
BRDA:171,33,0,0
BRDA:171,33,1,0
BRDA:174,34,0,0
BRDA:174,34,1,0
BRDA:174,35,0,0
BRDA:174,35,1,0
BRDA:174,35,2,0
BRDA:174,35,3,0
BRDA:175,36,0,0
BRDA:175,36,1,0
BRDA:177,37,0,0
BRDA:177,37,1,0
BRDA:179,38,0,0
BRDA:179,38,1,0
BRDA:181,39,0,0
BRDA:181,39,1,0
BRDA:181,39,2,0
BRDA:191,40,0,0
BRDA:191,40,1,0
BRDA:194,41,0,0
BRDA:194,41,1,0
BRDA:197,42,0,0
BRDA:197,42,1,0
BRDA:197,43,0,0
BRDA:197,43,1,0
BRDA:197,43,2,0
BRDA:197,43,3,0
BRDA:198,44,0,0
BRDA:198,44,1,0
BRDA:200,45,0,0
BRDA:200,45,1,0
BRDA:202,46,0,0
BRDA:202,46,1,0
BRDA:204,47,0,0
BRDA:204,47,1,0
BRDA:204,47,2,0
BRDA:214,48,0,0
BRDA:214,48,1,0
BRDA:217,49,0,0
BRDA:217,49,1,0
BRDA:220,50,0,0
BRDA:220,50,1,0
BRDA:220,51,0,0
BRDA:220,51,1,0
BRDA:220,51,2,0
BRDA:220,51,3,0
BRDA:221,52,0,0
BRDA:221,52,1,0
BRDA:223,53,0,0
BRDA:223,53,1,0
BRDA:225,54,0,0
BRDA:225,54,1,0
BRDA:227,55,0,0
BRDA:227,55,1,0
BRDA:227,55,2,0
BRDA:237,56,0,0
BRDA:237,56,1,0
BRDA:240,57,0,0
BRDA:240,57,1,0
BRDA:243,58,0,0
BRDA:243,58,1,0
BRDA:243,59,0,0
BRDA:243,59,1,0
BRDA:243,59,2,0
BRDA:243,59,3,0
BRDA:244,60,0,0
BRDA:244,60,1,0
BRDA:246,61,0,0
BRDA:246,61,1,0
BRDA:248,62,0,0
BRDA:248,62,1,0
BRDA:250,63,0,0
BRDA:250,63,1,0
BRDA:250,63,2,0
BRDA:260,64,0,0
BRDA:260,64,1,0
BRDA:263,65,0,0
BRDA:263,65,1,0
BRDA:266,66,0,0
BRDA:266,66,1,0
BRDA:266,67,0,0
BRDA:266,67,1,0
BRDA:266,67,2,0
BRDA:266,67,3,0
BRDA:267,68,0,0
BRDA:267,68,1,0
BRDA:269,69,0,0
BRDA:269,69,1,0
BRDA:271,70,0,0
BRDA:271,70,1,0
BRDA:273,71,0,0
BRDA:273,71,1,0
BRDA:273,71,2,0
BRDA:283,72,0,0
BRDA:283,72,1,0
BRDA:286,73,0,0
BRDA:286,73,1,0
BRDA:289,74,0,0
BRDA:289,74,1,0
BRDA:289,75,0,0
BRDA:289,75,1,0
BRDA:289,75,2,0
BRDA:289,75,3,0
BRDA:290,76,0,0
BRDA:290,76,1,0
BRDA:292,77,0,0
BRDA:292,77,1,0
BRDA:294,78,0,0
BRDA:294,78,1,0
BRDA:296,79,0,0
BRDA:296,79,1,0
BRDA:296,79,2,0
BRDA:352,80,0,0
BRDA:352,80,1,0
BRDA:380,81,0,0
BRDA:380,81,1,0
BRF:191
BRH:0
end_of_record
TN:
SF:src\views\visualize-graph\useResizeObserver.ts
FN:8,(anonymous_0)
FN:11,(anonymous_1)
FN:15,(anonymous_2)
FN:23,(anonymous_3)
FNF:4
FNH:0
FNDA:0,(anonymous_0)
FNDA:0,(anonymous_1)
FNDA:0,(anonymous_2)
FNDA:0,(anonymous_3)
DA:8,0
DA:9,0
DA:11,0
DA:12,0
DA:13,0
DA:15,0
DA:16,0
DA:17,0
DA:20,0
DA:23,0
DA:24,0
DA:25,0
DA:29,0
LF:13
LH:0
BRDA:13,0,0,0
BRDA:13,0,1,0
BRF:2
BRH:0
end_of_record
